============================================================
  Generated by:           Genus(TM) Synthesis Solution 20.10-p001_1
  Generated on:           Nov 28 2024  10:40:14 pm
  Module:                 UART
  Technology library:     fast_vdd1v0 1.0
  Operating conditions:   PVT_1P1V_0C (balanced_tree)
  Wireload mode:          enclosed
  Area mode:              timing library
============================================================

        Instance                 Module           Cell Count  Cell Area  Net Area   Total Area   Wireload  
-----------------------------------------------------------------------------------------------------------
UART                                                     301    822.168     0.000      822.168 <none> (D)  
  U0_UART_RX            UART_RX                          225    556.434     0.000      556.434 <none> (D)  
    U0_data_sampling    data_sampling                     51    108.414     0.000      108.414 <none> (D)  
    U0_deserializer     deserializer_DATA_WIDTH8          36    129.960     0.000      129.960 <none> (D)  
    U0_edge_bit_counter edge_bit_counter                  58    143.640     0.000      143.640 <none> (D)  
    U0_par_chk          par_chk_DATA_WIDTH8               11     33.858     0.000       33.858 <none> (D)  
    U0_stp_chk          stp_chk                            2     11.970     0.000       11.970 <none> (D)  
    U0_strt_chk         strt_chk                           1      8.208     0.000        8.208 <none> (D)  
    U0_uart_fsm         uart_rx_fsm_DATA_WIDTH8           66    120.384     0.000      120.384 <none> (D)  
  U0_UART_TX            UART_TX_DATA_WIDTH8               76    265.734     0.000      265.734 <none> (D)  
    U0_Serializer       Serializer_WIDTH8                 36    111.150     0.000      111.150 <none> (D)  
    U0_fsm              uart_tx_fsm                       19     47.196     0.000       47.196 <none> (D)  
    U0_mux              mux                                3     12.996     0.000       12.996 <none> (D)  
    U0_parity_calc      parity_calc_WIDTH8                18     94.392     0.000       94.392 <none> (D)  
  (D) = wireload is default in technology library
