Power Unit: W
PDB Frame : /stim#0/frame#0
--------------------------------------------------------------------------------------------------------
Cells Pct_cells     Leakage    Internal   Switching       Total Lvl Instance                            
--------------------------------------------------------------------------------------------------------
  301   100.00% 3.81785e-07 1.55841e-04 7.15908e-05 2.27813e-04   0 /UART                               
  225    74.75% 2.61778e-07 8.09417e-05 4.73768e-05 1.28580e-04   1 /UART/U0_UART_RX                    
   36    11.96% 5.51344e-08 2.07138e-05 2.64529e-05 4.72219e-05   2 /UART/U0_UART_RX/U0_deserializer    
   58    19.27% 6.58097e-08 2.48570e-05 3.72043e-06 2.86433e-05   2 /UART/U0_UART_RX/U0_edge_bit_counter
   51    16.94% 5.54253e-08 1.38805e-05 2.02729e-06 1.59632e-05   2 /UART/U0_UART_RX/U0_data_sampling   
   66    21.93% 5.34678e-08 1.19530e-05 2.67264e-06 1.46791e-05   2 /UART/U0_UART_RX/U0_uart_fsm        
   11     3.65% 2.23372e-08 4.22719e-06 8.18139e-06 1.24309e-05   2 /UART/U0_UART_RX/U0_par_chk         
    2     0.66% 6.10120e-09 2.23820e-06 4.22916e-06 6.47346e-06   2 /UART/U0_UART_RX/U0_stp_chk         
    1     0.33% 3.50228e-09 3.07199e-06 9.29132e-08 3.16840e-06   2 /UART/U0_UART_RX/U0_strt_chk        
   76    25.25% 1.20007e-07 7.48991e-05 1.47325e-05 8.97517e-05   1 /UART/U0_UART_TX                    
   36    11.96% 4.66054e-08 3.03781e-05 2.24786e-06 3.26725e-05   2 /UART/U0_UART_TX/U0_Serializer      
   18     5.98% 4.72445e-08 2.99218e-05 1.79250e-06 3.17615e-05   2 /UART/U0_UART_TX/U0_parity_calc     
   19     6.31% 2.13252e-08 1.12868e-05 1.57156e-06 1.28796e-05   2 /UART/U0_UART_TX/U0_fsm             
    3     1.00% 4.83171e-09 3.31253e-06 9.12062e-06 1.24380e-05   2 /UART/U0_UART_TX/U0_mux             
--------------------------------------------------------------------------------------------------------
