Power Unit: W
PDB Frame : /stim#0/frame#0
--------------------------------------------------------------------------------------------------------
Cells Pct_cells     Leakage    Internal   Switching       Total Lvl Instance                            
--------------------------------------------------------------------------------------------------------
  303   100.00% 1.06067e-07 8.99681e-05 4.07172e-05 1.30791e-04   0 /UART                               
  226    74.59% 7.32672e-08 4.80502e-05 2.88395e-05 7.69629e-05   1 /UART/U0_UART_RX                    
   28     9.24% 2.44793e-08 1.33409e-05 1.71614e-05 3.05269e-05   2 /UART/U0_UART_RX/U0_deserializer    
   56    18.48% 1.52685e-08 1.40768e-05 1.46016e-06 1.55523e-05   2 /UART/U0_UART_RX/U0_edge_bit_counter
   54    17.82% 1.14262e-08 8.00452e-06 1.07979e-06 9.09574e-06   2 /UART/U0_UART_RX/U0_data_sampling   
   73    24.09% 1.29802e-08 6.32121e-06 1.15875e-06 7.49294e-06   2 /UART/U0_UART_RX/U0_uart_fsm        
   10     3.30% 4.24290e-09 2.47381e-06 1.84784e-07 2.66283e-06   2 /UART/U0_UART_RX/U0_par_chk         
    1     0.33% 8.98081e-10 1.71640e-06 4.18602e-08 1.75916e-06   2 /UART/U0_UART_RX/U0_strt_chk        
    2     0.66% 9.85915e-10 1.41674e-06 5.32503e-08 1.47097e-06   2 /UART/U0_UART_RX/U0_stp_chk         
   77    25.41% 3.27998e-08 4.19179e-05 7.60740e-06 4.95582e-05   1 /UART/U0_UART_TX                    
   18     5.94% 1.17214e-08 1.72799e-05 8.34422e-07 1.81260e-05   2 /UART/U0_UART_TX/U0_parity_calc     
   36    11.88% 1.26588e-08 1.64006e-05 8.52834e-07 1.72660e-05   2 /UART/U0_UART_TX/U0_Serializer      
    3     0.99% 2.76338e-09 2.12685e-06 5.31458e-06 7.44419e-06   2 /UART/U0_UART_TX/U0_mux             
   20     6.60% 5.65630e-09 6.11066e-06 6.05570e-07 6.72189e-06   2 /UART/U0_UART_TX/U0_fsm             
--------------------------------------------------------------------------------------------------------
