============================================================
  Generated by:           Genus(TM) Synthesis Solution 20.10-p001_1
  Generated on:           Nov 28 2024  10:40:48 pm
  Module:                 UART
  Technology library:     slow_vdd1v0 1.0
  Operating conditions:   PVT_0P9V_125C (balanced_tree)
  Wireload mode:          enclosed
  Area mode:              timing library
============================================================

        Instance                 Module           Cell Count  Cell Area  Net Area   Total Area   Wireload  
-----------------------------------------------------------------------------------------------------------
UART                                                     303    844.740     0.000      844.740 <none> (D)  
  U0_UART_RX            UART_RX                          226    577.638     0.000      577.638 <none> (D)  
    U0_data_sampling    data_sampling                     54    111.150     0.000      111.150 <none> (D)  
    U0_deserializer     deserializer_DATA_WIDTH8          28    141.930     0.000      141.930 <none> (D)  
    U0_edge_bit_counter edge_bit_counter                  56    142.956     0.000      142.956 <none> (D)  
    U0_par_chk          par_chk_DATA_WIDTH8               10     30.096     0.000       30.096 <none> (D)  
    U0_stp_chk          stp_chk                            2      8.892     0.000        8.892 <none> (D)  
    U0_strt_chk         strt_chk                           1      8.208     0.000        8.208 <none> (D)  
    U0_uart_fsm         uart_rx_fsm_DATA_WIDTH8           73    126.882     0.000      126.882 <none> (D)  
  U0_UART_TX            UART_TX_DATA_WIDTH8               77    267.102     0.000      267.102 <none> (D)  
    U0_Serializer       Serializer_WIDTH8                 36    111.150     0.000      111.150 <none> (D)  
    U0_fsm              uart_tx_fsm                       20     46.854     0.000       46.854 <none> (D)  
    U0_mux              mux                                3     14.706     0.000       14.706 <none> (D)  
    U0_parity_calc      parity_calc_WIDTH8                18     94.392     0.000       94.392 <none> (D)  
  (D) = wireload is default in technology library
