============================================================
  Generated by:           Genus(TM) Synthesis Solution 20.10-p001_1
  Generated on:           Nov 28 2024  12:41:10 pm
  Module:                 UART
  Technology library:     slow_vdd1v0 1.0
  Operating conditions:   PVT_0P9V_125C (balanced_tree)
  Wireload mode:          enclosed
  Area mode:              timing library
============================================================

        Instance                 Module           Cell Count  Cell Area  Net Area   Total Area   Wireload  
-----------------------------------------------------------------------------------------------------------
UART                                                     307    836.874     0.000      836.874 <none> (D)  
  U0_UART_RX            UART_RX                          229    569.430     0.000      569.430 <none> (D)  
    U0_data_sampling    data_sampling                     48     97.812     0.000       97.812 <none> (D)  
    U0_deserializer     deserializer_DATA_WIDTH8          36    141.246     0.000      141.246 <none> (D)  
    U0_edge_bit_counter edge_bit_counter                  58    142.614     0.000      142.614 <none> (D)  
    U0_par_chk          par_chk_DATA_WIDTH8               10     30.096     0.000       30.096 <none> (D)  
    U0_stp_chk          stp_chk                            2      8.892     0.000        8.892 <none> (D)  
    U0_strt_chk         strt_chk                           1      8.208     0.000        8.208 <none> (D)  
    U0_uart_fsm         uart_rx_fsm_DATA_WIDTH8           72    130.302     0.000      130.302 <none> (D)  
  U0_UART_TX            UART_TX_DATA_WIDTH8               78    267.444     0.000      267.444 <none> (D)  
    U0_Serializer       Serializer_WIDTH8                 36    111.150     0.000      111.150 <none> (D)  
    U0_fsm              uart_tx_fsm                       20     47.538     0.000       47.538 <none> (D)  
    U0_mux              mux                                4     14.364     0.000       14.364 <none> (D)  
    U0_parity_calc      parity_calc_WIDTH8                18     94.392     0.000       94.392 <none> (D)  
  (D) = wireload is default in technology library
