Power Unit: W
PDB Frame : /stim#0/frame#0
--------------------------------------------------------------------------------------------------------
Cells Pct_cells     Leakage    Internal   Switching       Total Lvl Instance                            
--------------------------------------------------------------------------------------------------------
  307   100.00% 2.02910e-08 2.26761e-05 1.06878e-05 3.33842e-05   0 /UART                               
  229    74.59% 1.41874e-08 1.18250e-05 7.37554e-06 1.92148e-05   1 /UART/U0_UART_RX                    
   36    11.73% 4.99086e-09 3.48629e-06 4.37263e-06 7.86391e-06   2 /UART/U0_UART_RX/U0_deserializer    
   58    18.89% 2.82230e-09 3.30611e-06 4.36082e-07 3.74501e-06   2 /UART/U0_UART_RX/U0_edge_bit_counter
   48    15.64% 1.92116e-09 1.84393e-06 2.22320e-07 2.06817e-06   2 /UART/U0_UART_RX/U0_data_sampling   
   72    23.45% 2.62386e-09 1.53097e-06 3.04102e-07 1.83770e-06   2 /UART/U0_UART_RX/U0_uart_fsm        
   10     3.26% 7.32533e-10 6.09885e-07 4.69552e-08 6.57573e-07   2 /UART/U0_UART_RX/U0_par_chk         
    1     0.33% 1.71789e-10 4.20990e-07 9.56750e-09 4.30729e-07   2 /UART/U0_UART_RX/U0_strt_chk        
    2     0.65% 1.95798e-10 3.56284e-07 1.59275e-08 3.72407e-07   2 /UART/U0_UART_RX/U0_stp_chk         
   78    25.41% 6.10363e-09 1.08510e-05 2.25605e-06 1.31132e-05   1 /UART/U0_UART_TX                    
   36    11.73% 2.39716e-09 4.37252e-06 2.64697e-07 4.63961e-06   2 /UART/U0_UART_TX/U0_Serializer      
   18     5.86% 2.12311e-09 4.37088e-06 2.08846e-07 4.58184e-06   2 /UART/U0_UART_TX/U0_parity_calc     
    4     1.30% 5.09504e-10 4.63892e-07 1.58757e-06 2.05197e-06   2 /UART/U0_UART_TX/U0_mux             
   20     6.51% 1.07386e-09 1.64376e-06 1.94938e-07 1.83977e-06   2 /UART/U0_UART_TX/U0_fsm             
--------------------------------------------------------------------------------------------------------
