Power Unit: W
PDB Frame : /stim#0/frame#0
--------------------------------------------------------------------------------------------------------
Cells Pct_cells     Leakage    Internal   Switching       Total Lvl Instance                            
--------------------------------------------------------------------------------------------------------
  306   100.00% 4.94045e-08 3.48202e-05 1.76226e-05 5.24922e-05   0 /UART                               
  230    75.16% 3.29853e-08 1.80012e-05 1.17765e-05 2.98106e-05   1 /UART/U0_UART_RX                    
   36    11.76% 7.45875e-09 4.59678e-06 6.60511e-06 1.12093e-05   2 /UART/U0_UART_RX/U0_deserializer    
   58    18.95% 8.47189e-09 5.58000e-06 8.82771e-07 6.47124e-06   2 /UART/U0_UART_RX/U0_edge_bit_counter
   49    16.01% 6.03444e-09 3.05817e-06 4.71869e-07 3.53607e-06   2 /UART/U0_UART_RX/U0_data_sampling   
   73    23.86% 7.35839e-09 2.61854e-06 6.60197e-07 3.28609e-06   2 /UART/U0_UART_RX/U0_uart_fsm        
   11     3.59% 2.31452e-09 9.52395e-07 2.07223e-06 3.02694e-06   2 /UART/U0_UART_RX/U0_par_chk         
    2     0.65% 8.41769e-10 4.94510e-07 1.06046e-06 1.55581e-06   2 /UART/U0_UART_RX/U0_stp_chk         
    1     0.33% 5.05533e-10 7.00794e-07 2.38266e-08 7.25126e-07   2 /UART/U0_UART_RX/U0_strt_chk        
   76    24.84% 1.64192e-08 1.68190e-05 3.53628e-06 2.03717e-05   1 /UART/U0_UART_TX                    
   18     5.88% 6.05445e-09 6.78439e-06 4.30385e-07 7.22083e-06   2 /UART/U0_UART_TX/U0_parity_calc     
   36    11.76% 6.71314e-09 6.73124e-06 4.68679e-07 7.20663e-06   2 /UART/U0_UART_TX/U0_Serializer      
    3     0.98% 7.73609e-10 7.55027e-07 2.27459e-06 3.03039e-06   2 /UART/U0_UART_TX/U0_mux             
   19     6.21% 2.87802e-09 2.54835e-06 3.62621e-07 2.91385e-06   2 /UART/U0_UART_TX/U0_fsm             
--------------------------------------------------------------------------------------------------------
