Power Unit: W
PDB Frame : /stim#0/frame#0
--------------------------------------------------------------------------------------------------------
Cells Pct_cells     Leakage    Internal   Switching       Total Lvl Instance                            
--------------------------------------------------------------------------------------------------------
  303   100.00% 5.29625e-08 3.09860e-05 1.61540e-05 4.71930e-05   0 /UART                               
  227    74.92% 3.61705e-08 1.65715e-05 1.13520e-05 2.79597e-05   1 /UART/U0_UART_RX                    
   28     9.24% 9.86515e-09 4.46780e-06 6.56152e-06 1.10392e-05   2 /UART/U0_UART_RX/U0_deserializer    
   63    20.79% 8.54228e-09 5.07022e-06 6.59074e-07 5.73784e-06   2 /UART/U0_UART_RX/U0_edge_bit_counter
   10     3.30% 2.38078e-09 1.00783e-06 2.04722e-06 3.05743e-06   2 /UART/U0_UART_RX/U0_par_chk         
   49    16.17% 6.00814e-09 2.58869e-06 3.68052e-07 2.96275e-06   2 /UART/U0_UART_RX/U0_data_sampling   
   74    24.42% 7.81899e-09 2.26600e-06 5.45117e-07 2.81893e-06   2 /UART/U0_UART_RX/U0_uart_fsm        
    2     0.66% 1.01390e-09 5.74182e-07 1.15117e-06 1.72636e-06   2 /UART/U0_UART_RX/U0_stp_chk         
    1     0.33% 5.41308e-10 5.96771e-07 1.98555e-08 6.17167e-07   2 /UART/U0_UART_RX/U0_strt_chk        
   76    25.08% 1.67919e-08 1.44145e-05 3.23507e-06 1.76664e-05   1 /UART/U0_UART_TX                    
   36    11.88% 7.12249e-09 5.73167e-06 3.72778e-07 6.11157e-06   2 /UART/U0_UART_TX/U0_Serializer      
   18     5.94% 5.88839e-09 5.79047e-06 3.13073e-07 6.10943e-06   2 /UART/U0_UART_TX/U0_parity_calc     
    3     0.99% 1.01635e-09 7.36387e-07 2.27131e-06 3.00871e-06   2 /UART/U0_UART_TX/U0_mux             
   19     6.27% 2.76470e-09 2.15599e-06 2.77911e-07 2.43667e-06   2 /UART/U0_UART_TX/U0_fsm             
--------------------------------------------------------------------------------------------------------
