Power Unit: W
PDB Frame : /stim#0/frame#0
--------------------------------------------------------------------------------------------------------
Cells Pct_cells     Leakage    Internal   Switching       Total Lvl Instance                            
--------------------------------------------------------------------------------------------------------
  299   100.00% 1.04307e-07 2.31591e-05 1.09403e-05 3.42037e-05   0 /UART                               
  223    74.58% 7.15824e-08 1.22202e-05 7.67729e-06 1.99691e-05   1 /UART/U0_UART_RX                    
   28     9.36% 2.38683e-08 3.33994e-06 4.39835e-06 7.76215e-06   2 /UART/U0_UART_RX/U0_deserializer    
   58    19.40% 1.46390e-08 3.53715e-06 4.89443e-07 4.04124e-06   2 /UART/U0_UART_RX/U0_edge_bit_counter
   49    16.39% 1.03585e-08 1.94762e-06 2.63328e-07 2.22131e-06   2 /UART/U0_UART_RX/U0_data_sampling   
   10     3.34% 5.85136e-09 7.68176e-07 1.36930e-06 2.14332e-06   2 /UART/U0_UART_RX/U0_par_chk         
   75    25.08% 1.33673e-08 1.74352e-06 3.72955e-07 2.12985e-06   2 /UART/U0_UART_RX/U0_uart_fsm        
    2     0.67% 2.59514e-09 4.32685e-07 7.67925e-07 1.20321e-06   2 /UART/U0_UART_RX/U0_stp_chk         
    1     0.33% 9.02843e-10 4.51086e-07 1.59984e-08 4.67988e-07   2 /UART/U0_UART_RX/U0_strt_chk        
   76    25.42% 3.27249e-08 1.09389e-05 2.19951e-06 1.31711e-05   1 /UART/U0_UART_TX                    
   36    12.04% 1.26565e-08 4.38500e-06 2.67670e-07 4.66533e-06   2 /UART/U0_UART_TX/U0_Serializer      
   18     6.02% 1.17212e-08 4.35585e-06 2.13491e-07 4.58106e-06   2 /UART/U0_UART_TX/U0_parity_calc     
    3     1.00% 2.75184e-09 5.68828e-07 1.52047e-06 2.09205e-06   2 /UART/U0_UART_TX/U0_mux             
   19     6.35% 5.59540e-09 1.62923e-06 1.97879e-07 1.83270e-06   2 /UART/U0_UART_TX/U0_fsm             
--------------------------------------------------------------------------------------------------------
