============================================================
  Generated by:           Genus(TM) Synthesis Solution 20.10-p001_1
  Generated on:           Nov 28 2024  02:10:13 pm
  Module:                 UART
  Technology library:     slow_vdd1v0 1.0
  Operating conditions:   PVT_0P9V_125C (balanced_tree)
  Wireload mode:          enclosed
  Area mode:              timing library
============================================================

          Pin                    Type       Fanout Load Slew Delay Arrival   
                                                   (fF) (ps)  (ps)   (ps)    
-----------------------------------------------------------------------------
(clock TX_CLK)                launch                                     0 R 
(constraint.sdc_line_23)      ext delay                      +1000    1000 R 
parity_type                   in port            2  1.0  100    +0    1000 R 
U0_UART_TX/parity_type 
  U0_parity_calc/parity_type 
    g384__7482/B                                                +0    1000   
    g384__7482/Y              XNOR2X1LVT         1  0.4   18  +105    1105 F 
    g379__5115/B                                                +0    1105   
    g379__5115/Y              XNOR2X1LVT         1  0.5   19  +101    1206 R 
    g374__1881/B                                                +0    1206   
    g374__1881/Y              XNOR2X1LVT         1  0.4   17   +78    1284 F 
    g373__6131/B                                                +0    1284   
    g373__6131/Y              XNOR2X1LVT         1  0.5   19  +101    1385 R 
    g372__7098/B                                                +0    1385   
    g372__7098/Y              XNOR2X1LVT         1  0.4   17   +78    1464 F 
    g371__8246/B                                                +0    1464   
    g371__8246/Y              XNOR2X1LVT         1  0.5   19  +101    1565 R 
    g370__5122/B                                                +0    1565   
    g370__5122/Y              XNOR2X1LVT         1  0.4   17   +78    1643 F 
    g369__1705/B                                                +0    1643   
    g369__1705/Y              XNOR2X1LVT         1  0.4   17  +100    1743 R 
    parity_reg/SI        <<<  SDFFRHQX1LVT                      +0    1743   
    parity_reg/CK             setup                      100   +92    1835 R 
- - - - - - - - - - - - - - - - - - - - - - - - - - - - - - - - - - - - - - -
(clock TX_CLK)                capture                                10000 R 
                              uncertainty                      -10    9990 R 
-----------------------------------------------------------------------------
Cost Group   : 'TX_CLK' (path_group 'TX_CLK')
Timing slack :    8155ps 
Start-point  : parity_type
End-point    : U0_UART_TX/U0_parity_calc/parity_reg/SI

