============================================================
  Generated by:           Genus(TM) Synthesis Solution 20.10-p001_1
  Generated on:           Nov 21 2024  10:43:32 pm
  Module:                 UART
  Technology library:     slow_vdd1v0 1.0
  Operating conditions:   PVT_0P9V_125C (balanced_tree)
  Wireload mode:          enclosed
  Area mode:              timing library
============================================================

        Instance                 Module           Cell Count  Cell Area  Net Area   Total Area   Wireload  
-----------------------------------------------------------------------------------------------------------
UART                                                     299    835.164     0.000      835.164 <none> (D)  
  U0_UART_RX            UART_RX                          223    567.720     0.000      567.720 <none> (D)  
    U0_data_sampling    data_sampling                     49     98.154     0.000       98.154 <none> (D)  
    U0_deserializer     deserializer_DATA_WIDTH8          28    141.246     0.000      141.246 <none> (D)  
    U0_edge_bit_counter edge_bit_counter                  58    143.640     0.000      143.640 <none> (D)  
    U0_par_chk          par_chk_DATA_WIDTH8               10     35.226     0.000       35.226 <none> (D)  
    U0_stp_chk          stp_chk                            2     14.022     0.000       14.022 <none> (D)  
    U0_strt_chk         strt_chk                           1      8.208     0.000        8.208 <none> (D)  
    U0_uart_fsm         uart_rx_fsm_DATA_WIDTH8           75    127.224     0.000      127.224 <none> (D)  
  U0_UART_TX            UART_TX_DATA_WIDTH8               76    267.444     0.000      267.444 <none> (D)  
    U0_Serializer       Serializer_WIDTH8                 36    111.150     0.000      111.150 <none> (D)  
    U0_fsm              uart_tx_fsm                       19     47.196     0.000       47.196 <none> (D)  
    U0_mux              mux                                3     14.706     0.000       14.706 <none> (D)  
    U0_parity_calc      parity_calc_WIDTH8                18     94.392     0.000       94.392 <none> (D)  
  (D) = wireload is default in technology library
