Power Unit: W
PDB Frame : /stim#0/frame#0
--------------------------------------------------------------------------------------------------------
Cells Pct_cells     Leakage    Internal   Switching       Total Lvl Instance                            
--------------------------------------------------------------------------------------------------------
  312   100.00% 2.05880e-08 9.02676e-05 4.13586e-05 1.31647e-04   0 /UART                               
  234    75.00% 1.44929e-08 4.96785e-05 2.94454e-05 7.91384e-05   1 /UART/U0_UART_RX                    
   36    11.54% 5.03768e-09 1.40750e-05 1.73561e-05 3.14362e-05   2 /UART/U0_UART_RX/U0_deserializer    
   56    17.95% 2.90655e-09 1.41563e-05 1.60128e-06 1.57604e-05   2 /UART/U0_UART_RX/U0_edge_bit_counter
   53    16.99% 2.16644e-09 8.11319e-06 1.14883e-06 9.26419e-06   2 /UART/U0_UART_RX/U0_data_sampling   
   74    23.72% 2.55356e-09 6.61781e-06 1.16739e-06 7.78775e-06   2 /UART/U0_UART_RX/U0_uart_fsm        
   10     3.21% 7.32591e-10 2.49209e-06 1.97993e-07 2.69082e-06   2 /UART/U0_UART_RX/U0_par_chk         
    1     0.32% 1.71181e-10 1.72266e-06 4.21268e-08 1.76496e-06   2 /UART/U0_UART_RX/U0_strt_chk        
    2     0.64% 1.95730e-10 1.41932e-06 6.13349e-08 1.48085e-06   2 /UART/U0_UART_RX/U0_stp_chk         
   78    25.00% 6.09513e-09 4.05892e-05 7.62991e-06 4.82252e-05   1 /UART/U0_UART_TX                    
   36    11.54% 2.40443e-09 1.63310e-05 8.38303e-07 1.71717e-05   2 /UART/U0_UART_TX/U0_Serializer      
   18     5.77% 2.12323e-09 1.64001e-05 6.36742e-07 1.70390e-05   2 /UART/U0_UART_TX/U0_parity_calc     
    4     1.28% 5.09786e-10 1.72868e-06 5.54920e-06 7.27839e-06   2 /UART/U0_UART_TX/U0_mux             
   20     6.41% 1.05768e-09 6.12939e-06 6.05661e-07 6.73611e-06   2 /UART/U0_UART_TX/U0_fsm             
--------------------------------------------------------------------------------------------------------
