============================================================
  Generated by:           Genus(TM) Synthesis Solution 20.10-p001_1
  Generated on:           Nov 28 2024  10:38:27 pm
  Module:                 UART
  Technology library:     fast_vdd1v0 1.0
  Operating conditions:   PVT_1P1V_0C (balanced_tree)
  Wireload mode:          enclosed
  Area mode:              timing library
============================================================

        Instance                 Module           Cell Count  Cell Area  Net Area   Total Area   Wireload  
-----------------------------------------------------------------------------------------------------------
UART                                                     305    822.510     0.000      822.510 <none> (D)  
  U0_UART_RX            UART_RX                          228    556.776     0.000      556.776 <none> (D)  
    U0_data_sampling    data_sampling                     50    107.046     0.000      107.046 <none> (D)  
    U0_deserializer     deserializer_DATA_WIDTH8          36    130.302     0.000      130.302 <none> (D)  
    U0_edge_bit_counter edge_bit_counter                  58    143.640     0.000      143.640 <none> (D)  
    U0_par_chk          par_chk_DATA_WIDTH8               11     33.858     0.000       33.858 <none> (D)  
    U0_stp_chk          stp_chk                            2     11.970     0.000       11.970 <none> (D)  
    U0_strt_chk         strt_chk                           1      8.208     0.000        8.208 <none> (D)  
    U0_uart_fsm         uart_rx_fsm_DATA_WIDTH8           70    121.752     0.000      121.752 <none> (D)  
  U0_UART_TX            UART_TX_DATA_WIDTH8               77    265.734     0.000      265.734 <none> (D)  
    U0_Serializer       Serializer_WIDTH8                 36    111.150     0.000      111.150 <none> (D)  
    U0_fsm              uart_tx_fsm                       19     46.512     0.000       46.512 <none> (D)  
    U0_mux              mux                                3     12.996     0.000       12.996 <none> (D)  
    U0_parity_calc      parity_calc_WIDTH8                19     95.076     0.000       95.076 <none> (D)  
  (D) = wireload is default in technology library
