Power Unit: W
PDB Frame : /stim#0/frame#0
--------------------------------------------------------------------------------------------------------
Cells Pct_cells     Leakage    Internal   Switching       Total Lvl Instance                            
--------------------------------------------------------------------------------------------------------
  305   100.00% 5.01510e-08 1.37467e-04 6.83231e-05 2.05840e-04   0 /UART                               
  228    74.75% 3.37496e-08 7.29890e-05 4.70178e-05 1.20041e-04   1 /UART/U0_UART_RX                    
   36    11.80% 7.55700e-09 1.84660e-05 2.64309e-05 4.49044e-05   2 /UART/U0_UART_RX/U0_deserializer    
   58    19.02% 8.47179e-09 2.22017e-05 3.46439e-06 2.56746e-05   2 /UART/U0_UART_RX/U0_edge_bit_counter
   50    16.39% 6.63932e-09 1.26500e-05 1.86573e-06 1.45224e-05   2 /UART/U0_UART_RX/U0_data_sampling   
   70    22.95% 7.42094e-09 1.10880e-05 2.65841e-06 1.37539e-05   2 /UART/U0_UART_RX/U0_uart_fsm        
   11     3.61% 2.31467e-09 3.80180e-06 8.25634e-06 1.20605e-05   2 /UART/U0_UART_RX/U0_par_chk         
    2     0.66% 8.41770e-10 1.97779e-06 4.24043e-06 6.21905e-06   2 /UART/U0_UART_RX/U0_stp_chk         
    1     0.33% 5.04058e-10 2.80372e-06 1.01668e-07 2.90589e-06   2 /UART/U0_UART_RX/U0_strt_chk        
   77    25.25% 1.64015e-08 6.44775e-05 1.20560e-05 7.65499e-05   1 /UART/U0_UART_TX                    
   19     6.23% 6.10823e-09 2.66041e-05 1.69189e-06 2.83021e-05   2 /UART/U0_UART_TX/U0_parity_calc     
   36    11.80% 6.67651e-09 2.54510e-05 1.32159e-06 2.67792e-05   2 /UART/U0_UART_TX/U0_Serializer      
    3     0.98% 7.76801e-10 2.86095e-06 7.95033e-06 1.08121e-05   2 /UART/U0_UART_TX/U0_mux             
   19     6.23% 2.83995e-09 9.56151e-06 1.09220e-06 1.06565e-05   2 /UART/U0_UART_TX/U0_fsm             
--------------------------------------------------------------------------------------------------------
