============================================================
  Generated by:           Genus(TM) Synthesis Solution 20.10-p001_1
  Generated on:           Nov 28 2024  10:39:01 pm
  Module:                 UART
  Technology library:     fast_vdd1v0 1.0
  Operating conditions:   PVT_1P1V_0C (balanced_tree)
  Wireload mode:          enclosed
  Area mode:              timing library
============================================================

          Pin                    Type       Fanout Load Slew Delay Arrival   
                                                   (fF) (ps)  (ps)   (ps)    
-----------------------------------------------------------------------------
(clock TX_CLK)                launch                                     0 R 
(constraint.sdc_line_23)      ext delay                      +1000    1000 F 
parity_type                   in port            2  0.8  100    +0    1000 F 
U0_UART_TX/parity_type 
  U0_parity_calc/parity_type 
    g427__7410/B                                                +0    1000   
    g427__7410/Y              XNOR2X1HVT         1  0.4   10   +66    1066 F 
    g422__1666/B                                                +0    1066   
    g422__1666/Y              XNOR2X1HVT         1  0.5   10   +48    1114 R 
    g417__2346/B                                                +0    1114   
    g417__2346/Y              XNOR2X1HVT         1  0.4   10   +42    1156 F 
    g416__2883/B                                                +0    1156   
    g416__2883/Y              XNOR2X1HVT         1  0.5   10   +48    1203 R 
    g415__9945/B                                                +0    1203   
    g415__9945/Y              XNOR2X1HVT         1  0.4   10   +42    1245 F 
    g414__9315/B                                                +0    1245   
    g414__9315/Y              XNOR2X1HVT         1  0.5   10   +48    1293 R 
    g413__6161/B                                                +0    1293   
    g413__6161/Y              XNOR2X1HVT         1  0.4   10   +42    1334 F 
    g412__4733/B                                                +0    1334   
    g412__4733/Y              XNOR2X1HVT         1  0.4    9   +47    1381 R 
    parity_reg/SI        <<<  SDFFRHQX1HVT                      +0    1381   
    parity_reg/CK             setup                      100   +39    1420 R 
- - - - - - - - - - - - - - - - - - - - - - - - - - - - - - - - - - - - - - -
(clock TX_CLK)                capture                                 2500 R 
                              uncertainty                      -10    2490 R 
-----------------------------------------------------------------------------
Cost Group   : 'TX_CLK' (path_group 'TX_CLK')
Timing slack :    1070ps 
Start-point  : parity_type
End-point    : U0_UART_TX/U0_parity_calc/parity_reg/SI

