Power Unit: W
PDB Frame : /stim#0/frame#0
--------------------------------------------------------------------------------------------------------
Cells Pct_cells     Leakage    Internal   Switching       Total Lvl Instance                            
--------------------------------------------------------------------------------------------------------
  298   100.00% 5.26660e-08 1.21003e-04 5.95353e-05 1.80591e-04   0 /UART                               
  221    74.16% 3.60085e-08 6.54787e-05 4.23221e-05 1.07837e-04   1 /UART/U0_UART_RX                    
   27     9.06% 9.86394e-09 1.79260e-05 2.57182e-05 4.36541e-05   2 /UART/U0_UART_RX/U0_deserializer    
   60    20.13% 8.65128e-09 2.05604e-05 2.24611e-06 2.28152e-05   2 /UART/U0_UART_RX/U0_edge_bit_counter
   48    16.11% 6.01133e-09 1.02216e-05 1.15778e-06 1.13854e-05   2 /UART/U0_UART_RX/U0_data_sampling   
   10     3.36% 2.38341e-09 3.79208e-06 7.36841e-06 1.11629e-05   2 /UART/U0_UART_RX/U0_par_chk         
   73    24.50% 7.55508e-09 8.62500e-06 1.58696e-06 1.02195e-05   2 /UART/U0_UART_RX/U0_uart_fsm        
    2     0.67% 1.01400e-09 2.22108e-06 4.18952e-06 6.41161e-06   2 /UART/U0_UART_RX/U0_stp_chk         
    1     0.34% 5.29419e-10 2.13242e-06 5.50933e-08 2.18804e-06   2 /UART/U0_UART_RX/U0_strt_chk        
   77    25.84% 1.66576e-08 5.55243e-05 1.10084e-05 6.65493e-05   1 /UART/U0_UART_TX                    
   18     6.04% 5.88991e-09 2.29752e-05 1.22535e-06 2.42064e-05   2 /UART/U0_UART_TX/U0_parity_calc     
   36    12.08% 6.89359e-09 2.16948e-05 1.01192e-06 2.27137e-05   2 /UART/U0_UART_TX/U0_Serializer      
    3     1.01% 1.03656e-09 2.75972e-06 7.93906e-06 1.06998e-05   2 /UART/U0_UART_TX/U0_mux             
   20     6.71% 2.83752e-09 8.09458e-06 8.32041e-07 8.92946e-06   2 /UART/U0_UART_TX/U0_fsm             
--------------------------------------------------------------------------------------------------------
