============================================================
  Generated by:           Genus(TM) Synthesis Solution 20.10-p001_1
  Generated on:           Nov 21 2024  10:20:44 pm
  Module:                 b15
  Technology library:     slow_vdd1v0 1.0
  Operating conditions:   PVT_0P9V_125C (balanced_tree)
  Wireload mode:          enclosed
  Area mode:              timing library
============================================================

                    Pin                              Type       Fanout Load Slew Delay Arrival   
                                                                       (fF) (ps)  (ps)   (ps)    
-------------------------------------------------------------------------------------------------
(clock CLK)                                       launch                                     0 R 
InstQueueRd_Addr_reg[2]/CK                                                   100    +0       0 R 
InstQueueRd_Addr_reg[2]/Q                         SDFFRHQX1HVT       9  2.5   91  +446     446 R 
g85564/A                                                                            +0     446   
g85564/Y                                          INVX1HVT           8  2.5  143  +142     588 F 
drc_bufs57917/A                                                                     +0     588   
drc_bufs57917/Y                                   INVX2HVT          19  5.5  115  +142     729 R 
g57885/A                                                                            +0     729   
g57885/Y                                          INVX1HVT          18  5.2  268  +225     954 F 
g57873__5122/B                                                                      +0     954   
g57873__5122/Y                                    NOR2X1HVT          8  2.4  197  +273    1227 R 
g57743__2802/A1                                                                     +0    1227   
g57743__2802/Y                                    AOI222X1HVT        2  0.5  227  +315    1542 F 
g57700__6783/A1                                                                     +0    1542   
g57700__6783/Y                                    OAI22X1HVT         3  0.9  136  +224    1766 R 
g57677__5115/B                                                                      +0    1766   
g57677__5115/Y                                    CLKMX2X6HVT       70 22.5  223  +571    2337 R 
g57675/A                                                                            +0    2337   
g57675/Y                                          INVX1HVT          17  5.0  278  +299    2637 F 
g57652__7098/B                                                                      +0    2637   
g57652__7098/Y                                    NOR2X1HVT          1  0.7   99  +221    2858 R 
final_adder_sub_357_67_Y_add_360_67_g1228/A                                         +0    2858   
final_adder_sub_357_67_Y_add_360_67_g1228/CO      ADDFX1HVT          1  0.5   56  +361    3219 R 
final_adder_sub_357_67_Y_add_360_67_g1227/CI                                        +0    3219   
final_adder_sub_357_67_Y_add_360_67_g1227/CO      ADDFX1HVT          1  0.5   55  +309    3528 R 
final_adder_sub_357_67_Y_add_360_67_g1226/CI                                        +0    3528   
final_adder_sub_357_67_Y_add_360_67_g1226/CO      ADDFX1HVT          1  0.5   55  +308    3836 R 
final_adder_sub_357_67_Y_add_360_67_g1225/CI                                        +0    3836   
final_adder_sub_357_67_Y_add_360_67_g1225/CO      ADDFX1HVT          3  0.7   61  +312    4148 R 
g86452/C                                                                            +0    4148   
g86452/Y                                          NAND3BXLHVT        1  0.3  218  +183    4330 F 
final_adder_sub_357_67_Y_add_360_67_g1223/C0                                        +0    4330   
final_adder_sub_357_67_Y_add_360_67_g1223/Y       OAI211X1HVT        1  0.5  104  +170    4500 R 
final_adder_sub_357_67_Y_add_360_67_g1219/CI                                        +0    4500   
final_adder_sub_357_67_Y_add_360_67_g1219/CO      ADDFX1HVT          1  0.5   56  +338    4838 R 
final_adder_sub_357_67_Y_add_360_67_g1218/CI                                        +0    4838   
final_adder_sub_357_67_Y_add_360_67_g1218/CO      ADDFX1HVT          2  0.6   58  +310    5148 R 
final_adder_sub_357_67_Y_add_360_67_g1217/A                                         +0    5148   
final_adder_sub_357_67_Y_add_360_67_g1217/Y       INVX1HVT           3  0.9   66   +79    5228 F 
final_adder_sub_357_67_Y_add_360_67_g1216/D                                         +0    5228   
final_adder_sub_357_67_Y_add_360_67_g1216/Y       NOR4BX1HVT         1  0.2  135  +121    5348 R 
final_adder_sub_357_67_Y_add_360_67_g1214/D                                         +0    5348   
final_adder_sub_357_67_Y_add_360_67_g1214/Y       OR4X1HVT           3  0.9   48  +199    5547 R 
final_adder_sub_357_67_Y_add_360_67_g1211/B                                         +0    5547   
final_adder_sub_357_67_Y_add_360_67_g1211/Y       NAND2X1HVT         2  0.6  119  +112    5659 F 
final_adder_sub_357_67_Y_add_360_67_g1207/D                                         +0    5659   
final_adder_sub_357_67_Y_add_360_67_g1207/Y       NOR4X1HVT          1  0.2  136  +148    5808 R 
final_adder_sub_357_67_Y_add_360_67_g1203/D                                         +0    5808   
final_adder_sub_357_67_Y_add_360_67_g1203/Y       OR4X1HVT           3  0.9   48  +199    6007 R 
final_adder_sub_357_67_Y_add_360_67_g1202/A                                         +0    6007   
final_adder_sub_357_67_Y_add_360_67_g1202/Y       INVX1HVT           2  0.6   51   +65    6072 F 
final_adder_sub_357_67_Y_add_360_67_g1198/D                                         +0    6072   
final_adder_sub_357_67_Y_add_360_67_g1198/Y       NOR4BX1HVT         1  0.2  135  +113    6184 R 
final_adder_sub_357_67_Y_add_360_67_g1195/D                                         +0    6184   
final_adder_sub_357_67_Y_add_360_67_g1195/Y       OR4X1HVT           3  0.8   45  +197    6382 R 
final_adder_sub_357_67_Y_add_360_67_g1191/B                                         +0    6382   
final_adder_sub_357_67_Y_add_360_67_g1191/Y       AND2XLHVT          2  0.5   42  +174    6555 R 
final_adder_sub_357_67_Y_add_360_67_g1187/BN                                        +0    6555   
final_adder_sub_357_67_Y_add_360_67_g1187/Y       NOR4BBX1HVT        1  0.3  148  +236    6792 R 
final_adder_sub_357_67_Y_add_360_67_g1183/D                                         +0    6792   
final_adder_sub_357_67_Y_add_360_67_g1183/Y       NOR4BBX1HVT        3  0.9  104  +158    6950 F 
final_adder_sub_357_67_Y_add_360_67_g1177/A1                                        +0    6950   
final_adder_sub_357_67_Y_add_360_67_g1177/Y       OAI211X1HVT        1  0.5  100  +136    7086 R 
final_adder_sub_357_67_Y_add_360_67_g1173/CI                                        +0    7086   
final_adder_sub_357_67_Y_add_360_67_g1173/CO      ADDFX1HVT          1  0.5   56  +336    7421 R 
final_adder_sub_357_67_Y_add_360_67_g1172/CI                                        +0    7421   
final_adder_sub_357_67_Y_add_360_67_g1172/CO      ADDFX1HVT          1  0.5   55  +309    7730 R 
final_adder_sub_357_67_Y_add_360_67_g1171/CI                                        +0    7730   
final_adder_sub_357_67_Y_add_360_67_g1171/CO      ADDFX1HVT          1  0.5   55  +308    8038 R 
final_adder_sub_357_67_Y_add_360_67_g1170/CI                                        +0    8038   
final_adder_sub_357_67_Y_add_360_67_g1170/CO      ADDFX1HVT          1  0.5   55  +308    8347 R 
final_adder_sub_357_67_Y_add_360_67_g1169/CI                                        +0    8347   
final_adder_sub_357_67_Y_add_360_67_g1169/CO      ADDFX1HVT          1  0.3   50  +305    8652 R 
final_adder_sub_357_67_Y_add_360_67_g1168/B                                         +0    8652   
final_adder_sub_357_67_Y_add_360_67_g1168/Y       XOR2XLHVT          2  0.5   45  +205    8857 R 
g84073__2398/B1                                                                     +0    8857   
g84073__2398/Y                                    AOI221X1HVT        1  0.3  167  +133    8990 F 
g83822__4319/A1                                                                     +0    8990   
g83822__4319/Y                                    OAI21X1HVT         1  0.3   77  +153    9143 R 
InstAddrPointer_reg[31]/D                    <<<  DFFRHQX1HVT                       +0    9143   
InstAddrPointer_reg[31]/CK                        setup                      100  +196    9338 R 
- - - - - - - - - - - - - - - - - - - - - - - - - - - - - - - - - - - - - - - - - - - - - - - - -
(clock CLK)                                       capture                                10000 R 
                                                  uncertainty                      -10    9990 R 
-------------------------------------------------------------------------------------------------
Cost Group   : 'CLK' (path_group 'CLK')
Timing slack :     652ps 
Start-point  : InstQueueRd_Addr_reg[2]/CK
End-point    : InstAddrPointer_reg[31]/D

