Power Unit: W
PDB Frame : /stim#0/frame#0
--------------------------------------------------------------------------------------------------------
Cells Pct_cells     Leakage    Internal   Switching       Total Lvl Instance                            
--------------------------------------------------------------------------------------------------------
  318   100.00% 1.81006e-08 2.18586e-05 1.04889e-05 3.23656e-05   0 /UART                               
  238    74.84% 1.33531e-08 1.20490e-05 7.35445e-06 1.94168e-05   1 /UART/U0_UART_RX                    
   59    18.55% 2.16208e-09 3.06375e-06 3.93224e-07 3.45913e-06   2 /UART/U0_UART_RX/U0_edge_bit_counter
   29     9.12% 1.90118e-09 2.70744e-06 1.24092e-07 2.83343e-06   2 /UART/U0_UART_RX/U0_deserializer    
   46    14.47% 1.52852e-09 1.76601e-06 1.99143e-07 1.96668e-06   2 /UART/U0_UART_RX/U0_data_sampling   
   72    22.64% 1.90677e-09 1.50181e-06 2.68763e-07 1.77248e-06   2 /UART/U0_UART_RX/U0_uart_fsm        
   10     3.14% 4.89951e-10 5.73244e-07 3.91698e-08 6.12904e-07   2 /UART/U0_UART_RX/U0_par_chk         
    1     0.31% 1.30214e-10 4.05680e-07 1.01654e-08 4.15976e-07   2 /UART/U0_UART_RX/U0_strt_chk        
    2     0.63% 1.34317e-10 3.14599e-07 1.76252e-08 3.32358e-07   2 /UART/U0_UART_RX/U0_stp_chk         
   80    25.16% 4.74750e-09 9.80960e-06 2.10979e-06 1.19241e-05   1 /UART/U0_UART_TX                    
   36    11.32% 1.82430e-09 3.81611e-06 2.01675e-07 4.01961e-06   2 /UART/U0_UART_TX/U0_Serializer      
   19     5.97% 1.48619e-09 3.83674e-06 1.69821e-07 4.00804e-06   2 /UART/U0_UART_TX/U0_parity_calc     
    5     1.57% 6.87988e-10 7.18611e-07 1.57968e-06 2.29898e-06   2 /UART/U0_UART_TX/U0_mux             
   20     6.29% 7.49018e-10 1.43814e-06 1.58609e-07 1.59750e-06   2 /UART/U0_UART_TX/U0_fsm             
--------------------------------------------------------------------------------------------------------
