Power Unit: W
PDB Frame : /stim#0/frame#0
--------------------------------------------------------------------------------------------------------
Cells Pct_cells     Leakage    Internal   Switching       Total Lvl Instance                            
--------------------------------------------------------------------------------------------------------
  308   100.00% 3.75483e-07 3.89151e-05 1.80450e-05 5.73356e-05   0 /UART                               
  232    75.32% 2.55476e-07 2.01903e-05 1.20133e-05 3.24591e-05   1 /UART/U0_UART_RX                    
   36    11.69% 5.51356e-08 5.18758e-06 6.62065e-06 1.18634e-05   2 /UART/U0_UART_RX/U0_deserializer    
   58    18.83% 6.57943e-08 6.26863e-06 9.58372e-07 7.29280e-06   2 /UART/U0_UART_RX/U0_edge_bit_counter
   51    16.56% 4.82998e-08 3.43821e-06 5.25984e-07 4.01250e-06   2 /UART/U0_UART_RX/U0_data_sampling   
   73    23.70% 5.43060e-08 2.90190e-06 7.47782e-07 3.70399e-06   2 /UART/U0_UART_RX/U0_uart_fsm        
   11     3.57% 2.23342e-08 1.06415e-06 2.07223e-06 3.15872e-06   2 /UART/U0_UART_RX/U0_par_chk         
    2     0.65% 6.10120e-09 5.60079e-07 1.06046e-06 1.62664e-06   2 /UART/U0_UART_RX/U0_stp_chk         
    1     0.32% 3.50503e-09 7.69750e-07 2.77977e-08 8.01052e-07   2 /UART/U0_UART_RX/U0_strt_chk        
   76    24.68% 1.20007e-07 1.87248e-05 3.68313e-06 2.25279e-05   1 /UART/U0_UART_TX                    
   36    11.69% 4.66054e-08 7.59452e-06 5.61964e-07 8.20309e-06   2 /UART/U0_UART_TX/U0_Serializer      
   18     5.84% 4.72445e-08 7.48044e-06 4.48125e-07 7.97581e-06   2 /UART/U0_UART_TX/U0_parity_calc     
   19     6.17% 2.13252e-08 2.82169e-06 3.92890e-07 3.23590e-06   2 /UART/U0_UART_TX/U0_fsm             
    3     0.97% 4.83171e-09 8.28131e-07 2.28015e-06 3.11312e-06   2 /UART/U0_UART_TX/U0_mux             
--------------------------------------------------------------------------------------------------------
