============================================================
  Generated by:           Genus(TM) Synthesis Solution 20.10-p001_1
  Generated on:           Nov 25 2024  09:42:01 pm
  Module:                 FADD_dual_mode_pipelined
  Technology library:     fast_vdd1v0 1.0
  Operating conditions:   PVT_1P1V_0C (balanced_tree)
  Wireload mode:          enclosed
  Area mode:              timing library
============================================================

            Pin                       Type       Fanout Load Slew Delay Arrival   
                                                        (fF) (ps)  (ps)   (ps)    
----------------------------------------------------------------------------------
(clock CLK)                        launch                                     0 R 
(constraint.sdc_line_13_63_1)      ext delay                      +1000    1000 F 
i_A[0]                             in port            4  1.0    0    +0    1000 F 
e_module/i_A[0] 
  gt_40_27_g1511__1666/AN                                            +0    1000   
  gt_40_27_g1511__1666/Y           NOR2BX1HVT         2  0.4   11   +23    1023 F 
  gt_40_27_g1450__6161/A1N                                           +0    1023   
  gt_40_27_g1450__6161/Y           OAI2BB1X1HVT       1  0.2   14   +28    1052 F 
  gt_40_27_g1449__4733/B0                                            +0    1052   
  gt_40_27_g1449__4733/Y           OAI21XLHVT         1  0.4   28   +15    1066 R 
  gt_40_27_g1448__7482/A1                                            +0    1066   
  gt_40_27_g1448__7482/Y           AOI22X1HVT         1  0.4   35   +36    1103 F 
  gt_40_27_g1447__5115/A1                                            +0    1103   
  gt_40_27_g1447__5115/Y           OAI22X1HVT         1  0.4   37   +37    1140 R 
  gt_40_27_g1446__1881/A1                                            +0    1140   
  gt_40_27_g1446__1881/Y           AOI22X1HVT         1  0.4   36   +40    1180 F 
  gt_40_27_g1445__6131/A1                                            +0    1180   
  gt_40_27_g1445__6131/Y           OAI22X1HVT         1  0.4   37   +38    1218 R 
  gt_40_27_g1444__7098/A1                                            +0    1218   
  gt_40_27_g1444__7098/Y           AOI22X1HVT         1  0.4   36   +41    1259 F 
  gt_40_27_g1443__8246/A1                                            +0    1259   
  gt_40_27_g1443__8246/Y           OAI22X1HVT         1  0.4   37   +38    1296 R 
  gt_40_27_g1442__5122/A1                                            +0    1296   
  gt_40_27_g1442__5122/Y           AOI22X1HVT         1  0.4   36   +41    1337 F 
  gt_40_27_g1441__1705/A1                                            +0    1337   
  gt_40_27_g1441__1705/Y           OAI22X1HVT         1  0.4   37   +38    1374 R 
  gt_40_27_g1440__2802/A1                                            +0    1374   
  gt_40_27_g1440__2802/Y           AOI22X1HVT         1  0.4   36   +41    1415 F 
  gt_40_27_g1439__1617/A1                                            +0    1415   
  gt_40_27_g1439__1617/Y           OAI22X1HVT         1  0.4   37   +38    1453 R 
  gt_40_27_g1438__3680/A1                                            +0    1453   
  gt_40_27_g1438__3680/Y           AOI22X1HVT         1  0.4   36   +41    1493 F 
  gt_40_27_g1437__6783/A1                                            +0    1493   
  gt_40_27_g1437__6783/Y           OAI22X1HVT         1  0.4   37   +38    1531 R 
  gt_40_27_g1436__5526/A1                                            +0    1531   
  gt_40_27_g1436__5526/Y           AOI22X1HVT         1  0.4   36   +41    1572 F 
  gt_40_27_g1435__8428/A1                                            +0    1572   
  gt_40_27_g1435__8428/Y           OAI22X1HVT         1  0.4   37   +38    1609 R 
  gt_40_27_g1434__4319/A1                                            +0    1609   
  gt_40_27_g1434__4319/Y           AOI22X1HVT         1  0.4   36   +41    1650 F 
  gt_40_27_g1433__6260/A1                                            +0    1650   
  gt_40_27_g1433__6260/Y           OAI22X1HVT         1  0.4   37   +38    1687 R 
  gt_40_27_g1432__5107/A1                                            +0    1687   
  gt_40_27_g1432__5107/Y           AOI22X1HVT         1  0.4   36   +41    1728 F 
  gt_40_27_g1431__2398/A1                                            +0    1728   
  gt_40_27_g1431__2398/Y           OAI22X1HVT         1  0.4   37   +38    1766 R 
  gt_40_27_g1430__5477/A1                                            +0    1766   
  gt_40_27_g1430__5477/Y           AOI22X1HVT         1  0.4   36   +41    1806 F 
  gt_40_27_g1429__6417/A1                                            +0    1806   
  gt_40_27_g1429__6417/Y           OAI22X1HVT         1  0.4   37   +38    1844 R 
  gt_40_27_g1428__7410/A1                                            +0    1844   
  gt_40_27_g1428__7410/Y           AOI22X1HVT         1  0.4   36   +41    1884 F 
  gt_40_27_g1427__1666/A1                                            +0    1884   
  gt_40_27_g1427__1666/Y           OAI22X1HVT         1  0.4   37   +38    1922 R 
  gt_40_27_g1426__2346/A1                                            +0    1922   
  gt_40_27_g1426__2346/Y           AOI22X1HVT         1  0.4   36   +41    1962 F 
  gt_40_27_g1425__2883/A1                                            +0    1962   
  gt_40_27_g1425__2883/Y           OAI22X1HVT         1  0.4   37   +38    2000 R 
  gt_40_27_g1424__9945/A1                                            +0    2000   
  gt_40_27_g1424__9945/Y           AOI22X1HVT         1  0.4   36   +41    2041 F 
  gt_40_27_g1423__9315/A1                                            +0    2041   
  gt_40_27_g1423__9315/Y           OAI22X1HVT         1  0.4   37   +38    2078 R 
  gt_40_27_g1422__6161/A1                                            +0    2078   
  gt_40_27_g1422__6161/Y           AOI22X1HVT         1  0.4   36   +41    2119 F 
  gt_40_27_g1421__4733/A1                                            +0    2119   
  gt_40_27_g1421__4733/Y           OAI22X1HVT         1  0.2   34   +35    2154 R 
  gt_40_27_g1420__7482/A1                                            +0    2154   
  gt_40_27_g1420__7482/Y           AOI22XLHVT         1  0.2   34   +37    2191 F 
  gt_40_27_g1419__5115/A1                                            +0    2191   
  gt_40_27_g1419__5115/Y           OAI22XLHVT         1  0.2   37   +36    2227 R 
  gt_40_27_g1418__1881/A1                                            +0    2227   
  gt_40_27_g1418__1881/Y           AOI22XLHVT         1  0.2   34   +38    2265 F 
  gt_40_27_g1417__6131/A1                                            +0    2265   
  gt_40_27_g1417__6131/Y           OAI22XLHVT         1  0.2   37   +36    2302 R 
  gt_40_27_g1416__7098/A1                                            +0    2302   
  gt_40_27_g1416__7098/Y           AOI22XLHVT         1  0.2   34   +38    2340 F 
  gt_40_27_g1415__8246/A1                                            +0    2340   
  gt_40_27_g1415__8246/Y           OAI22XLHVT         1  0.2   37   +36    2376 R 
  gt_40_27_g1414__5122/A1                                            +0    2376   
  gt_40_27_g1414__5122/Y           AOI22XLHVT         1  0.2   34   +38    2414 F 
  gt_40_27_g1413__1705/A1                                            +0    2414   
  gt_40_27_g1413__1705/Y           OAI22XLHVT         1  0.2   37   +36    2450 R 
  gt_40_27_g1412__2802/A1                                            +0    2450   
  gt_40_27_g1412__2802/Y           AOI22XLHVT         1  0.2   34   +38    2488 F 
  gt_40_27_g1411__1617/A1                                            +0    2488   
  gt_40_27_g1411__1617/Y           OAI22XLHVT         1  0.2   37   +36    2525 R 
  gt_40_27_g1410__3680/A1                                            +0    2525   
  gt_40_27_g1410__3680/Y           AOI22XLHVT         1  0.2   34   +38    2563 F 
  gt_40_27_g1409__6783/A1                                            +0    2563   
  gt_40_27_g1409__6783/Y           OAI22XLHVT         1  0.2   37   +36    2599 R 
  gt_40_27_g1408__5526/A1                                            +0    2599   
  gt_40_27_g1408__5526/Y           AOI22XLHVT         1  0.2   34   +38    2637 F 
  gt_40_27_g1407__8428/A1                                            +0    2637   
  gt_40_27_g1407__8428/Y           OAI22XLHVT         1  0.2   37   +36    2674 R 
  gt_40_27_g1406__4319/A1                                            +0    2674   
  gt_40_27_g1406__4319/Y           AOI22XLHVT         1  0.2   34   +38    2712 F 
  gt_40_27_g1405__6260/A1                                            +0    2712   
  gt_40_27_g1405__6260/Y           OAI22XLHVT         1  0.2   37   +36    2748 R 
  gt_40_27_g1404__5107/A1                                            +0    2748   
  gt_40_27_g1404__5107/Y           AOI22XLHVT         1  0.2   34   +38    2786 F 
  gt_40_27_g1403__2398/A1                                            +0    2786   
  gt_40_27_g1403__2398/Y           OAI22XLHVT         1  0.2   37   +36    2822 R 
  gt_40_27_g1402__5477/A1                                            +0    2822   
  gt_40_27_g1402__5477/Y           AOI22XLHVT         1  0.2   34   +38    2860 F 
  gt_40_27_g1401__6417/A1                                            +0    2860   
  gt_40_27_g1401__6417/Y           OAI22XLHVT         1  0.2   37   +36    2897 R 
  gt_40_27_g1400__7410/A1                                            +0    2897   
  gt_40_27_g1400__7410/Y           AOI22XLHVT         1  0.2   34   +38    2935 F 
  gt_40_27_g1399__1666/A1                                            +0    2935   
  gt_40_27_g1399__1666/Y           OAI22XLHVT         1  0.2   37   +36    2971 R 
  gt_40_27_g1398__2346/A1                                            +0    2971   
  gt_40_27_g1398__2346/Y           AOI22XLHVT         1  0.2   34   +38    3009 F 
  gt_40_27_g1397__2883/A1                                            +0    3009   
  gt_40_27_g1397__2883/Y           OAI22XLHVT         1  0.2   37   +36    3046 R 
  gt_40_27_g1396__9945/A1                                            +0    3046   
  gt_40_27_g1396__9945/Y           AOI22XLHVT         1  0.2   34   +38    3084 F 
  gt_40_27_g1395__9315/A1                                            +0    3084   
  gt_40_27_g1395__9315/Y           OAI22XLHVT         1  0.2   37   +36    3120 R 
  gt_40_27_g1394__6161/A1                                            +0    3120   
  gt_40_27_g1394__6161/Y           AOI22XLHVT         1  0.2   34   +38    3158 F 
  gt_40_27_g1393__4733/A1                                            +0    3158   
  gt_40_27_g1393__4733/Y           OAI22XLHVT         1  0.2   37   +36    3194 R 
  gt_40_27_g1392__7482/A1                                            +0    3194   
  gt_40_27_g1392__7482/Y           AOI22XLHVT         1  0.2   34   +38    3232 F 
  gt_40_27_g1391__5115/A1                                            +0    3232   
  gt_40_27_g1391__5115/Y           OAI22XLHVT         1  0.2   37   +36    3269 R 
  gt_40_27_g1390__1881/A1                                            +0    3269   
  gt_40_27_g1390__1881/Y           AOI22XLHVT         1  0.2   34   +38    3307 F 
  gt_40_27_g1389__6131/B1                                            +0    3307   
  gt_40_27_g1389__6131/Y           OAI222XLHVT        1  0.8   70   +49    3356 R 
  gt_40_27_g2__7410/B0                                               +0    3356   
  gt_40_27_g2__7410/Y              OAI2BB1X2HVT      65 15.0  167  +128    3484 F 
  g15812__6417/A                                                     +0    3484   
  g15812__6417/Y                   CLKMX2X2HVT       65 24.2  138  +177    3661 F 
  g15788__4319/S0                                                    +0    3661   
  g15788__4319/Y                   MX2XLHVT           2  0.4   11   +68    3730 F 
  g15735__6783/A                                                     +0    3730   
  g15735__6783/Y                   OR2XLHVT           1  0.2    7   +33    3763 F 
  g15700__5477/D                                                     +0    3763   
  g15700__5477/Y                   OR4X1HVT           1  0.2   14   +72    3835 F 
  g15694__9945/D                                                     +0    3835   
  g15694__9945/Y                   OR4X1HVT           1  0.2   14   +74    3908 F 
  g15686__7098/D                                                     +0    3908   
  g15686__7098/Y                   OR4X1HVT           1  0.2   14   +74    3982 F 
  g15684__5122/D                                                     +0    3982   
  g15684__5122/Y                   OR4X1HVT           1  0.2   14   +74    4056 F 
  g15682__2802/D                                                     +0    4056   
  g15682__2802/Y                   OR4X1HVT           1  0.2   14   +74    4130 F 
  g15680__3680/D                                                     +0    4130   
  g15680__3680/Y                   OR4X1HVT           1  0.2   14   +74    4203 F 
  g15678__5526/D                                                     +0    4203   
  g15678__5526/Y                   OR4X1HVT           2  0.4   16   +75    4278 F 
  g15676__4319/D                                                     +0    4278   
  g15676__4319/Y                   OR4X1HVT           2  0.6   18   +76    4354 F 
  g15673__2398/B0                                                    +0    4354   
  g15673__2398/Y                   OAI31X1HVT         1  0.2   35   +14    4368 R 
e_module/e_small_frac00[1] 
p0/e_small_frac00[1] 
  g710/B1                                                            +0    4368   
  g710/Y                           AOI22XLHVT         1  0.2   49   +28    4396 F 
  g555/B                                                             +0    4396   
  g555/Y                           NOR2XLHVT          1  0.2   24   +32    4428 R 
  a_small_frac00_reg[1]/D     <<<  DFFQXLHVT                         +0    4428   
  a_small_frac00_reg[1]/CK         setup                      100   +19    4448 R 
- - - - - - - - - - - - - - - - - - - - - - - - - - - - - - - - - - - - - - - - - 
(clock CLK)                        capture                                10000 R 
                                   uncertainty                      -10    9990 R 
----------------------------------------------------------------------------------
Cost Group   : 'CLK' (path_group 'CLK')
Timing slack :    5542ps 
Start-point  : i_A[0]
End-point    : p0/a_small_frac00_reg[1]/D

