============================================================
  Generated by:           Genus(TM) Synthesis Solution 20.10-p001_1
  Generated on:           Nov 25 2024  09:42:02 pm
  Module:                 FADD_dual_mode_pipelined
  Technology library:     fast_vdd1v0 1.0
  Operating conditions:   PVT_1P1V_0C (balanced_tree)
  Wireload mode:          enclosed
  Area mode:              timing library
============================================================

        Instance                 Module          Cell Count  Cell Area  Net Area   Total Area   Wireload  
----------------------------------------------------------------------------------------------------------
FADD_dual_mode_pipelined                               4376  10110.546     0.000    10110.546 <none> (D)  
  a_module               align_mantisa                  491    970.938     0.000      970.938 <none> (D)  
  e_module               Extract                        564    957.942     0.000      957.942 <none> (D)  
  n_module               Normalization                  439    818.748     0.000      818.748 <none> (D)  
  o_module               Operation                      231    701.784     0.000      701.784 <none> (D)  
  p0                     pipeline_extract_align         461   1310.202     0.000     1310.202 <none> (D)  
  p1                     pipeline_align_op              407   1155.960     0.000     1155.960 <none> (D)  
  p2                     pipeline_op_norm               248    703.152     0.000      703.152 <none> (D)  
  p3                     pipeline_norm_res              452   1284.552     0.000     1284.552 <none> (D)  
  p4                     pipeline_res_out               215    608.418     0.000      608.418 <none> (D)  
  r_module               Result_and_exception           828   1503.090     0.000     1503.090 <none> (D)  
  (D) = wireload is default in technology library
