============================================================
  Generated by:           Genus(TM) Synthesis Solution 20.10-p001_1
  Generated on:           Nov 25 2024  10:22:15 pm
  Module:                 FADD
  Technology library:     fast_vdd1v0 1.0
  Operating conditions:   PVT_1P1V_0C (balanced_tree)
  Wireload mode:          enclosed
  Area mode:              timing library
============================================================

                      Pin                                Type       Fanout Load Slew Delay Arrival   
                                                                           (fF) (ps)  (ps)   (ps)    
-----------------------------------------------------------------------------------------------------
(constraint.sdc_line_3_63_1)                          ext delay                      +1000    1000 F 
i_A[0]                                                in port            4  1.4    0    +0    1000 F 
e_module_gt_40_27_g1511/AN                                                              +0    1000   
e_module_gt_40_27_g1511/Y                             NOR2BX1LVT         2  0.8    8   +15    1015 F 
e_module_gt_40_27_g1449/A1N                                                             +0    1015   
e_module_gt_40_27_g1449/Y                             OAI2BB1X1LVT       1  0.5   10   +18    1033 F 
e_module_gt_40_27_g1448/B0                                                              +0    1033   
e_module_gt_40_27_g1448/Y                             OAI21X1LVT         1  0.5   15    +8    1041 R 
e_module_gt_40_27_g1447/A1                                                              +0    1041   
e_module_gt_40_27_g1447/Y                             AOI22X1LVT         1  0.5   21   +18    1059 F 
e_module_gt_40_27_g1446/A1                                                              +0    1059   
e_module_gt_40_27_g1446/Y                             OAI22X1LVT         1  0.5   26   +19    1078 R 
e_module_gt_40_27_g1445/A1                                                              +0    1078   
e_module_gt_40_27_g1445/Y                             AOI22X1LVT         1  0.5   23   +21    1099 F 
e_module_gt_40_27_g1444/A1                                                              +0    1099   
e_module_gt_40_27_g1444/Y                             OAI22X1LVT         1  0.5   26   +19    1118 R 
e_module_gt_40_27_g1443/A1                                                              +0    1118   
e_module_gt_40_27_g1443/Y                             AOI22X1LVT         1  0.5   23   +21    1139 F 
e_module_gt_40_27_g1442/A1                                                              +0    1139   
e_module_gt_40_27_g1442/Y                             OAI22X1LVT         1  0.5   26   +19    1159 R 
e_module_gt_40_27_g1441/A1                                                              +0    1159   
e_module_gt_40_27_g1441/Y                             AOI22X1LVT         1  0.5   23   +21    1180 F 
e_module_gt_40_27_g1440/A1                                                              +0    1180   
e_module_gt_40_27_g1440/Y                             OAI22X1LVT         1  0.5   26   +19    1199 R 
e_module_gt_40_27_g1439/A1                                                              +0    1199   
e_module_gt_40_27_g1439/Y                             AOI22X1LVT         1  0.5   23   +21    1220 F 
e_module_gt_40_27_g1438/A1                                                              +0    1220   
e_module_gt_40_27_g1438/Y                             OAI22X1LVT         1  0.5   26   +19    1240 R 
e_module_gt_40_27_g1437/A1                                                              +0    1240   
e_module_gt_40_27_g1437/Y                             AOI22X1LVT         1  0.5   23   +21    1261 F 
e_module_gt_40_27_g1436/A1                                                              +0    1261   
e_module_gt_40_27_g1436/Y                             OAI22X1LVT         1  0.5   26   +19    1280 R 
e_module_gt_40_27_g1435/A1                                                              +0    1280   
e_module_gt_40_27_g1435/Y                             AOI22X1LVT         1  0.5   23   +21    1301 F 
e_module_gt_40_27_g1434/A1                                                              +0    1301   
e_module_gt_40_27_g1434/Y                             OAI22X1LVT         1  0.5   26   +19    1321 R 
e_module_gt_40_27_g1433/A1                                                              +0    1321   
e_module_gt_40_27_g1433/Y                             AOI22X1LVT         1  0.5   23   +21    1342 F 
e_module_gt_40_27_g1432/A1                                                              +0    1342   
e_module_gt_40_27_g1432/Y                             OAI22X1LVT         1  0.5   26   +19    1361 R 
e_module_gt_40_27_g1431/A1                                                              +0    1361   
e_module_gt_40_27_g1431/Y                             AOI22X1LVT         1  0.5   23   +21    1382 F 
e_module_gt_40_27_g1430/A1                                                              +0    1382   
e_module_gt_40_27_g1430/Y                             OAI22X1LVT         1  0.5   26   +19    1402 R 
e_module_gt_40_27_g1429/A1                                                              +0    1402   
e_module_gt_40_27_g1429/Y                             AOI22X1LVT         1  0.5   23   +21    1423 F 
e_module_gt_40_27_g1428/A1                                                              +0    1423   
e_module_gt_40_27_g1428/Y                             OAI22X1LVT         1  0.5   26   +19    1442 R 
e_module_gt_40_27_g1427/A1                                                              +0    1442   
e_module_gt_40_27_g1427/Y                             AOI22X1LVT         1  0.5   23   +21    1463 F 
e_module_gt_40_27_g1426/A1                                                              +0    1463   
e_module_gt_40_27_g1426/Y                             OAI22X1LVT         1  0.5   26   +19    1483 R 
e_module_gt_40_27_g1425/A1                                                              +0    1483   
e_module_gt_40_27_g1425/Y                             AOI22X1LVT         1  0.5   23   +21    1504 F 
e_module_gt_40_27_g1424/A1                                                              +0    1504   
e_module_gt_40_27_g1424/Y                             OAI22X1LVT         1  0.5   26   +19    1523 R 
e_module_gt_40_27_g1423/A1                                                              +0    1523   
e_module_gt_40_27_g1423/Y                             AOI22X1LVT         1  0.5   23   +21    1544 F 
e_module_gt_40_27_g1422/A1                                                              +0    1544   
e_module_gt_40_27_g1422/Y                             OAI22X1LVT         1  0.5   26   +19    1564 R 
e_module_gt_40_27_g1421/A1                                                              +0    1564   
e_module_gt_40_27_g1421/Y                             AOI22X1LVT         1  0.5   23   +21    1585 F 
e_module_gt_40_27_g1420/A1                                                              +0    1585   
e_module_gt_40_27_g1420/Y                             OAI22X1LVT         1  0.5   26   +19    1604 R 
e_module_gt_40_27_g1419/A1                                                              +0    1604   
e_module_gt_40_27_g1419/Y                             AOI22X1LVT         1  0.5   23   +21    1625 F 
e_module_gt_40_27_g1418/A1                                                              +0    1625   
e_module_gt_40_27_g1418/Y                             OAI22X1LVT         1  0.5   26   +19    1645 R 
e_module_gt_40_27_g1417/A1                                                              +0    1645   
e_module_gt_40_27_g1417/Y                             AOI22X1LVT         1  0.5   23   +21    1666 F 
e_module_gt_40_27_g1416/A1                                                              +0    1666   
e_module_gt_40_27_g1416/Y                             OAI22X1LVT         1  0.5   26   +19    1685 R 
e_module_gt_40_27_g1415/A1                                                              +0    1685   
e_module_gt_40_27_g1415/Y                             AOI22X1LVT         1  0.5   23   +21    1706 F 
e_module_gt_40_27_g1414/A1                                                              +0    1706   
e_module_gt_40_27_g1414/Y                             OAI22X1LVT         1  0.5   26   +19    1726 R 
e_module_gt_40_27_g1413/A1                                                              +0    1726   
e_module_gt_40_27_g1413/Y                             AOI22X1LVT         1  0.5   23   +21    1747 F 
e_module_gt_40_27_g1412/A1                                                              +0    1747   
e_module_gt_40_27_g1412/Y                             OAI22X1LVT         1  0.5   26   +19    1766 R 
e_module_gt_40_27_g1411/A1                                                              +0    1766   
e_module_gt_40_27_g1411/Y                             AOI22X1LVT         1  0.5   23   +21    1787 F 
e_module_gt_40_27_g1410/A1                                                              +0    1787   
e_module_gt_40_27_g1410/Y                             OAI22X1LVT         1  0.5   26   +19    1807 R 
e_module_gt_40_27_g1409/A1                                                              +0    1807   
e_module_gt_40_27_g1409/Y                             AOI22X1LVT         1  0.5   23   +21    1828 F 
e_module_gt_40_27_g1408/A1                                                              +0    1828   
e_module_gt_40_27_g1408/Y                             OAI22X1LVT         1  0.5   26   +19    1847 R 
e_module_gt_40_27_g1407/A1                                                              +0    1847   
e_module_gt_40_27_g1407/Y                             AOI22X1LVT         1  0.5   23   +21    1868 F 
e_module_gt_40_27_g1406/A1                                                              +0    1868   
e_module_gt_40_27_g1406/Y                             OAI22X1LVT         1  0.5   26   +19    1888 R 
e_module_gt_40_27_g1405/A1                                                              +0    1888   
e_module_gt_40_27_g1405/Y                             AOI22X1LVT         1  0.5   23   +21    1909 F 
e_module_gt_40_27_g1404/A1                                                              +0    1909   
e_module_gt_40_27_g1404/Y                             OAI22X1LVT         1  0.5   26   +19    1928 R 
e_module_gt_40_27_g1403/A1                                                              +0    1928   
e_module_gt_40_27_g1403/Y                             AOI22X1LVT         1  0.5   23   +21    1949 F 
e_module_gt_40_27_g1402/A1                                                              +0    1949   
e_module_gt_40_27_g1402/Y                             OAI22X1LVT         1  0.5   26   +19    1969 R 
e_module_gt_40_27_g1401/A1                                                              +0    1969   
e_module_gt_40_27_g1401/Y                             AOI22X1LVT         1  0.5   23   +21    1990 F 
e_module_gt_40_27_g1400/A1                                                              +0    1990   
e_module_gt_40_27_g1400/Y                             OAI22X1LVT         1  0.5   26   +19    2009 R 
e_module_gt_40_27_g1399/A1                                                              +0    2009   
e_module_gt_40_27_g1399/Y                             AOI22X1LVT         1  0.5   23   +21    2030 F 
e_module_gt_40_27_g1398/A1                                                              +0    2030   
e_module_gt_40_27_g1398/Y                             OAI22X1LVT         1  0.5   26   +19    2050 R 
e_module_gt_40_27_g1397/A1                                                              +0    2050   
e_module_gt_40_27_g1397/Y                             AOI22X1LVT         1  0.5   23   +21    2071 F 
e_module_gt_40_27_g1396/A1                                                              +0    2071   
e_module_gt_40_27_g1396/Y                             OAI22X1LVT         1  0.5   26   +19    2090 R 
e_module_gt_40_27_g1395/A1                                                              +0    2090   
e_module_gt_40_27_g1395/Y                             AOI22X1LVT         1  0.5   23   +21    2111 F 
e_module_gt_40_27_g1394/A1                                                              +0    2111   
e_module_gt_40_27_g1394/Y                             OAI22X1LVT         1  0.5   26   +19    2131 R 
e_module_gt_40_27_g1393/A1                                                              +0    2131   
e_module_gt_40_27_g1393/Y                             AOI22X1LVT         1  0.5   23   +21    2152 F 
e_module_gt_40_27_g1392/A1                                                              +0    2152   
e_module_gt_40_27_g1392/Y                             OAI22X1LVT         1  0.5   26   +19    2171 R 
e_module_gt_40_27_g1391/A1                                                              +0    2171   
e_module_gt_40_27_g1391/Y                             AOI22X1LVT         1  0.5   23   +21    2192 F 
e_module_gt_40_27_g1390/A1                                                              +0    2192   
e_module_gt_40_27_g1390/Y                             OAI22X1LVT         1  0.5   26   +19    2212 R 
e_module_gt_40_27_g1389/A1                                                              +0    2212   
e_module_gt_40_27_g1389/Y                             AOI22X1LVT         1  0.3   22   +20    2232 F 
e_module_gt_40_27_g1388/A1                                                              +0    2232   
e_module_gt_40_27_g1388/Y                             OA22X1LVT          1  0.3    6   +34    2266 F 
e_module_gt_40_27_g1387/A1                                                              +0    2266   
e_module_gt_40_27_g1387/Y                             AO22X1LVT         64 36.5  183  +127    2393 F 
g22647/A                                                                                +0    2393   
g22647/Y                                              INVX1LVT          18  8.8   84   +70    2463 R 
g19302__9945/B1                                                                         +0    2463   
g19302__9945/Y                                        AO22X1LVT         64 44.4  253  +168    2630 R 
g19289__1617/S0                                                                         +0    2630   
g19289__1617/Y                                        MX2XLLVT           4  1.2   13   +46    2676 F 
g19285__8428/A                                                                          +0    2676   
g19285__8428/Y                                        OR2XLLVT           1  0.3    5   +20    2696 F 
g19271__4733/D                                                                          +0    2696   
g19271__4733/Y                                        OR4X1LVT           2  0.8   13   +40    2735 F 
g19269__5115/D                                                                          +0    2735   
g19269__5115/Y                                        OR4X1LVT           2  0.8   13   +41    2776 F 
g19266__6131/A2                                                                         +0    2776   
g19266__6131/Y                                        OAI32X1LVT         1  0.5   39   +23    2799 R 
csa_tree_a_module_inst1_sub_23_17_groupi_g583/A                                         +0    2799   
csa_tree_a_module_inst1_sub_23_17_groupi_g583/Y       INVX1LVT           1  0.8   12   +14    2813 F 
csa_tree_a_module_inst1_sub_23_17_groupi_g551/CI                                        +0    2813   
csa_tree_a_module_inst1_sub_23_17_groupi_g551/CO      ADDFX1LVT          1  0.8   10   +34    2847 F 
csa_tree_a_module_inst1_sub_23_17_groupi_g550/CI                                        +0    2847   
csa_tree_a_module_inst1_sub_23_17_groupi_g550/CO      ADDFX1LVT          1  0.8   10   +34    2881 F 
csa_tree_a_module_inst1_sub_23_17_groupi_g549/CI                                        +0    2881   
csa_tree_a_module_inst1_sub_23_17_groupi_g549/CO      ADDFX1LVT          1  0.8   10   +34    2916 F 
csa_tree_a_module_inst1_sub_23_17_groupi_g548/CI                                        +0    2916   
csa_tree_a_module_inst1_sub_23_17_groupi_g548/CO      ADDFX1LVT          1  0.8   10   +34    2950 F 
csa_tree_a_module_inst1_sub_23_17_groupi_g547/CI                                        +0    2950   
csa_tree_a_module_inst1_sub_23_17_groupi_g547/CO      ADDFX1LVT          1  0.8   11   +34    2984 F 
csa_tree_a_module_inst1_sub_23_17_groupi_g546/CI                                        +0    2984   
csa_tree_a_module_inst1_sub_23_17_groupi_g546/CO      ADDFX1LVT          1  0.8   10   +34    3018 F 
csa_tree_a_module_inst1_sub_23_17_groupi_g545/CI                                        +0    3018   
csa_tree_a_module_inst1_sub_23_17_groupi_g545/CO      ADDFX1LVT          1  0.8   10   +34    3052 F 
csa_tree_a_module_inst1_sub_23_17_groupi_g544/CI                                        +0    3052   
csa_tree_a_module_inst1_sub_23_17_groupi_g544/CO      ADDFX1LVT          1  0.8   10   +34    3086 F 
csa_tree_a_module_inst1_sub_23_17_groupi_g543/CI                                        +0    3086   
csa_tree_a_module_inst1_sub_23_17_groupi_g543/CO      ADDFX1LVT          1  0.8   10   +34    3120 F 
csa_tree_a_module_inst1_sub_23_17_groupi_g542/CI                                        +0    3120   
csa_tree_a_module_inst1_sub_23_17_groupi_g542/CO      ADDFX1LVT          1  0.8   10   +34    3154 F 
csa_tree_a_module_inst1_sub_23_17_groupi_g541/CI                                        +0    3154   
csa_tree_a_module_inst1_sub_23_17_groupi_g541/S       ADDFX1LVT          2  0.6    9   +40    3194 F 
g22597__3680/C                                                                          +0    3194   
g22597__3680/Y                                        OR3XLLVT           2  0.7    9   +27    3221 F 
g22531__6417/A1                                                                         +0    3221   
g22531__6417/Y                                        AOI211XLLVT        3  1.1   44   +32    3253 R 
g22511__2802/B                                                                          +0    3253   
g22511__2802/Y                                        OR2X1LVT          24 14.4   84   +59    3312 R 
g22434__4733/B0                                                                         +0    3312   
g22434__4733/Y                                        OAI211X1LVT        1  0.8   40   +40    3352 F 
csa_tree_o_module_add_36_47_groupi_g1504/CI                                             +0    3352   
csa_tree_o_module_add_36_47_groupi_g1504/CO           ADDFX1LVT          1  0.8   10   +39    3391 F 
csa_tree_o_module_add_36_47_groupi_g1501/CI                                             +0    3391   
csa_tree_o_module_add_36_47_groupi_g1501/CO           ADDFX1LVT          1  0.8   10   +34    3425 F 
csa_tree_o_module_add_36_47_groupi_g1498/CI                                             +0    3425   
csa_tree_o_module_add_36_47_groupi_g1498/CO           ADDFX1LVT          1  0.8   10   +34    3459 F 
csa_tree_o_module_add_36_47_groupi_g1495/CI                                             +0    3459   
csa_tree_o_module_add_36_47_groupi_g1495/CO           ADDFX1LVT          1  0.8   10   +34    3493 F 
csa_tree_o_module_add_36_47_groupi_g1492/CI                                             +0    3493   
csa_tree_o_module_add_36_47_groupi_g1492/CO           ADDFX1LVT          1  0.8   10   +34    3527 F 
csa_tree_o_module_add_36_47_groupi_g1489/CI                                             +0    3527   
csa_tree_o_module_add_36_47_groupi_g1489/CO           ADDFX1LVT          1  0.8   10   +34    3561 F 
csa_tree_o_module_add_36_47_groupi_g1486/CI                                             +0    3561   
csa_tree_o_module_add_36_47_groupi_g1486/CO           ADDFX1LVT          1  0.8   10   +34    3595 F 
csa_tree_o_module_add_36_47_groupi_g1483/CI                                             +0    3595   
csa_tree_o_module_add_36_47_groupi_g1483/CO           ADDFX1LVT          1  0.8   10   +34    3630 F 
csa_tree_o_module_add_36_47_groupi_g1480/CI                                             +0    3630   
csa_tree_o_module_add_36_47_groupi_g1480/CO           ADDFX1LVT          1  0.8   10   +34    3664 F 
csa_tree_o_module_add_36_47_groupi_g1479/CI                                             +0    3664   
csa_tree_o_module_add_36_47_groupi_g1479/CO           ADDFX1LVT          1  0.8   10   +34    3698 F 
csa_tree_o_module_add_36_47_groupi_g1478/CI                                             +0    3698   
csa_tree_o_module_add_36_47_groupi_g1478/CO           ADDFX1LVT          1  0.8   10   +34    3732 F 
csa_tree_o_module_add_36_47_groupi_g1477/CI                                             +0    3732   
csa_tree_o_module_add_36_47_groupi_g1477/CO           ADDFX1LVT          1  0.8   10   +34    3766 F 
csa_tree_o_module_add_36_47_groupi_g1476/CI                                             +0    3766   
csa_tree_o_module_add_36_47_groupi_g1476/CO           ADDFX1LVT          1  0.8   10   +34    3800 F 
csa_tree_o_module_add_36_47_groupi_g1475/CI                                             +0    3800   
csa_tree_o_module_add_36_47_groupi_g1475/CO           ADDFX1LVT          1  0.8   10   +34    3834 F 
csa_tree_o_module_add_36_47_groupi_g1474/CI                                             +0    3834   
csa_tree_o_module_add_36_47_groupi_g1474/CO           ADDFX1LVT          1  0.8   10   +34    3868 F 
csa_tree_o_module_add_36_47_groupi_g1473/CI                                             +0    3868   
csa_tree_o_module_add_36_47_groupi_g1473/CO           ADDFX1LVT          1  0.8   10   +34    3902 F 
csa_tree_o_module_add_36_47_groupi_g1472/CI                                             +0    3902   
csa_tree_o_module_add_36_47_groupi_g1472/CO           ADDFX1LVT          1  0.8   10   +34    3936 F 
csa_tree_o_module_add_36_47_groupi_g1471/CI                                             +0    3936   
csa_tree_o_module_add_36_47_groupi_g1471/CO           ADDFX1LVT          1  0.8   10   +34    3970 F 
csa_tree_o_module_add_36_47_groupi_g1470/CI                                             +0    3970   
csa_tree_o_module_add_36_47_groupi_g1470/CO           ADDFX1LVT          1  0.8   10   +34    4005 F 
csa_tree_o_module_add_36_47_groupi_g1469/CI                                             +0    4005   
csa_tree_o_module_add_36_47_groupi_g1469/CO           ADDFX1LVT          1  0.8   10   +34    4039 F 
csa_tree_o_module_add_36_47_groupi_g1468/CI                                             +0    4039   
csa_tree_o_module_add_36_47_groupi_g1468/CO           ADDFX1LVT          1  0.8   10   +34    4073 F 
csa_tree_o_module_add_36_47_groupi_g1467/CI                                             +0    4073   
csa_tree_o_module_add_36_47_groupi_g1467/CO           ADDFX1LVT          1  0.8   10   +34    4107 F 
csa_tree_o_module_add_36_47_groupi_g1466/CI                                             +0    4107   
csa_tree_o_module_add_36_47_groupi_g1466/CO           ADDFX1LVT          1  0.8   10   +34    4141 F 
csa_tree_o_module_add_36_47_groupi_g1465/CI                                             +0    4141   
csa_tree_o_module_add_36_47_groupi_g1465/CO           ADDFX1LVT          1  0.8   10   +34    4175 F 
csa_tree_o_module_add_36_47_groupi_g1464/CI                                             +0    4175   
csa_tree_o_module_add_36_47_groupi_g1464/CO           ADDFX1LVT          1  0.5    9   +33    4208 F 
csa_tree_o_module_add_36_47_groupi_g1463/B0                                             +0    4208   
csa_tree_o_module_add_36_47_groupi_g1463/Y            OAI21X1LVT         1  0.6   21    +8    4216 R 
csa_tree_o_module_add_36_47_groupi_g1462/B0                                             +0    4216   
csa_tree_o_module_add_36_47_groupi_g1462/Y            OAI2BB1X1LVT       1  0.5   11   +14    4230 F 
csa_tree_o_module_add_36_47_groupi_g1461/B0                                             +0    4230   
csa_tree_o_module_add_36_47_groupi_g1461/Y            OAI21X1LVT         1  0.6   21    +8    4239 R 
csa_tree_o_module_add_36_47_groupi_g1460/B0                                             +0    4239   
csa_tree_o_module_add_36_47_groupi_g1460/Y            OAI2BB1X1LVT       2  0.8   14   +15    4254 F 
g24886/A1                                                                               +0    4254   
g24886/Y                                              OAI22X1LVT         1  0.6   28   +18    4272 R 
csa_tree_o_module_add_36_47_groupi_g1458/B0                                             +0    4272   
csa_tree_o_module_add_36_47_groupi_g1458/Y            OAI2BB1X1LVT       1  0.5   12   +15    4287 F 
csa_tree_o_module_add_36_47_groupi_g1457/B0                                             +0    4287   
csa_tree_o_module_add_36_47_groupi_g1457/Y            OAI21X1LVT         1  0.6   19    +9    4296 R 
csa_tree_o_module_add_36_47_groupi_g1456/B0                                             +0    4296   
csa_tree_o_module_add_36_47_groupi_g1456/Y            OAI2BB1X1LVT       1  0.8   14   +15    4310 F 
csa_tree_o_module_add_36_47_groupi_g1455/CI                                             +0    4310   
csa_tree_o_module_add_36_47_groupi_g1455/CO           ADDFX1LVT          1  0.8   10   +35    4345 F 
csa_tree_o_module_add_36_47_groupi_g1454/CI                                             +0    4345   
csa_tree_o_module_add_36_47_groupi_g1454/CO           ADDFX1LVT          1  0.8   10   +34    4379 F 
csa_tree_o_module_add_36_47_groupi_g1453/CI                                             +0    4379   
csa_tree_o_module_add_36_47_groupi_g1453/CO           ADDFX1LVT          1  0.8   11   +34    4413 F 
csa_tree_o_module_add_36_47_groupi_g1452/CI                                             +0    4413   
csa_tree_o_module_add_36_47_groupi_g1452/CO           ADDFX1LVT          1  0.8   10   +34    4448 F 
csa_tree_o_module_add_36_47_groupi_g1451/CI                                             +0    4448   
csa_tree_o_module_add_36_47_groupi_g1451/CO           ADDFX1LVT          1  0.8   11   +34    4482 F 
csa_tree_o_module_add_36_47_groupi_g1450/CI                                             +0    4482   
csa_tree_o_module_add_36_47_groupi_g1450/CO           ADDFX1LVT          1  0.8   11   +34    4516 F 
csa_tree_o_module_add_36_47_groupi_g1449/CI                                             +0    4516   
csa_tree_o_module_add_36_47_groupi_g1449/CO           ADDFX1LVT          1  0.8   11   +34    4550 F 
csa_tree_o_module_add_36_47_groupi_g1448/CI                                             +0    4550   
csa_tree_o_module_add_36_47_groupi_g1448/CO           ADDFX1LVT          1  0.8   11   +34    4584 F 
g24884/B                                                                                +0    4584   
g24884/CO                                             ADDHX1LVT          1  0.8    6   +16    4600 F 
csa_tree_o_module_add_36_47_groupi_g1446/CI                                             +0    4600   
csa_tree_o_module_add_36_47_groupi_g1446/CO           ADDFX1LVT          1  0.8   10   +34    4633 F 
csa_tree_o_module_add_36_47_groupi_g1445/CI                                             +0    4633   
csa_tree_o_module_add_36_47_groupi_g1445/CO           ADDFX1LVT          1  0.8   10   +34    4668 F 
csa_tree_o_module_add_36_47_groupi_g1444/CI                                             +0    4668   
csa_tree_o_module_add_36_47_groupi_g1444/CO           ADDFX1LVT          1  0.8   10   +34    4702 F 
csa_tree_o_module_add_36_47_groupi_g1443/CI                                             +0    4702   
csa_tree_o_module_add_36_47_groupi_g1443/CO           ADDFX1LVT          1  0.8   10   +34    4736 F 
csa_tree_o_module_add_36_47_groupi_g1442/CI                                             +0    4736   
csa_tree_o_module_add_36_47_groupi_g1442/CO           ADDFX1LVT          1  0.8   10   +34    4770 F 
csa_tree_o_module_add_36_47_groupi_g1441/CI                                             +0    4770   
csa_tree_o_module_add_36_47_groupi_g1441/CO           ADDFX1LVT          1  0.8   10   +34    4804 F 
csa_tree_o_module_add_36_47_groupi_g1440/CI                                             +0    4804   
csa_tree_o_module_add_36_47_groupi_g1440/CO           ADDFX1LVT          1  0.8   10   +34    4838 F 
csa_tree_o_module_add_36_47_groupi_g1439/CI                                             +0    4838   
csa_tree_o_module_add_36_47_groupi_g1439/CO           ADDFX1LVT          1  0.8   10   +34    4872 F 
csa_tree_o_module_add_36_47_groupi_g1438/CI                                             +0    4872   
csa_tree_o_module_add_36_47_groupi_g1438/CO           ADDFX1LVT          1  0.8   10   +34    4906 F 
csa_tree_o_module_add_36_47_groupi_g1437/CI                                             +0    4906   
csa_tree_o_module_add_36_47_groupi_g1437/CO           ADDFX1LVT          1  0.8   10   +34    4940 F 
csa_tree_o_module_add_36_47_groupi_g1436/CI                                             +0    4940   
csa_tree_o_module_add_36_47_groupi_g1436/CO           ADDFX1LVT          1  0.8   10   +34    4974 F 
csa_tree_o_module_add_36_47_groupi_g1435/CI                                             +0    4974   
csa_tree_o_module_add_36_47_groupi_g1435/CO           ADDFX1LVT          1  0.8   10   +34    5008 F 
csa_tree_o_module_add_36_47_groupi_g1434/CI                                             +0    5008   
csa_tree_o_module_add_36_47_groupi_g1434/CO           ADDFX1LVT          1  0.8   10   +34    5043 F 
csa_tree_o_module_add_36_47_groupi_g1433/CI                                             +0    5043   
csa_tree_o_module_add_36_47_groupi_g1433/CO           ADDFX1LVT          1  0.8   10   +34    5077 F 
csa_tree_o_module_add_36_47_groupi_g1432/CI                                             +0    5077   
csa_tree_o_module_add_36_47_groupi_g1432/CO           ADDFX1LVT          1  0.6    9   +34    5110 F 
csa_tree_o_module_add_36_47_groupi_g1431/B                                              +0    5110   
csa_tree_o_module_add_36_47_groupi_g1431/Y            XNOR2X1LVT         3  1.1    9   +25    5136 F 
g24859__8428/A1                                                                         +0    5136   
g24859__8428/Y                                        OAI221X1LVT       18  8.8  124   +66    5201 R 
g24858/A                                                                                +0    5201   
g24858/Y                                              INVX1LVT          19  9.1   69   +55    5256 F 
g24853__2398/B                                                                          +0    5256   
g24853__2398/Y                                        NOR2X1LVT          4  1.7   33   +32    5288 R 
g24833__5115/AN                                                                         +0    5288   
g24833__5115/Y                                        NOR4BX1LVT        17  8.5  183  +125    5414 R 
g24786__1705/C                                                                          +0    5414   
g24786__1705/Y                                        NAND4BX1LVT        4  2.0   63   +76    5490 F 
g24785/A                                                                                +0    5490   
g24785/Y                                              INVX1LVT           6  3.0   29   +26    5516 R 
g24783__1617/B                                                                          +0    5516   
g24783__1617/Y                                        NOR2X1LVT          4  2.0   18   +16    5532 F 
g24777__5526/B                                                                          +0    5532   
g24777__5526/Y                                        NOR2X1LVT          5  2.8   35   +25    5557 R 
g24775/A                                                                                +0    5557   
g24775/Y                                              INVX1LVT           3  1.2   13   +14    5571 F 
g24762__9945/C1                                                                         +0    5571   
g24762__9945/Y                                        AOI222X1LVT        1  0.3   33   +20    5592 R 
g24755__5115/A                                                                          +0    5592   
g24755__5115/Y                                        AND2X1LVT          2  1.1    9   +24    5616 R 
g24744__6783/C0                                                                         +0    5616   
g24744__6783/Y                                        OAI221X1LVT       10  5.0   89   +55    5671 F 
g24739/A                                                                                +0    5671   
g24739/Y                                              INVX1LVT           8  3.8   39   +34    5705 R 
g24732__1666/B0                                                                         +0    5705   
g24732__1666/Y                                        OAI21X1LVT         2  0.8   21   +22    5726 F 
g24725__7482/B                                                                          +0    5726   
g24725__7482/Y                                        NAND2X1LVT         6  3.0   22   +18    5744 R 
g24717__5122/B                                                                          +0    5744   
g24717__5122/Y                                        NAND2X1LVT         6  3.0   49   +26    5770 F 
g24706__4319/B                                                                          +0    5770   
g24706__4319/Y                                        NOR2X1LVT         10  4.2   55   +41    5811 R 
g24693__9945/B1                                                                         +0    5811   
g24693__9945/Y                                        AOI22XLLVT         1  0.5   29   +26    5836 F 
g24610__6783/A1                                                                         +0    5836   
g24610__6783/Y                                        OAI222X1LVT        5  3.1   68   +41    5878 R 
g24567__2398/B                                                                          +0    5878   
g24567__2398/Y                                        OR4X1LVT           2  0.8    7   +25    5903 R 
g24559__2883/AN                                                                         +0    5903   
g24559__2883/Y                                        NOR2BX1LVT        18 10.3  113   +73    5976 R 
g24557/A                                                                                +0    5976   
g24557/Y                                              INVX1LVT          17  8.3   63   +51    6027 F 
g24540__3680/A1N                                                                        +0    6027   
g24540__3680/Y                                        OAI2BB1X1LVT      12  5.6   56   +47    6074 F 
g24524/A                                                                                +0    6074   
g24524/Y                                              INVX1LVT          12  6.0   45   +34    6108 R 
g24487__1666/A                                                                          +0    6108   
g24487__1666/Y                                        NOR2X1LVT          8  3.4   28   +24    6132 F 
g24483/A                                                                                +0    6132   
g24483/Y                                              INVX1LVT           3  1.5   14   +14    6146 R 
g24473__6131/B1                                                                         +0    6146   
g24473__6131/Y                                        OA22X1LVT          2  0.9    8   +26    6172 R 
g24441__6161/B0                                                                         +0    6172   
g24441__6161/Y                                        OA21X1LVT          1  0.3    5   +22    6194 R 
g24385__6260/A0                                                                         +0    6194   
g24385__6260/Y                                        OA22X1LVT          1  0.5    6   +29    6223 R 
g24354__5477/C0                                                                         +0    6223   
g24354__5477/Y                                        OAI211X1LVT        1  0.0   26   +14    6237 F 
o_res[15]                                        <<<  interconnect                26    +0    6237 F 
                                                      out port                          +0    6237 F 
(constraint.sdc_line_7_172_1)                         ext delay                      +1000    7237 F 
-----------------------------------------------------------------------------------------------------
Exception    : 'path_delays/constraint.sdc_line_10'    8000ps
Timing slack :     763ps 
Start-point  : i_A[0]
End-point    : o_res[15]

