============================================================
  Generated by:           Genus(TM) Synthesis Solution 20.10-p001_1
  Generated on:           Nov 25 2024  09:30:48 pm
  Module:                 FADD
  Technology library:     slow_vdd1v0 1.0
  Operating conditions:   PVT_0P9V_125C (balanced_tree)
  Wireload mode:          enclosed
  Area mode:              timing library
============================================================

                       Pin                                 Type       Fanout Load Slew Delay Arrival   
                                                                             (fF) (ps)  (ps)   (ps)    
-------------------------------------------------------------------------------------------------------
(constraint.sdc_line_3_56_1)                            ext delay                      +1000    1000 R 
i_A[7]                                                  in port            6  3.2    0    +0    1000 R 
e_module_gt_40_27_g1714/A                                                                 +0    1000   
e_module_gt_40_27_g1714/Y                               NAND2X4            2  2.1   69   +54    1054 F 
e_module_gt_40_27_g1593/A1                                                                +0    1054   
e_module_gt_40_27_g1593/Y                               AOI21X2            1  0.8   52   +79    1133 R 
e_module_gt_40_27_g1559/B0                                                                +0    1133   
e_module_gt_40_27_g1559/Y                               OAI21X2            1  1.4   89   +94    1226 F 
e_module_gt_40_27_g1535/A                                                                 +0    1226   
e_module_gt_40_27_g1535/Y                               NOR2X4             1  1.6   50   +80    1306 R 
e_module_gt_40_27_g1534/B                                                                 +0    1306   
e_module_gt_40_27_g1534/Y                               NOR2X4             1  1.4   32   +42    1349 F 
e_module_gt_40_27_g1531/B                                                                 +0    1349   
e_module_gt_40_27_g1531/Y                               NOR2X4             1  1.6   44   +44    1393 R 
e_module_gt_40_27_g1527/B                                                                 +0    1393   
e_module_gt_40_27_g1527/Y                               NOR2X4             1  1.4   34   +40    1432 F 
e_module_gt_40_27_g1525/A                                                                 +0    1432   
e_module_gt_40_27_g1525/Y                               NOR2X4             1  1.6   48   +55    1487 R 
e_module_gt_40_27_g1524/B                                                                 +0    1487   
e_module_gt_40_27_g1524/Y                               NOR2X4             1  2.9   41   +47    1534 F 
e_module_gt_40_27_g1523/B                                                                 +0    1534   
e_module_gt_40_27_g1523/Y                               NOR2X8            26  9.8   81   +68    1602 R 
g51432/S0                                                                                 +0    1602   
g51432/Y                                                MXI2XL             3  1.2  139  +143    1744 R 
g27677__6161/B                                                                            +0    1744   
g27677__6161/Y                                          NAND2X1            1  0.4   68  +118    1862 F 
g27668__1705/A                                                                            +0    1862   
g27668__1705/Y                                          NOR2X1             1  0.4   48   +76    1938 R 
g27642__6131/A                                                                            +0    1938   
g27642__6131/Y                                          NAND2X1            1  0.3   54   +73    2011 F 
g27638__1705/B                                                                            +0    2011   
g27638__1705/Y                                          NOR2X1             2  0.8   65   +70    2081 R 
g27625__2398/B                                                                            +0    2081   
g27625__2398/Y                                          NOR3X1             1  0.3   50   +65    2145 F 
g27538__4733/B                                                                            +0    2145   
g27538__4733/Y                                          NOR2X1             1  0.8   64   +68    2213 R 
csa_tree_a_module_inst1_sub_23_17_groupi_g1292/CI                                         +0    2213   
csa_tree_a_module_inst1_sub_23_17_groupi_g1292/CO       ADDFHX1            2  1.2   47  +188    2401 R 
csa_tree_a_module_inst1_sub_23_17_groupi_g1285/A1                                         +0    2401   
csa_tree_a_module_inst1_sub_23_17_groupi_g1285/Y        AOI21X2            2  0.6   66   +80    2481 F 
csa_tree_a_module_inst1_sub_23_17_groupi_g1281/A1N                                        +0    2481   
csa_tree_a_module_inst1_sub_23_17_groupi_g1281/Y        AOI2BB1X1          2  1.1   58  +131    2612 F 
csa_tree_a_module_inst1_sub_23_17_groupi_g1278/A1                                         +0    2612   
csa_tree_a_module_inst1_sub_23_17_groupi_g1278/Y        OAI21X2            2  2.0   86   +87    2698 R 
csa_tree_a_module_inst1_sub_23_17_groupi_g1276/A1                                         +0    2698   
csa_tree_a_module_inst1_sub_23_17_groupi_g1276/Y        AOI21X4            3  2.3   86  +106    2805 F 
csa_tree_a_module_inst1_sub_23_17_groupi_g1273/A1                                         +0    2805   
csa_tree_a_module_inst1_sub_23_17_groupi_g1273/Y        OAI21X4            2  1.2   57   +78    2883 R 
csa_tree_a_module_inst1_sub_23_17_groupi_g1272/A                                          +0    2883   
csa_tree_a_module_inst1_sub_23_17_groupi_g1272/Y        INVX2              3  1.2   33   +49    2932 F 
csa_tree_a_module_inst1_sub_23_17_groupi_g1268/A1                                         +0    2932   
csa_tree_a_module_inst1_sub_23_17_groupi_g1268/Y        OAI21X2            2  0.6   54   +57    2988 R 
csa_tree_a_module_inst1_sub_23_17_groupi_g1372/AN                                         +0    2988   
csa_tree_a_module_inst1_sub_23_17_groupi_g1372/Y        NOR2BX1            1  0.4   46  +104    3092 R 
csa_tree_a_module_inst1_sub_23_17_groupi_g1259/B                                          +0    3092   
csa_tree_a_module_inst1_sub_23_17_groupi_g1259/Y        NOR2X1             2  0.7   47   +49    3142 F 
g51490/B                                                                                  +0    3142   
g51490/Y                                                XNOR2XL            1  0.4   29  +154    3295 R 
g24601__2398/A1N                                                                          +0    3295   
g24601__2398/Y                                          OAI2BB1X4          2  2.4   53  +166    3462 R 
a_module_srl_47_33_g3008/B                                                                +0    3462   
a_module_srl_47_33_g3008/Y                              NOR2X2             4  2.6   56   +59    3520 F 
a_module_srl_47_33_g2991/A                                                                +0    3520   
a_module_srl_47_33_g2991/Y                              CLKINVX4          22  7.0   51   +54    3575 R 
a_module_srl_47_33_g2845/A                                                                +0    3575   
a_module_srl_47_33_g2845/Y                              NOR2X1             1  0.3   35   +54    3629 F 
a_module_srl_47_33_g2833/B0                                                               +0    3629   
a_module_srl_47_33_g2833/Y                              AOI21X1            2  0.6   61   +62    3691 R 
a_module_srl_47_33_g2802/A1                                                               +0    3691   
a_module_srl_47_33_g2802/Y                              OAI22X1            2  0.6  109  +119    3810 F 
g29776/A1                                                                                 +0    3810   
g29776/Y                                                AOI21X1            1  0.4   58  +102    3912 R 
g29762/B                                                                                  +0    3912   
g29762/Y                                                NAND2X1            2  0.7   76   +82    3994 F 
csa_tree_o_module_add_36_47_groupi_g5378/B                                                +0    3994   
csa_tree_o_module_add_36_47_groupi_g5378/Y              XNOR2X1            2  1.0   43  +147    4140 F 
csa_tree_o_module_add_36_47_groupi_g5129/B                                                +0    4140   
csa_tree_o_module_add_36_47_groupi_g5129/Y              NOR2X2             2  1.0   54   +54    4194 R 
csa_tree_o_module_add_36_47_groupi_g5071/A1                                               +0    4194   
csa_tree_o_module_add_36_47_groupi_g5071/Y              AOI21X2            2  1.0   78   +90    4285 F 
csa_tree_o_module_add_36_47_groupi_g5040/A1                                               +0    4285   
csa_tree_o_module_add_36_47_groupi_g5040/Y              OAI21X2            2  1.2   72   +87    4371 R 
csa_tree_o_module_add_36_47_groupi_g5025/A1                                               +0    4371   
csa_tree_o_module_add_36_47_groupi_g5025/Y              AOI21X2            3  1.3   88  +104    4475 F 
csa_tree_o_module_add_36_47_groupi_g5010/B                                                +0    4475   
csa_tree_o_module_add_36_47_groupi_g5010/Y              NOR2X1             2  0.8   68   +88    4563 R 
csa_tree_o_module_add_36_47_groupi_g4996/A1                                               +0    4563   
csa_tree_o_module_add_36_47_groupi_g4996/Y              AOI21X1            2  0.6   85  +105    4668 F 
csa_tree_o_module_add_36_47_groupi_g4980/B                                                +0    4668   
csa_tree_o_module_add_36_47_groupi_g4980/Y              NOR2X1             1  0.8   68   +86    4754 R 
csa_tree_o_module_add_36_47_groupi_g4889/C0                                               +0    4754   
csa_tree_o_module_add_36_47_groupi_g4889/Y              AOI211X2           1  0.4   79   +54    4808 F 
csa_tree_o_module_add_36_47_groupi_g4875/B                                                +0    4808   
csa_tree_o_module_add_36_47_groupi_g4875/Y              XNOR2XL            3  0.8   44  +174    4983 R 
g51208__6131/B                                                                            +0    4983   
g51208__6131/Y                                          NOR2XL             1  0.3   41   +49    5031 F 
g51167__1705/B                                                                            +0    5031   
g51167__1705/Y                                          CLKAND2X2          1  2.2   46  +104    5136 F 
g51163__3680/B                                                                            +0    5136   
g51163__3680/Y                                          NAND2X6            5  3.2   32   +38    5174 R 
g51094__5115/B                                                                            +0    5174   
g51094__5115/Y                                          NOR2BX1            1  0.4   32   +37    5210 F 
g51006__6260/A1                                                                           +0    5210   
g51006__6260/Y                                          AOI221X1           1  0.8  128  +148    5358 R 
g51001__6417/B                                                                            +0    5358   
g51001__6417/Y                                          NAND2X2            1  1.4   86  +116    5474 F 
g50987__7098/A                                                                            +0    5474   
g50987__7098/Y                                          NOR2X4             7  4.2   74   +95    5569 R 
g50977/A                                                                                  +0    5569   
g50977/Y                                                INVX2              3  1.3   37   +59    5628 F 
g50956__6131/A1                                                                           +0    5628   
g50956__6131/Y                                          OAI21X2            2  1.6   77   +71    5699 R 
g50945/A                                                                                  +0    5699   
g50945/Y                                                INVX3              1  2.9   45   +63    5762 F 
g50909__2802/B                                                                            +0    5762   
g50909__2802/Y                                          NAND2X8           18  6.2   38   +41    5802 R 
g50890__2346/B                                                                            +0    5802   
g50890__2346/Y                                          NAND2X1            3  0.7   78   +71    5873 F 
g50852__9315/B                                                                            +0    5873   
g50852__9315/Y                                          NOR2XL             1  0.4   61   +81    5954 R 
g50741__1617/A                                                                            +0    5954   
g50741__1617/Y                                          NAND2X1            1  0.3   58   +80    6034 F 
g50719__4733/A                                                                            +0    6034   
g50719__4733/Y                                          CLKAND2X2          5  2.9   54  +127    6161 F 
g50682__9315/B                                                                            +0    6161   
g50682__9315/Y                                          NAND2BX2           2  0.8   31   +44    6205 R 
g50668__5122/B0                                                                           +0    6205   
g50668__5122/Y                                          AOI21X1            3  0.9  100   +43    6248 F 
g50654/A                                                                                  +0    6248   
g50654/Y                                                INVX1              1  1.6   57   +83    6331 R 
g50603__2346/B0                                                                           +0    6331   
g50603__2346/Y                                          OAI21X4            6  3.5  100  +100    6431 F 
fopt51361/A                                                                               +0    6431   
fopt51361/Y                                             CLKINVX4          11  4.8   47   +68    6499 R 
g50550__2802/A                                                                            +0    6499   
g50550__2802/Y                                          NAND2X2            6  2.0   94   +92    6591 F 
g50542/A                                                                                  +0    6591   
g50542/Y                                                INVX1              6  2.0   64   +84    6675 R 
g50342__8246/A1N                                                                          +0    6675   
g50342__8246/Y                                          OAI2BB1X1          1  0.4   33  +141    6816 R 
g50335__5526/B                                                                            +0    6816   
g50335__5526/Y                                          NOR2X1             2  0.6   39   +40    6856 F 
g50333__4319/A                                                                            +0    6856   
g50333__4319/Y                                          NOR2XL             1  0.2   42   +60    6916 R 
g50327__7410/B                                                                            +0    6916   
g50327__7410/Y                                          NOR2XL             1  0.2   39   +46    6962 F 
g50248__6161/A                                                                            +0    6962   
g50248__6161/Y                                          NAND2XL            1  0.0   22   +38    7000 R 
o_res[17]                                          <<<  interconnect                22    +0    7000 R 
                                                        out port                          +0    7000 R 
(constraint.sdc_line_7_170_1)                           ext delay                      +1000    8000 R 
-------------------------------------------------------------------------------------------------------
Exception    : 'path_delays/constraint.sdc_line_10'    8000ps
Timing slack :       0ps 
Start-point  : i_A[7]
End-point    : o_res[17]

