============================================================
  Generated by:           Genus(TM) Synthesis Solution 20.10-p001_1
  Generated on:           Nov 25 2024  09:46:20 pm
  Module:                 FADD
  Technology library:     slow_vdd1v0 1.0
  Operating conditions:   PVT_0P9V_125C (balanced_tree)
  Wireload mode:          enclosed
  Area mode:              timing library
============================================================

                        Pin                                  Type       Fanout Load Slew Delay Arrival   
                                                                               (fF) (ps)  (ps)   (ps)    
---------------------------------------------------------------------------------------------------------
(constraint.sdc_line_3_30_1)                              ext delay                      +1000    1000 F 
i_A[33]                                                   in port            4  1.3    0    +0    1000 F 
e_module_gt_40_27_g2110/AN                                                                  +0    1000   
e_module_gt_40_27_g2110/Y                                 NAND2BX1HVT        1  0.6  119  +134    1134 F 
e_module_gt_40_27_g1821/B0                                                                  +0    1134   
e_module_gt_40_27_g1821/Y                                 OAI31X2HVT         1  0.7  110   +92    1226 R 
e_module_gt_40_27_g1804/A1                                                                  +0    1226   
e_module_gt_40_27_g1804/Y                                 AOI21X2HVT         1  0.6  116  +161    1387 F 
e_module_gt_40_27_g2096/B                                                                   +0    1387   
e_module_gt_40_27_g2096/Y                                 NOR2BX2HVT         1  1.3   89  +118    1504 R 
e_module_gt_40_27_g1773/B                                                                   +0    1504   
e_module_gt_40_27_g1773/Y                                 NOR2X4HVT          1  1.2   61   +82    1586 F 
e_module_gt_40_27_g1768/B                                                                   +0    1586   
e_module_gt_40_27_g1768/Y                                 NOR2X4HVT          1  1.3   66   +71    1657 R 
e_module_gt_40_27_g1764/B                                                                   +0    1657   
e_module_gt_40_27_g1764/Y                                 NOR2X4HVT          1  1.2   51   +68    1725 F 
e_module_gt_40_27_g1761/A1                                                                  +0    1725   
e_module_gt_40_27_g1761/Y                                 OAI21X4HVT         1  2.7   91   +91    1816 R 
e_module_gt_40_27_g1758/B                                                                   +0    1816   
e_module_gt_40_27_g1758/Y                                 NOR2X8HVT         13  6.4   82   +94    1910 F 
g24515/A                                                                                    +0    1910   
g24515/Y                                                  CLKINVX8HVT       16  4.8   40   +64    1974 R 
g24410__7410/S0                                                                             +0    1974   
g24410__7410/Y                                            MX2X1HVT           2  0.5   50  +203    2177 F 
g24316__6260/A                                                                              +0    2177   
g24316__6260/Y                                            NOR2X1HVT          1  0.3   55   +78    2255 R 
g24303__7482/A                                                                              +0    2255   
g24303__7482/Y                                            NAND2X1HVT         1  0.2   80  +111    2366 F 
g24278__1666/A                                                                              +0    2366   
g24278__1666/Y                                            OR3X1HVT           2  1.4   92  +283    2649 F 
g24166__8428/A2                                                                             +0    2649   
g24166__8428/Y                                            OAI31X4HVT         2  0.9  101  +123    2772 R 
csa_tree_a_module_inst1_sub_23_17_groupi_g1363/CI                                           +0    2772   
csa_tree_a_module_inst1_sub_23_17_groupi_g1363/CON        ACHCONX2HVT        2  0.9  162  +181    2953 F 
csa_tree_a_module_inst1_sub_23_17_groupi_g1310/A1                                           +0    2953   
csa_tree_a_module_inst1_sub_23_17_groupi_g1310/Y          AOI21X2HVT         4  0.8   70  +156    3109 R 
csa_tree_a_module_inst1_sub_23_17_groupi_g1436/A1N                                          +0    3109   
csa_tree_a_module_inst1_sub_23_17_groupi_g1436/Y          AOI2BB1X1HVT       3  0.6   74  +152    3261 R 
csa_tree_a_module_inst1_sub_23_17_groupi_g1301_0/A1N                                        +0    3261   
csa_tree_a_module_inst1_sub_23_17_groupi_g1301_0/Y        AOI2BB1X1HVT       2  0.5   71  +150    3411 R 
csa_tree_a_module_inst1_sub_23_17_groupi_g1292/B                                            +0    3411   
csa_tree_a_module_inst1_sub_23_17_groupi_g1292/Y          CLKXOR2X1HVT       2  1.5   70  +260    3672 R 
g20619__6260/A1                                                                             +0    3672   
g20619__6260/Y                                            AOI21X4HVT         1  1.8  132  +144    3816 F 
g20616/A                                                                                    +0    3816   
g20616/Y                                                  CLKINVX6HVT       27 10.5   80  +109    3925 R 
a_module_srl_47_33_g5717/A                                                                  +0    3925   
a_module_srl_47_33_g5717/Y                                CLKINVX8HVT       18  4.3   56   +76    4001 F 
a_module_srl_47_33_g5636/A1N                                                                +0    4001   
a_module_srl_47_33_g5636/Y                                AOI2BB1X1HVT       2  0.6   67  +153    4154 F 
a_module_srl_47_33_g5596/B                                                                  +0    4154   
a_module_srl_47_33_g5596/Y                                NOR2X1HVT          2  0.4   62   +81    4236 R 
a_module_srl_47_33_g5583_46398/B                                                            +0    4236   
a_module_srl_47_33_g5583_46398/Y                          OR2XLHVT           2  0.5   40  +115    4350 R 
a_module_srl_47_33_g5721/AN                                                                 +0    4350   
a_module_srl_47_33_g5721/Y                                NOR2BX1HVT         1  0.3   56  +132    4482 R 
a_module_srl_47_33_g5474/C                                                                  +0    4482   
a_module_srl_47_33_g5474/Y                                NOR3X1HVT          1  0.3   71   +71    4553 F 
a_module_srl_47_33_g5449/B                                                                  +0    4553   
a_module_srl_47_33_g5449/Y                                NOR2X1HVT          2  0.4   64   +84    4637 R 
g25049/A1N                                                                                  +0    4637   
g25049/Y                                                  AOI2BB1XLHVT       1  0.3   70  +131    4768 R 
g25002/B                                                                                    +0    4768   
g25002/Y                                                  NAND2BX1HVT        2  0.5  112  +121    4889 F 
csa_tree_o_module_add_36_47_groupi_g5602/B                                                  +0    4889   
csa_tree_o_module_add_36_47_groupi_g5602/Y                XOR2XLHVT          2  0.5   45  +223    5111 R 
g46434/B                                                                                    +0    5111   
g46434/Y                                                  AND2X1HVT          2  1.0   52  +228    5340 R 
csa_tree_o_module_add_36_47_groupi_g5413/B0                                                 +0    5340   
csa_tree_o_module_add_36_47_groupi_g5413/Y                AOI21X2HVT         3  0.6  113   +62    5402 F 
csa_tree_o_module_add_36_47_groupi_g5376_46402/A1N                                          +0    5402   
csa_tree_o_module_add_36_47_groupi_g5376_46402/Y          AOI2BB1X1HVT       2  0.4   63  +177    5579 F 
csa_tree_o_module_add_36_47_groupi_g46403/A1N                                               +0    5579   
csa_tree_o_module_add_36_47_groupi_g46403/Y               AOI2BB1X1HVT       3  0.8   79  +161    5740 F 
csa_tree_o_module_add_36_47_groupi_g5751/A1                                                 +0    5740   
csa_tree_o_module_add_36_47_groupi_g5751/Y                OA21X1HVT          2  0.5   50  +178    5918 F 
csa_tree_o_module_add_36_47_groupi_g5327/A1                                                 +0    5918   
csa_tree_o_module_add_36_47_groupi_g5327/Y                OAI21X1HVT         1  0.3   67   +82    6000 R 
csa_tree_o_module_add_36_47_groupi_g5215/A                                                  +0    6000   
csa_tree_o_module_add_36_47_groupi_g5215/Y                NOR2X1HVT          1  0.3   55   +86    6086 F 
csa_tree_o_module_add_36_47_groupi_g5201/B                                                  +0    6086   
csa_tree_o_module_add_36_47_groupi_g5201/Y                XNOR2X1HVT         3  0.7   47  +268    6354 R 
g45534__2883/A                                                                              +0    6354   
g45534__2883/Y                                            OR2XLHVT           1  0.2   25  +111    6465 R 
g45479__5526/A                                                                              +0    6465   
g45479__5526/Y                                            OR3XLHVT           2  0.6   47  +130    6595 R 
g45393__5526/A0                                                                             +0    6595   
g45393__5526/Y                                            OAI21X1HVT         3  0.8  160  +172    6767 F 
g45372__7482/A                                                                              +0    6767   
g45372__7482/Y                                            NOR2X1HVT          2  0.5   71  +154    6920 R 
g45358__3680/B                                                                              +0    6920   
g45358__3680/Y                                            NAND2X1HVT         3  0.8  140  +138    7059 F 
g45635__7098/B                                                                              +0    7059   
g45635__7098/Y                                            NOR2X1HVT          1  1.3  121  +157    7216 R 
g45339__1666/B                                                                              +0    7216   
g45339__1666/Y                                            NAND2X4HVT         4  1.7  120  +143    7359 F 
g45267__1666/A1                                                                             +0    7359   
g45267__1666/Y                                            OAI21X2HVT         1  1.3   98  +133    7492 R 
g45231__9945/A                                                                              +0    7492   
g45231__9945/Y                                            NOR2X4HVT          2  3.6   91  +113    7605 F 
g45207__5107/B                                                                              +0    7605   
g45207__5107/Y                                            NOR2X4HVT          2  2.0   74   +93    7698 R 
g45193__9315/B                                                                              +0    7698   
g45193__9315/Y                                            NOR2X2HVT          4  1.0   62   +82    7780 F 
g46188/AN                                                                                   +0    7780   
g46188/Y                                                  NOR2BX1HVT         1  0.3   47  +106    7886 F 
g45044__1705/C0                                                                             +0    7886   
g45044__1705/Y                                            AOI221X1HVT        2  0.5  137  +132    8018 R 
g45013__1666/A                                                                              +0    8018   
g45013__1666/Y                                            NAND2X1HVT         1  0.6  122  +191    8209 F 
g45617__1666/B                                                                              +0    8209   
g45617__1666/Y                                            NOR2BX2HVT         3  1.3   90  +121    8329 R 
g45611__4733/AN                                                                             +0    8329   
g45611__4733/Y                                            NOR2BXLHVT         1  0.3   66  +150    8479 R 
g44930__8428/A1N                                                                            +0    8479   
g44930__8428/Y                                            AOI2BB1X4HVT      10  2.8   87  +187    8666 R 
fopt46258/A                                                                                 +0    8666   
fopt46258/Y                                               INVXLHVT           1  0.3   52   +98    8764 F 
g44648__1705/A0                                                                             +0    8764   
g44648__1705/Y                                            OAI21X1HVT         1  0.3   70   +94    8858 R 
g44643__3680/A                                                                              +0    8858   
g44643__3680/Y                                            NOR2X1HVT          1  0.3   56   +88    8946 F 
g44630__1666/A                                                                              +0    8946   
g44630__1666/Y                                            NAND2X1HVT         2  0.4   40   +61    9007 R 
g45586__9945/AN                                                                             +0    9007   
g45586__9945/Y                                            NOR2BX1HVT         1  0.2   51  +128    9135 R 
g44613__1705/A1N                                                                            +0    9135   
g44613__1705/Y                                            AOI2BB1XLHVT       1  0.2   56  +117    9252 R 
g44592__9315/D                                                                              +0    9252   
g44592__9315/Y                                            NAND4XLHVT         1  0.0  227  +187    9439 F 
o_res[21]                                            <<<  interconnect               227    +0    9439 F 
                                                          out port                          +0    9439 F 
(constraint.sdc_line_7_166_1)                             ext delay                      +1000   10439 F 
---------------------------------------------------------------------------------------------------------
Exception    : 'path_delays/constraint.sdc_line_10'    8000ps
Timing slack :   -2439ps (TIMING VIOLATION)
Start-point  : i_A[33]
End-point    : o_res[21]

