============================================================
  Generated by:           Genus(TM) Synthesis Solution 20.10-p001_1
  Generated on:           Nov 25 2024  09:55:09 pm
  Module:                 FADD
  Technology library:     slow_vdd1v0 1.0
  Operating conditions:   PVT_0P9V_125C (balanced_tree)
  Wireload mode:          enclosed
  Area mode:              timing library
============================================================

                      Pin                                 Type       Fanout Load Slew Delay Arrival   
                                                                            (fF) (ps)  (ps)   (ps)    
------------------------------------------------------------------------------------------------------
(constraint.sdc_line_3_50_1)                           ext delay                      +1000    1000 R 
i_A[13]                                                in port            5  1.9    0    +0    1000 R 
g19497__23833/B                                                                          +0    1000   
g19497__23833/Y                                        NAND2BX2LVT        4  1.4   43   +31    1031 F 
e_module_gt_40_27_g1675/B                                                                +0    1031   
e_module_gt_40_27_g1675/Y                              NAND2X1LVT         1  0.4   19   +30    1061 R 
e_module_gt_40_27_g1585/B                                                                +0    1061   
e_module_gt_40_27_g1585/Y                              NAND2X1LVT         1  0.4   34   +34    1095 F 
e_module_gt_40_27_g1561/A1                                                               +0    1095   
e_module_gt_40_27_g1561/Y                              AOI21X1LVT         1  0.4   36   +43    1138 R 
e_module_gt_40_27_g1536/B0                                                               +0    1138   
e_module_gt_40_27_g1536/Y                              OAI21X1LVT         1  0.8   59   +60    1199 F 
e_module_gt_40_27_g1531/A                                                                +0    1199   
e_module_gt_40_27_g1531/Y                              NOR2X2LVT          1  0.9   31   +50    1248 R 
e_module_gt_40_27_g1527/B                                                                +0    1248   
e_module_gt_40_27_g1527/Y                              NOR2X2LVT          1  1.6   27   +29    1277 F 
e_module_gt_40_27_g1525/A                                                                +0    1277   
e_module_gt_40_27_g1525/Y                              NOR2X4LVT          1  1.8   35   +36    1313 R 
e_module_gt_40_27_g1524/B                                                                +0    1313   
e_module_gt_40_27_g1524/Y                              NOR2X4LVT          1  3.1   30   +29    1342 F 
e_module_gt_40_27_g1523/A                                                                +0    1342   
e_module_gt_40_27_g1523/Y                              NOR2X8LVT         26 12.9   74   +57    1400 R 
g23791/S0                                                                                +0    1400   
g23791/Y                                               MX2X1LVT           4  1.0   27  +115    1515 F 
g19382__5526/A                                                                           +0    1515   
g19382__5526/Y                                         NOR2X1LVT          1  0.4   29   +37    1552 R 
g19369__9945/B                                                                           +0    1552   
g19369__9945/Y                                         NAND2X1LVT         1  0.4   35   +38    1590 F 
g19351__8428/A                                                                           +0    1590   
g19351__8428/Y                                         NOR2X1LVT          1  0.4   30   +41    1631 R 
g19348__5107/B                                                                           +0    1631   
g19348__5107/Y                                         NAND2X1LVT         2  0.6   42   +42    1673 F 
g19337__9315/B                                                                           +0    1673   
g19337__9315/Y                                         NOR2X1LVT          2  0.6   36   +41    1715 R 
g19335__6161/B                                                                           +0    1715   
g19335__6161/Y                                         NAND2X1LVT         1  0.4   36   +42    1756 F 
g19226__2802/B0                                                                          +0    1756   
g19226__2802/Y                                         OAI21X1LVT         1  0.4   40   +28    1784 R 
csa_tree_a_module_inst1_sub_23_17_groupi_fopt/A                                          +0    1784   
csa_tree_a_module_inst1_sub_23_17_groupi_fopt/Y        INVX1LVT           1  0.9   25   +34    1818 F 
csa_tree_a_module_inst1_sub_23_17_groupi_g1099/CI                                        +0    1818   
csa_tree_a_module_inst1_sub_23_17_groupi_g1099/CO      ADDFHXLLVT         2  1.0   33  +103    1921 F 
g23822/B                                                                                 +0    1921   
g23822/Y                                               XOR2X4LVT         55 23.6  120  +181    2102 R 
a_module_srl_46_33_g5479/A                                                               +0    2102   
a_module_srl_46_33_g5479/Y                             CLKINVX4LVT       47 18.8  106   +96    2198 F 
a_module_srl_46_33_g5379/B0                                                              +0    2198   
a_module_srl_46_33_g5379/Y                             OAI22X1LVT         2  0.8   81   +81    2279 R 
a_module_srl_46_33_g5329/A1                                                              +0    2279   
a_module_srl_46_33_g5329/Y                             AOI21X1LVT         2  0.8   65   +83    2362 F 
a_module_srl_46_33_g5278/B                                                               +0    2362   
a_module_srl_46_33_g5278/Y                             NOR2X1LVT          1  0.4   34   +48    2410 R 
g23883/B0                                                                                +0    2410   
g23883/Y                                               AOI2BB1X1LVT       2  0.4   23   +33    2443 F 
a_module_srl_46_33_g5224/B                                                               +0    2443   
a_module_srl_46_33_g5224/Y                             NOR2XLLVT          1  0.2   30   +30    2473 R 
a_module_srl_46_33_g5223/B                                                               +0    2473   
a_module_srl_46_33_g5223/Y                             NOR2XLLVT          1  0.4   30   +31    2504 F 
a_module_srl_46_33_g5173/A1                                                              +0    2504   
a_module_srl_46_33_g5173/Y                             OAI21X1LVT         2  0.8   53   +48    2553 R 
g21866__7482/B                                                                           +0    2553   
g21866__7482/Y                                         NAND2X1LVT         1  0.2   32   +46    2598 F 
g21844__1666/A                                                                           +0    2598   
g21844__1666/Y                                         NOR2XLLVT          1  0.4   41   +45    2643 R 
g21802__1705/A                                                                           +0    2643   
g21802__1705/Y                                         NAND2X1LVT         1  0.4   35   +48    2691 F 
g21799__3680/B0                                                                          +0    2691   
g21799__3680/Y                                         OAI211X1LVT        1  0.6   64   +33    2724 R 
csa_tree_o_module_add_36_47_groupi_g2365/CI                                              +0    2724   
csa_tree_o_module_add_36_47_groupi_g2365/CO            ADDFX1LVT          1  0.6   26  +131    2856 R 
csa_tree_o_module_add_36_47_groupi_g2339/CI                                              +0    2856   
csa_tree_o_module_add_36_47_groupi_g2339/CO            ADDFX1LVT          1  0.6   26  +116    2971 R 
csa_tree_o_module_add_36_47_groupi_g2329/CI                                              +0    2971   
csa_tree_o_module_add_36_47_groupi_g2329/CO            ADDFX1LVT          1  0.6   26  +115    3087 R 
csa_tree_o_module_add_36_47_groupi_g2320/CI                                              +0    3087   
csa_tree_o_module_add_36_47_groupi_g2320/CO            ADDFX1LVT          3  1.1   33  +119    3206 R 
csa_tree_o_module_add_36_47_groupi_g2318/B                                               +0    3206   
csa_tree_o_module_add_36_47_groupi_g2318/Y             NAND2X1LVT         1  0.4   36   +40    3246 F 
csa_tree_o_module_add_36_47_groupi_g2317/B                                               +0    3246   
csa_tree_o_module_add_36_47_groupi_g2317/Y             NAND2BX1LVT        1  0.6   21   +29    3275 R 
csa_tree_o_module_add_36_47_groupi_g2303/CI                                              +0    3275   
csa_tree_o_module_add_36_47_groupi_g2303/CO            ADDFX1LVT          1  0.6   26  +114    3389 R 
csa_tree_o_module_add_36_47_groupi_g2296/CI                                              +0    3389   
csa_tree_o_module_add_36_47_groupi_g2296/CO            ADDFX1LVT          4  1.5   38  +122    3511 R 
csa_tree_o_module_add_36_47_groupi_g2294/B                                               +0    3511   
csa_tree_o_module_add_36_47_groupi_g2294/Y             NAND2X1LVT         1  0.4   36   +43    3554 F 
csa_tree_o_module_add_36_47_groupi_g2289/B                                               +0    3554   
csa_tree_o_module_add_36_47_groupi_g2289/Y             NAND2BX1LVT        2  1.4   33   +36    3589 R 
csa_tree_o_module_add_36_47_groupi_g2282/B                                               +0    3589   
csa_tree_o_module_add_36_47_groupi_g2282/Y             NAND2X2LVT         3  1.0   38   +40    3629 F 
csa_tree_o_module_add_36_47_groupi_g2278/B                                               +0    3629   
csa_tree_o_module_add_36_47_groupi_g2278/Y             NOR2X1LVT          1  0.4   30   +36    3666 R 
csa_tree_o_module_add_36_47_groupi_g2274/B                                               +0    3666   
csa_tree_o_module_add_36_47_groupi_g2274/Y             NOR2X1LVT          3  1.2   36   +33    3699 F 
csa_tree_o_module_add_36_47_groupi_g2268/B                                               +0    3699   
csa_tree_o_module_add_36_47_groupi_g2268/Y             NOR2X1LVT          1  0.4   30   +36    3735 R 
csa_tree_o_module_add_36_47_groupi_g2260/B                                               +0    3735   
csa_tree_o_module_add_36_47_groupi_g2260/Y             NOR2X1LVT          2  0.8   32   +30    3764 F 
csa_tree_o_module_add_36_47_groupi_g2258/B                                               +0    3764   
csa_tree_o_module_add_36_47_groupi_g2258/Y             NOR2X1LVT          1  0.4   30   +34    3798 R 
csa_tree_o_module_add_36_47_groupi_g2252/B                                               +0    3798   
csa_tree_o_module_add_36_47_groupi_g2252/Y             NOR2X1LVT          2  0.6   31   +28    3826 F 
csa_tree_o_module_add_36_47_groupi_g2241/D                                               +0    3826   
csa_tree_o_module_add_36_47_groupi_g2241/Y             NOR4X1LVT          1  0.4   75   +54    3880 R 
csa_tree_o_module_add_36_47_groupi_g2239/B                                               +0    3880   
csa_tree_o_module_add_36_47_groupi_g2239/Y             NOR2X1LVT          5  1.6   44   +58    3938 F 
csa_tree_o_module_add_36_47_groupi_g2230/C                                               +0    3938   
csa_tree_o_module_add_36_47_groupi_g2230/Y             NOR3X1LVT          1  0.4   53   +49    3987 R 
csa_tree_o_module_add_36_47_groupi_g2227/B                                               +0    3987   
csa_tree_o_module_add_36_47_groupi_g2227/Y             NOR2BX1LVT         2  0.8   28   +41    4028 F 
csa_tree_o_module_add_36_47_groupi_g2218/B                                               +0    4028   
csa_tree_o_module_add_36_47_groupi_g2218/Y             NOR2X1LVT          1  0.4   32   +32    4060 R 
csa_tree_o_module_add_36_47_groupi_g2217/B                                               +0    4060   
csa_tree_o_module_add_36_47_groupi_g2217/Y             NOR2X1LVT          3  1.2   36   +34    4094 F 
csa_tree_o_module_add_36_47_groupi_g2209/B                                               +0    4094   
csa_tree_o_module_add_36_47_groupi_g2209/Y             NOR2X1LVT          1  0.4   31   +36    4129 R 
csa_tree_o_module_add_36_47_groupi_g2207/B                                               +0    4129   
csa_tree_o_module_add_36_47_groupi_g2207/Y             NOR2X1LVT          2  0.8   30   +30    4159 F 
csa_tree_o_module_add_36_47_groupi_g2198/A1                                              +0    4159   
csa_tree_o_module_add_36_47_groupi_g2198/Y             OAI21X1LVT         1  0.6   45   +45    4204 R 
csa_tree_o_module_add_36_47_groupi_g2189/CI                                              +0    4204   
csa_tree_o_module_add_36_47_groupi_g2189/CO            ADDFX1LVT          1  0.6   26  +124    4328 R 
csa_tree_o_module_add_36_47_groupi_g2188/CI                                              +0    4328   
csa_tree_o_module_add_36_47_groupi_g2188/CO            ADDFX1LVT          1  0.6   26  +116    4443 R 
csa_tree_o_module_add_36_47_groupi_g2187/CI                                              +0    4443   
csa_tree_o_module_add_36_47_groupi_g2187/CO            ADDFX1LVT          1  0.5   24  +115    4558 R 
csa_tree_o_module_add_36_47_groupi_g2186/B                                               +0    4558   
csa_tree_o_module_add_36_47_groupi_g2186/Y             XNOR2X1LVT         4  2.6   52   +99    4657 F 
g23743__9315/A1                                                                          +0    4657   
g23743__9315/Y                                         OAI21X4LVT        16  7.7   82   +71    4728 R 
g23741/A                                                                                 +0    4728   
g23741/Y                                               INVX3LVT          14  5.2   48   +56    4784 F 
g23735__6131/B                                                                           +0    4784   
g23735__6131/Y                                         OR2X1LVT           4  1.4   32   +84    4868 F 
g23707__9945/B                                                                           +0    4868   
g23707__9945/Y                                         NOR2X1LVT          2  0.7   38   +39    4906 R 
g23695__6131/B                                                                           +0    4906   
g23695__6131/Y                                         CLKAND2X2LVT      10  3.4   35   +78    4984 R 
g23680__4319/B                                                                           +0    4984   
g23680__4319/Y                                         AND2X1LVT          1  1.8   36   +97    5082 R 
g23665__7482/B0                                                                          +0    5082   
g23665__7482/Y                                         OAI21X4LVT        10  3.8   64   +60    5142 F 
g23651__6783/A1                                                                          +0    5142   
g23651__6783/Y                                         OAI21X1LVT         2  1.1   64   +69    5211 R 
g23646__6260/B                                                                           +0    5211   
g23646__6260/Y                                         NOR2X2LVT         11  4.0   51   +54    5265 F 
g23637__7410/B                                                                           +0    5265   
g23637__7410/Y                                         OR2X1LVT           7  2.4   48   +93    5358 F 
g23634/A                                                                                 +0    5358   
g23634/Y                                               INVXLLVT           1  0.2   17   +33    5391 R 
g23608__5477/A1                                                                          +0    5391   
g23608__5477/Y                                         AOI21XLLVT         1  0.2   52   +48    5439 F 
g23591__7098/A                                                                           +0    5439   
g23591__7098/Y                                         NAND2XLLVT         1  0.2   23   +39    5478 R 
g23762__3680/AN                                                                          +0    5478   
g23762__3680/Y                                         NOR2BX2LVT        15  5.6  102  +112    5590 R 
g23572__2398/B                                                                           +0    5590   
g23572__2398/Y                                         NAND2X1LVT         2  0.8   57   +80    5670 F 
g23554__7098/B                                                                           +0    5670   
g23554__7098/Y                                         NAND2BX1LVT        6  1.6   38   +47    5716 R 
g23534__7410/B                                                                           +0    5716   
g23534__7410/Y                                         OR2X1LVT          15  5.6   87   +92    5808 R 
g23528/A                                                                                 +0    5808   
g23528/Y                                               INVX1LVT           4  1.4   40   +61    5869 F 
g23486__8246/A1                                                                          +0    5869   
g23486__8246/Y                                         AOI222X1LVT        1  0.4   90  +108    5978 R 
g23473__5477/B0                                                                          +0    5978   
g23473__5477/Y                                         OAI2BB1X1LVT       5  2.2   98  +105    6082 F 
g23436__7410/AN                                                                          +0    6082   
g23436__7410/Y                                         NAND3BXLLVT        2  0.6  103  +127    6209 F 
g23430__9315/A                                                                           +0    6209   
g23430__9315/Y                                         AND2X1LVT         19  8.2  139  +139    6348 F 
g23427/A                                                                                 +0    6348   
g23427/Y                                               INVX3LVT          17  6.7   62   +76    6424 R 
g23408__6260/B                                                                           +0    6424   
g23408__6260/Y                                         XNOR2X1LVT        13  4.6   84  +129    6554 F 
g23392/A                                                                                 +0    6554   
g23392/Y                                               INVX2LVT          11  3.6   44   +56    6609 R 
g23365__1666/A                                                                           +0    6609   
g23365__1666/Y                                         NOR2X1LVT          8  3.2   69   +62    6671 F 
g23330__2346/A1                                                                          +0    6671   
g23330__2346/Y                                         AOI222X1LVT        3  1.0  119  +135    6806 R 
g23242__7410/B1                                                                          +0    6806   
g23242__7410/Y                                         OA22X1LVT          1  0.4   19  +134    6940 R 
g23228__7098/C0                                                                          +0    6940   
g23228__7098/Y                                         OAI211X1LVT        1  0.0   64   +59    6999 F 
o_res[21]                                         <<<  interconnect                64    +0    6999 F 
                                                       out port                          +0    6999 F 
(constraint.sdc_line_7_166_1)                          ext delay                      +1000    7999 F 
------------------------------------------------------------------------------------------------------
Exception    : 'path_delays/constraint.sdc_line_10'    8000ps
Timing slack :       1ps 
Start-point  : i_A[13]
End-point    : o_res[21]

