============================================================
  Generated by:           Genus(TM) Synthesis Solution 20.10-p001_1
  Generated on:           Nov 25 2024  10:05:16 pm
  Module:                 FADD
  Technology library:     fast_vdd1v0 1.0
  Operating conditions:   PVT_1P1V_0C (balanced_tree)
  Wireload mode:          enclosed
  Area mode:              timing library
============================================================

                      Pin                                Type       Fanout Load Slew Delay Arrival   
                                                                           (fF) (ps)  (ps)   (ps)    
-----------------------------------------------------------------------------------------------------
(constraint.sdc_line_3_63_1)                          ext delay                      +1000    1000 R 
i_A[0]                                                in port            4  1.4    0    +0    1000 R 
e_module_gt_40_27_g2163/AN                                                              +0    1000   
e_module_gt_40_27_g2163/Y                             NOR2BX1            2  0.6   14   +22    1022 R 
e_module_gt_40_27_g2055/A1N                                                             +0    1022   
e_module_gt_40_27_g2055/Y                             OAI2BB1X1          1  0.3    7   +26    1048 R 
e_module_gt_40_27_g2049/B0                                                              +0    1048   
e_module_gt_40_27_g2049/Y                             OAI21XL            1  0.4   18   +17    1065 F 
e_module_gt_40_27_g2040/A1                                                              +0    1065   
e_module_gt_40_27_g2040/Y                             AOI22X1            1  0.5   22   +24    1090 R 
e_module_gt_40_27_g2034/A1                                                              +0    1090   
e_module_gt_40_27_g2034/Y                             OAI22X1            1  0.4   22   +25    1114 F 
e_module_gt_40_27_g2033/D                                                               +0    1114   
e_module_gt_40_27_g2033/Y                             NAND4BX1           1  0.5   14   +14    1129 R 
e_module_gt_40_27_g2032/C0                                                              +0    1129   
e_module_gt_40_27_g2032/Y                             OAI211X1           1  0.4   28   +26    1154 F 
e_module_gt_40_27_g2031/B1                                                              +0    1154   
e_module_gt_40_27_g2031/Y                             AOI221X1           1  0.3   29   +32    1187 R 
e_module_gt_40_27_g2030/D                                                               +0    1187   
e_module_gt_40_27_g2030/Y                             OR4X1              1  0.5    7   +22    1209 R 
e_module_gt_40_27_g2029/C0                                                              +0    1209   
e_module_gt_40_27_g2029/Y                             OAI211X1           1  0.4   28   +24    1232 F 
e_module_gt_40_27_g2028/B1                                                              +0    1232   
e_module_gt_40_27_g2028/Y                             AOI221X1           1  0.5   36   +35    1267 R 
e_module_gt_40_27_g2027/D                                                               +0    1267   
e_module_gt_40_27_g2027/Y                             NOR4BX1            1  0.2   13   +17    1284 F 
e_module_gt_40_27_g2026/C0                                                              +0    1284   
e_module_gt_40_27_g2026/Y                             AOI211XL           1  0.5   36   +26    1311 R 
e_module_gt_40_27_g2025/A2                                                              +0    1311   
e_module_gt_40_27_g2025/Y                             OAI31X1            1  0.4   22   +24    1335 F 
e_module_gt_40_27_g2024/B1                                                              +0    1335   
e_module_gt_40_27_g2024/Y                             AOI221X1           1  0.5   33   +33    1368 R 
e_module_gt_40_27_g2023/A1                                                              +0    1368   
e_module_gt_40_27_g2023/Y                             OAI22X1            1  0.4   22   +28    1396 F 
e_module_gt_40_27_g2022/A1                                                              +0    1396   
e_module_gt_40_27_g2022/Y                             AOI22X1            1  0.3   20   +24    1420 R 
e_module_gt_40_27_g2021/A1                                                              +0    1420   
e_module_gt_40_27_g2021/Y                             AO22X1            65 37.3  255  +176    1595 R 
g22757/A                                                                                +0    1595   
g22757/Y                                              INVX1             17  6.6   92  +108    1703 F 
g18992__8246/B1                                                                         +0    1703   
g18992__8246/Y                                        AO22X1            64 32.0  213  +162    1865 F 
g18979__5477/S0                                                                         +0    1865   
g18979__5477/Y                                        MX2XL              4  1.2   16   +64    1929 F 
g18975__2346/A                                                                          +0    1929   
g18975__2346/Y                                        OR2XL              1  0.2    5   +25    1954 F 
g18961__2802/D                                                                          +0    1954   
g18961__2802/Y                                        OR4X1              2  0.6   14   +51    2005 F 
g18959__3680/D                                                                          +0    2005   
g18959__3680/Y                                        OR4X1              2  0.7   15   +53    2058 F 
g18956__5526/A1                                                                         +0    2058   
g18956__5526/Y                                        OAI32X1            1  0.3   42   +33    2091 R 
csa_tree_a_module_inst1_sub_23_17_groupi_g586/A                                         +0    2091   
csa_tree_a_module_inst1_sub_23_17_groupi_g586/Y       INVXL              1  0.7   15   +22    2113 F 
csa_tree_a_module_inst1_sub_23_17_groupi_g554/CI                                        +0    2113   
csa_tree_a_module_inst1_sub_23_17_groupi_g554/CO      ADDFX1             1  0.7   12   +44    2157 F 
csa_tree_a_module_inst1_sub_23_17_groupi_g553/CI                                        +0    2157   
csa_tree_a_module_inst1_sub_23_17_groupi_g553/CO      ADDFX1             1  0.7   12   +43    2200 F 
csa_tree_a_module_inst1_sub_23_17_groupi_g552/CI                                        +0    2200   
csa_tree_a_module_inst1_sub_23_17_groupi_g552/CO      ADDFX1             1  0.7   12   +43    2244 F 
csa_tree_a_module_inst1_sub_23_17_groupi_g551/CI                                        +0    2244   
csa_tree_a_module_inst1_sub_23_17_groupi_g551/CO      ADDFX1             1  0.7   12   +43    2287 F 
csa_tree_a_module_inst1_sub_23_17_groupi_g550/CI                                        +0    2287   
csa_tree_a_module_inst1_sub_23_17_groupi_g550/CO      ADDFX1             1  0.7   12   +43    2331 F 
csa_tree_a_module_inst1_sub_23_17_groupi_g549/CI                                        +0    2331   
csa_tree_a_module_inst1_sub_23_17_groupi_g549/CO      ADDFX1             1  0.7   12   +43    2374 F 
csa_tree_a_module_inst1_sub_23_17_groupi_g548/CI                                        +0    2374   
csa_tree_a_module_inst1_sub_23_17_groupi_g548/CO      ADDFX1             1  0.7   12   +43    2417 F 
csa_tree_a_module_inst1_sub_23_17_groupi_g547/CI                                        +0    2417   
csa_tree_a_module_inst1_sub_23_17_groupi_g547/CO      ADDFX1             1  0.7   12   +43    2461 F 
csa_tree_a_module_inst1_sub_23_17_groupi_g546/CI                                        +0    2461   
csa_tree_a_module_inst1_sub_23_17_groupi_g546/CO      ADDFX1             1  0.7   12   +43    2504 F 
csa_tree_a_module_inst1_sub_23_17_groupi_g545/CI                                        +0    2504   
csa_tree_a_module_inst1_sub_23_17_groupi_g545/CO      ADDFX1             1  0.7   12   +43    2547 F 
csa_tree_a_module_inst1_sub_23_17_groupi_g544/CI                                        +0    2547   
csa_tree_a_module_inst1_sub_23_17_groupi_g544/S       ADDFX1             2  0.7   12   +52    2599 F 
g22684__5122/C                                                                          +0    2599   
g22684__5122/Y                                        NOR3X1             2  0.8   29   +21    2620 R 
g22654__1705/A1                                                                         +0    2620   
g22654__1705/Y                                        OAI21X1            3  1.0   37   +25    2645 F 
g22623__1617/B                                                                          +0    2645   
g22623__1617/Y                                        NAND2X1           24 12.0   91   +60    2706 R 
g22550__9945/B0                                                                         +0    2706   
g22550__9945/Y                                        OAI211X1           1  0.7   37   +56    2761 F 
csa_tree_o_module_add_36_47_groupi_g1501/CI                                             +0    2761   
csa_tree_o_module_add_36_47_groupi_g1501/CO           ADDFX1             1  0.7   12   +49    2810 F 
csa_tree_o_module_add_36_47_groupi_g1498/CI                                             +0    2810   
csa_tree_o_module_add_36_47_groupi_g1498/CO           ADDFX1             1  0.7   12   +43    2854 F 
csa_tree_o_module_add_36_47_groupi_g1495/CI                                             +0    2854   
csa_tree_o_module_add_36_47_groupi_g1495/CO           ADDFX1             1  0.7   12   +43    2897 F 
csa_tree_o_module_add_36_47_groupi_g1492/CI                                             +0    2897   
csa_tree_o_module_add_36_47_groupi_g1492/CO           ADDFX1             1  0.7   12   +43    2940 F 
csa_tree_o_module_add_36_47_groupi_g1489/CI                                             +0    2940   
csa_tree_o_module_add_36_47_groupi_g1489/CO           ADDFX1             1  0.7   12   +43    2984 F 
csa_tree_o_module_add_36_47_groupi_g1486/CI                                             +0    2984   
csa_tree_o_module_add_36_47_groupi_g1486/CO           ADDFX1             1  0.7   12   +43    3027 F 
csa_tree_o_module_add_36_47_groupi_g1483/CI                                             +0    3027   
csa_tree_o_module_add_36_47_groupi_g1483/CO           ADDFX1             1  0.7   12   +43    3071 F 
csa_tree_o_module_add_36_47_groupi_g1480/CI                                             +0    3071   
csa_tree_o_module_add_36_47_groupi_g1480/CO           ADDFX1             1  0.7   12   +43    3114 F 
csa_tree_o_module_add_36_47_groupi_g1479/CI                                             +0    3114   
csa_tree_o_module_add_36_47_groupi_g1479/CO           ADDFX1             1  0.7   12   +43    3157 F 
csa_tree_o_module_add_36_47_groupi_g1478/CI                                             +0    3157   
csa_tree_o_module_add_36_47_groupi_g1478/CO           ADDFX1             1  0.7   12   +43    3201 F 
csa_tree_o_module_add_36_47_groupi_g1477/CI                                             +0    3201   
csa_tree_o_module_add_36_47_groupi_g1477/CO           ADDFX1             1  0.7   12   +43    3244 F 
csa_tree_o_module_add_36_47_groupi_g1476/CI                                             +0    3244   
csa_tree_o_module_add_36_47_groupi_g1476/CO           ADDFX1             1  0.7   12   +43    3288 F 
csa_tree_o_module_add_36_47_groupi_g1475/CI                                             +0    3288   
csa_tree_o_module_add_36_47_groupi_g1475/CO           ADDFX1             1  0.7   12   +43    3331 F 
csa_tree_o_module_add_36_47_groupi_g1474/CI                                             +0    3331   
csa_tree_o_module_add_36_47_groupi_g1474/CO           ADDFX1             1  0.7   12   +43    3374 F 
csa_tree_o_module_add_36_47_groupi_g1473/CI                                             +0    3374   
csa_tree_o_module_add_36_47_groupi_g1473/CO           ADDFX1             1  0.7   12   +43    3418 F 
csa_tree_o_module_add_36_47_groupi_g1472/CI                                             +0    3418   
csa_tree_o_module_add_36_47_groupi_g1472/CO           ADDFX1             1  0.7   12   +43    3461 F 
csa_tree_o_module_add_36_47_groupi_g1471/CI                                             +0    3461   
csa_tree_o_module_add_36_47_groupi_g1471/CO           ADDFX1             1  0.7   12   +43    3505 F 
csa_tree_o_module_add_36_47_groupi_g1470/CI                                             +0    3505   
csa_tree_o_module_add_36_47_groupi_g1470/CO           ADDFX1             1  0.7   12   +43    3548 F 
csa_tree_o_module_add_36_47_groupi_g1469/CI                                             +0    3548   
csa_tree_o_module_add_36_47_groupi_g1469/CO           ADDFX1             1  0.7   12   +43    3591 F 
csa_tree_o_module_add_36_47_groupi_g1468/CI                                             +0    3591   
csa_tree_o_module_add_36_47_groupi_g1468/CO           ADDFX1             1  0.7   12   +43    3635 F 
csa_tree_o_module_add_36_47_groupi_g1467/CI                                             +0    3635   
csa_tree_o_module_add_36_47_groupi_g1467/CO           ADDFX1             1  0.7   12   +43    3678 F 
csa_tree_o_module_add_36_47_groupi_g1466/CI                                             +0    3678   
csa_tree_o_module_add_36_47_groupi_g1466/CO           ADDFX1             1  0.7   12   +43    3722 F 
csa_tree_o_module_add_36_47_groupi_g1465/CI                                             +0    3722   
csa_tree_o_module_add_36_47_groupi_g1465/CO           ADDFX1             1  0.7   12   +43    3765 F 
csa_tree_o_module_add_36_47_groupi_g1464/CI                                             +0    3765   
csa_tree_o_module_add_36_47_groupi_g1464/CO           ADDFX1             1  0.7   12   +43    3808 F 
csa_tree_o_module_add_36_47_groupi_g1463/CI                                             +0    3808   
csa_tree_o_module_add_36_47_groupi_g1463/CO           ADDFX1             1  0.2    9   +42    3850 F 
csa_tree_o_module_add_36_47_groupi_g1462/B0                                             +0    3850   
csa_tree_o_module_add_36_47_groupi_g1462/Y            OAI21XL            1  0.5   25   +10    3860 R 
csa_tree_o_module_add_36_47_groupi_g1461/B0                                             +0    3860   
csa_tree_o_module_add_36_47_groupi_g1461/Y            OAI2BB1X1          1  0.4   14   +20    3880 F 
csa_tree_o_module_add_36_47_groupi_g1460/B0                                             +0    3880   
csa_tree_o_module_add_36_47_groupi_g1460/Y            OAI21X1            2  0.6   23   +11    3891 R 
csa_tree_o_module_add_36_47_groupi_g1459/C                                              +0    3891   
csa_tree_o_module_add_36_47_groupi_g1459/Y            NAND3BXL           1  0.4   26   +24    3915 F 
csa_tree_o_module_add_36_47_groupi_g1457/C0                                             +0    3915   
csa_tree_o_module_add_36_47_groupi_g1457/Y            OAI211X1           1  0.5   24   +15    3930 R 
csa_tree_o_module_add_36_47_groupi_g1456/B0                                             +0    3930   
csa_tree_o_module_add_36_47_groupi_g1456/Y            OAI2BB1X1          1  0.2   11   +18    3948 F 
csa_tree_o_module_add_36_47_groupi_g1455/B0                                             +0    3948   
csa_tree_o_module_add_36_47_groupi_g1455/Y            OAI21XL            1  0.5   23   +11    3959 R 
csa_tree_o_module_add_36_47_groupi_g1454/B0                                             +0    3959   
csa_tree_o_module_add_36_47_groupi_g1454/Y            OAI2BB1X1          1  0.7   17   +21    3980 F 
csa_tree_o_module_add_36_47_groupi_g1453/CI                                             +0    3980   
csa_tree_o_module_add_36_47_groupi_g1453/CO           ADDFX1             1  0.7   12   +44    4024 F 
csa_tree_o_module_add_36_47_groupi_g1452/CI                                             +0    4024   
csa_tree_o_module_add_36_47_groupi_g1452/CO           ADDFX1             1  0.7   12   +43    4068 F 
csa_tree_o_module_add_36_47_groupi_g1451/CI                                             +0    4068   
csa_tree_o_module_add_36_47_groupi_g1451/CO           ADDFX1             1  0.7   12   +43    4111 F 
csa_tree_o_module_add_36_47_groupi_g1450/CI                                             +0    4111   
csa_tree_o_module_add_36_47_groupi_g1450/CO           ADDFX1             1  0.7   12   +43    4155 F 
csa_tree_o_module_add_36_47_groupi_g1449/CI                                             +0    4155   
csa_tree_o_module_add_36_47_groupi_g1449/CO           ADDFX1             1  0.7   12   +43    4198 F 
csa_tree_o_module_add_36_47_groupi_g1448/CI                                             +0    4198   
csa_tree_o_module_add_36_47_groupi_g1448/CO           ADDFX1             1  0.7   12   +43    4242 F 
csa_tree_o_module_add_36_47_groupi_g1447/CI                                             +0    4242   
csa_tree_o_module_add_36_47_groupi_g1447/CO           ADDFX1             1  0.7   12   +43    4285 F 
g24802/B                                                                                +0    4285   
g24802/CO                                             ADDHX1             1  0.7    8   +20    4304 F 
csa_tree_o_module_add_36_47_groupi_g1445/CI                                             +0    4304   
csa_tree_o_module_add_36_47_groupi_g1445/CO           ADDFX1             1  0.7   12   +42    4347 F 
csa_tree_o_module_add_36_47_groupi_g1444/CI                                             +0    4347   
csa_tree_o_module_add_36_47_groupi_g1444/CO           ADDFX1             1  0.7   12   +43    4390 F 
csa_tree_o_module_add_36_47_groupi_g1443/CI                                             +0    4390   
csa_tree_o_module_add_36_47_groupi_g1443/CO           ADDFX1             1  0.7   12   +43    4434 F 
csa_tree_o_module_add_36_47_groupi_g1442/CI                                             +0    4434   
csa_tree_o_module_add_36_47_groupi_g1442/CO           ADDFX1             1  0.7   12   +43    4477 F 
csa_tree_o_module_add_36_47_groupi_g1441/CI                                             +0    4477   
csa_tree_o_module_add_36_47_groupi_g1441/CO           ADDFX1             1  0.7   12   +43    4520 F 
csa_tree_o_module_add_36_47_groupi_g1440/CI                                             +0    4520   
csa_tree_o_module_add_36_47_groupi_g1440/CO           ADDFX1             1  0.7   12   +43    4563 F 
csa_tree_o_module_add_36_47_groupi_g1439/CI                                             +0    4563   
csa_tree_o_module_add_36_47_groupi_g1439/CO           ADDFX1             1  0.7   12   +43    4607 F 
csa_tree_o_module_add_36_47_groupi_g1438/CI                                             +0    4607   
csa_tree_o_module_add_36_47_groupi_g1438/CO           ADDFX1             1  0.7   12   +43    4650 F 
csa_tree_o_module_add_36_47_groupi_g1437/CI                                             +0    4650   
csa_tree_o_module_add_36_47_groupi_g1437/CO           ADDFX1             1  0.7   12   +43    4693 F 
csa_tree_o_module_add_36_47_groupi_g1436/CI                                             +0    4693   
csa_tree_o_module_add_36_47_groupi_g1436/CO           ADDFX1             1  0.7   12   +43    4737 F 
csa_tree_o_module_add_36_47_groupi_g1435/CI                                             +0    4737   
csa_tree_o_module_add_36_47_groupi_g1435/CO           ADDFX1             1  0.7   12   +43    4780 F 
csa_tree_o_module_add_36_47_groupi_g1434/CI                                             +0    4780   
csa_tree_o_module_add_36_47_groupi_g1434/CO           ADDFX1             1  0.7   12   +43    4823 F 
csa_tree_o_module_add_36_47_groupi_g1433/CI                                             +0    4823   
csa_tree_o_module_add_36_47_groupi_g1433/CO           ADDFX1             1  0.7   12   +43    4866 F 
csa_tree_o_module_add_36_47_groupi_g1432/CI                                             +0    4866   
csa_tree_o_module_add_36_47_groupi_g1432/CO           ADDFX1             1  0.7   12   +43    4910 F 
csa_tree_o_module_add_36_47_groupi_g1431/CI                                             +0    4910   
csa_tree_o_module_add_36_47_groupi_g1431/CO           ADDFX1             1  0.7   12   +43    4953 F 
csa_tree_o_module_add_36_47_groupi_g1430/CI                                             +0    4953   
csa_tree_o_module_add_36_47_groupi_g1430/CO           ADDFX1             1  0.5   10   +43    4996 F 
csa_tree_o_module_add_36_47_groupi_g1429/B                                              +0    4996   
csa_tree_o_module_add_36_47_groupi_g1429/Y            XNOR2X1            3  1.0   11   +32    5028 F 
g24778__9315/A1                                                                         +0    5028   
g24778__9315/Y                                        OAI21X1           18  8.8  134   +77    5105 R 
g24775__4733/B                                                                          +0    5105   
g24775__4733/Y                                        NOR2XL             2  0.6   40   +53    5158 F 
g24753__2398/C0                                                                         +0    5158   
g24753__2398/Y                                        AOI211XL           4  1.6   73   +55    5213 R 
g24743/A                                                                                +0    5213   
g24743/Y                                              INVX1              2  0.8   20   +29    5242 F 
g24742__7410/D                                                                          +0    5242   
g24742__7410/Y                                        NOR4X1             4  1.8   68   +44    5286 R 
g24739/A                                                                                +0    5286   
g24739/Y                                              INVX1              4  1.5   24   +30    5316 F 
g24723__1705/B                                                                          +0    5316   
g24723__1705/Y                                        NOR2BX1           11  5.3   76   +52    5368 R 
g24715__8428/A1                                                                         +0    5368   
g24715__8428/Y                                        AOI21X1            3  1.1   33   +44    5412 F 
g24708__6417/C                                                                          +0    5412   
g24708__6417/Y                                        NAND4BX1           1  0.5   16   +19    5431 R 
g24702__2883/D                                                                          +0    5431   
g24702__2883/Y                                        NOR4X1             1  0.2   14   +11    5442 F 
g24694__7482/C                                                                          +0    5442   
g24694__7482/Y                                        NAND3BXL           5  2.1   38   +23    5465 R 
g24681__6783/B                                                                          +0    5465   
g24681__6783/Y                                        NOR2X1             9  3.2   39   +28    5492 F 
g24647__6783/A1                                                                         +0    5492   
g24647__6783/Y                                        AOI221X1           3  1.3   48   +50    5542 R 
g24637__6417/D                                                                          +0    5542   
g24637__6417/Y                                        NAND4XL            1  0.4   41   +39    5581 F 
g24628__9315/B                                                                          +0    5581   
g24628__9315/Y                                        NOR2X1             6  2.8   46   +40    5621 R 
g24624/A                                                                                +0    5621   
g24624/Y                                              INVX1              7  2.3   25   +26    5647 F 
g24606__6783/A1                                                                         +0    5647   
g24606__6783/Y                                        OAI21X1            2  1.0   26   +25    5673 R 
g24592__2883/C0                                                                         +0    5673   
g24592__2883/Y                                        AOI221X1           1  0.4   34   +15    5687 F 
g24582__8246/B                                                                          +0    5687   
g24582__8246/Y                                        NAND2X1           11  4.9   43   +33    5720 R 
g24580/A                                                                                +0    5720   
g24580/Y                                              INVX1             12  3.8   34   +31    5751 F 
g24569__8428/A1                                                                         +0    5751   
g24569__8428/Y                                        AOI21X1            3  1.5   31   +30    5781 R 
g24561__1666/B                                                                          +0    5781   
g24561__1666/Y                                        NAND2X1            7  2.4   39   +33    5814 F 
g24558/A                                                                                +0    5814   
g24558/Y                                              INVX1              9  4.3   37   +31    5845 R 
g24549__1881/A1                                                                         +0    5845   
g24549__1881/Y                                        AOI22X1            3  1.2   38   +36    5881 F 
g24498__8428/A1                                                                         +0    5881   
g24498__8428/Y                                        OAI221X1           3  1.9   56   +43    5924 R 
g24496/A                                                                                +0    5924   
g24496/Y                                              INVXL              2  0.7   18   +26    5951 F 
g24789__6260/D                                                                          +0    5951   
g24789__6260/Y                                        NAND4BX1           2  1.0   18   +15    5966 R 
g24480__4733/B                                                                          +0    5966   
g24480__4733/Y                                        NAND2X1           19  7.3   96   +62    6027 F 
g24478/A                                                                                +0    6027   
g24478/Y                                              INVX1             17  8.5   75   +64    6092 R 
g24474__7098/B                                                                          +0    6092   
g24474__7098/Y                                        NAND2X1            3  0.9   27   +38    6129 F 
g24460__4319/B0                                                                         +0    6129   
g24460__4319/Y                                        OAI21X1           12  5.5   87   +33    6162 R 
g24442/A                                                                                +0    6162   
g24442/Y                                              INVX1             12  4.6   47   +48    6210 F 
g24414__1666/A                                                                          +0    6210   
g24414__1666/Y                                        NOR2X1            10  4.8   70   +56    6266 R 
g24410/A                                                                                +0    6266   
g24410/Y                                              INVXL              1  0.3   16   +29    6295 F 
g24396__5122/A1                                                                         +0    6295   
g24396__5122/Y                                        OAI22XL            1  0.5   35   +24    6319 R 
g24379__1666/C0                                                                         +0    6319   
g24379__1666/Y                                        AOI221X1           2  0.8   42   +19    6338 F 
g24324__1705/B0                                                                         +0    6338   
g24324__1705/Y                                        OA22X1             1  0.3    8   +43    6381 F 
g24278__9945/B                                                                          +0    6381   
g24278__9945/Y                                        NAND3XL            1  0.0   15    +9    6390 R 
o_res[18]                                        <<<  interconnect                15    +0    6390 R 
                                                      out port                          +0    6390 R 
(constraint.sdc_line_7_169_1)                         ext delay                      +1000    7390 R 
-----------------------------------------------------------------------------------------------------
Exception    : 'path_delays/constraint.sdc_line_10'    8000ps
Timing slack :     610ps 
Start-point  : i_A[0]
End-point    : o_res[18]

