============================================================
  Generated by:           Genus(TM) Synthesis Solution 20.10-p001_1
  Generated on:           Nov 25 2024  10:09:45 pm
  Module:                 FADD
  Technology library:     fast_vdd1v0 1.0
  Operating conditions:   PVT_1P1V_0C (balanced_tree)
  Wireload mode:          enclosed
  Area mode:              timing library
============================================================

                      Pin                                Type       Fanout Load Slew Delay Arrival   
                                                                           (fF) (ps)  (ps)   (ps)    
-----------------------------------------------------------------------------------------------------
(constraint.sdc_line_3_63_1)                          ext delay                      +1000    1000 R 
i_A[0]                                                in port            4  1.0    0    +0    1000 R 
e_module_gt_40_27_g2163/AN                                                              +0    1000   
e_module_gt_40_27_g2163/Y                             NOR2BX1HVT         2  0.4   17   +28    1028 R 
e_module_gt_40_27_g2055/A1N                                                             +0    1028   
e_module_gt_40_27_g2055/Y                             OAI2BB1X1HVT       1  0.2    9   +36    1064 R 
e_module_gt_40_27_g2049/B0                                                              +0    1064   
e_module_gt_40_27_g2049/Y                             OAI21XLHVT         1  0.4   25   +23    1087 F 
e_module_gt_40_27_g2040/A1                                                              +0    1087   
e_module_gt_40_27_g2040/Y                             AOI22X1HVT         1  0.4   28   +34    1121 R 
e_module_gt_40_27_g2034/A1                                                              +0    1121   
e_module_gt_40_27_g2034/Y                             OAI22X1HVT         1  0.4   28   +37    1157 F 
e_module_gt_40_27_g2033/D                                                               +0    1157   
e_module_gt_40_27_g2033/Y                             NAND4BX1HVT        1  0.4   18   +21    1178 R 
e_module_gt_40_27_g2032/C0                                                              +0    1178   
e_module_gt_40_27_g2032/Y                             OAI211X1HVT        1  0.4   38   +36    1214 F 
e_module_gt_40_27_g2031/B1                                                              +0    1214   
e_module_gt_40_27_g2031/Y                             AOI221X1HVT        1  0.2   36   +46    1261 R 
e_module_gt_40_27_g2030/D                                                               +0    1261   
e_module_gt_40_27_g2030/Y                             OR4X1HVT           1  0.4    9   +33    1293 R 
e_module_gt_40_27_g2029/C0                                                              +0    1293   
e_module_gt_40_27_g2029/Y                             OAI211X1HVT        1  0.4   38   +33    1326 F 
e_module_gt_40_27_g2028/B1                                                              +0    1326   
e_module_gt_40_27_g2028/Y                             AOI221X1HVT        1  0.4   45   +49    1376 R 
e_module_gt_40_27_g2027/D                                                               +0    1376   
e_module_gt_40_27_g2027/Y                             NOR4BX1HVT         1  0.2   16   +27    1403 F 
e_module_gt_40_27_g2026/C0                                                              +0    1403   
e_module_gt_40_27_g2026/Y                             AOI211XLHVT        1  0.4   44   +36    1439 R 
e_module_gt_40_27_g2025/A2                                                              +0    1439   
e_module_gt_40_27_g2025/Y                             OAI31X1HVT         1  0.4   28   +37    1476 F 
e_module_gt_40_27_g2024/B1                                                              +0    1476   
e_module_gt_40_27_g2024/Y                             AOI221X1HVT        1  0.2   37   +43    1519 R 
e_module_gt_40_27_g2023/A1                                                              +0    1519   
e_module_gt_40_27_g2023/Y                             OAI22XLHVT         1  0.2   25   +38    1557 F 
e_module_gt_40_27_g2022/A1                                                              +0    1557   
e_module_gt_40_27_g2022/Y                             AOI22XLHVT         1  0.2   27   +33    1590 R 
e_module_gt_40_27_g2021/A1                                                              +0    1590   
e_module_gt_40_27_g2021/Y                             AO22X1HVT         61 24.9  261  +196    1786 R 
g22539/A                                                                                +0    1786   
g22539/Y                                              INVX1HVT          24  5.8   96  +148    1934 F 
g19092__8428/B1                                                                         +0    1934   
g19092__8428/Y                                        AO22X2HVT         64 25.6  146  +158    2092 F 
g19079__6161/S0                                                                         +0    2092   
g19079__6161/Y                                        MX2XLHVT           4  0.8   17   +74    2166 F 
g19075__1881/A                                                                          +0    2166   
g19075__1881/Y                                        OR2XLHVT           1  0.2    7   +35    2201 F 
g19061__5107/D                                                                          +0    2201   
g19061__5107/Y                                        OR4X1HVT           2  0.6   18   +74    2275 F 
g19059__5477/D                                                                          +0    2275   
g19059__5477/Y                                        OR4X1HVT           2  0.6   18   +77    2352 F 
g19056__7410/A1                                                                         +0    2352   
g19056__7410/Y                                        OAI32X1HVT         1  0.2   49   +45    2397 R 
csa_tree_a_module_inst1_sub_23_17_groupi_g586/A                                         +0    2397   
csa_tree_a_module_inst1_sub_23_17_groupi_g586/Y       INVXLHVT           1  0.6   18   +31    2427 F 
csa_tree_a_module_inst1_sub_23_17_groupi_g554/CI                                        +0    2427   
csa_tree_a_module_inst1_sub_23_17_groupi_g554/CO      ADDFX1HVT          1  0.6   14   +60    2487 F 
csa_tree_a_module_inst1_sub_23_17_groupi_g553/CI                                        +0    2487   
csa_tree_a_module_inst1_sub_23_17_groupi_g553/CO      ADDFX1HVT          1  0.6   14   +59    2546 F 
csa_tree_a_module_inst1_sub_23_17_groupi_g552/CI                                        +0    2546   
csa_tree_a_module_inst1_sub_23_17_groupi_g552/CO      ADDFX1HVT          1  0.6   14   +59    2605 F 
csa_tree_a_module_inst1_sub_23_17_groupi_g551/CI                                        +0    2605   
csa_tree_a_module_inst1_sub_23_17_groupi_g551/CO      ADDFX1HVT          1  0.6   14   +59    2664 F 
csa_tree_a_module_inst1_sub_23_17_groupi_g550/CI                                        +0    2664   
csa_tree_a_module_inst1_sub_23_17_groupi_g550/CO      ADDFX1HVT          1  0.6   14   +59    2723 F 
csa_tree_a_module_inst1_sub_23_17_groupi_g549/CI                                        +0    2723   
csa_tree_a_module_inst1_sub_23_17_groupi_g549/CO      ADDFX1HVT          1  0.6   14   +59    2782 F 
csa_tree_a_module_inst1_sub_23_17_groupi_g548/CI                                        +0    2782   
csa_tree_a_module_inst1_sub_23_17_groupi_g548/CO      ADDFX1HVT          1  0.6   14   +59    2841 F 
csa_tree_a_module_inst1_sub_23_17_groupi_g547/CI                                        +0    2841   
csa_tree_a_module_inst1_sub_23_17_groupi_g547/CO      ADDFX1HVT          1  0.6   14   +59    2900 F 
csa_tree_a_module_inst1_sub_23_17_groupi_g546/CI                                        +0    2900   
csa_tree_a_module_inst1_sub_23_17_groupi_g546/CO      ADDFX1HVT          1  0.6   14   +59    2958 F 
csa_tree_a_module_inst1_sub_23_17_groupi_g545/CI                                        +0    2958   
csa_tree_a_module_inst1_sub_23_17_groupi_g545/CO      ADDFX1HVT          1  0.6   14   +59    3017 F 
csa_tree_a_module_inst1_sub_23_17_groupi_g544/CI                                        +0    3017   
csa_tree_a_module_inst1_sub_23_17_groupi_g544/S       ADDFX1HVT          2  0.6   15   +71    3088 F 
g22464__5107/C                                                                          +0    3088   
g22464__5107/Y                                        NOR3X1HVT          2  0.4   31   +26    3114 R 
g22436__6260/A1                                                                         +0    3114   
g22436__6260/Y                                        OAI21XLHVT         2  0.6   40   +35    3149 F 
g22387__5122/B                                                                          +0    3149   
g22387__5122/Y                                        NOR2X1HVT         25  5.0  109   +80    3229 R 
g22347__5107/B                                                                          +0    3229   
g22347__5107/Y                                        NAND2XLHVT         1  0.4   32   +62    3291 F 
g22322__8428/C0                                                                         +0    3291   
g22322__8428/Y                                        OAI211X1HVT        1  0.6   42   +23    3314 R 
csa_tree_o_module_add_36_47_groupi_g2417/CI                                             +0    3314   
csa_tree_o_module_add_36_47_groupi_g2417/CO           ADDFX1HVT          1  0.6   13   +61    3375 R 
csa_tree_o_module_add_36_47_groupi_g2399/CI                                             +0    3375   
csa_tree_o_module_add_36_47_groupi_g2399/CO           ADDFX1HVT          1  0.6   13   +52    3427 R 
csa_tree_o_module_add_36_47_groupi_g2392/CI                                             +0    3427   
csa_tree_o_module_add_36_47_groupi_g2392/CO           ADDFX1HVT          1  0.6   13   +52    3478 R 
csa_tree_o_module_add_36_47_groupi_g2383/CI                                             +0    3478   
csa_tree_o_module_add_36_47_groupi_g2383/CO           ADDFX1HVT          3  0.9   16   +53    3532 R 
csa_tree_o_module_add_36_47_groupi_g2381/C                                              +0    3532   
csa_tree_o_module_add_36_47_groupi_g2381/Y            NAND3BXLHVT        1  0.4   36   +30    3562 F 
csa_tree_o_module_add_36_47_groupi_g2380/C0                                             +0    3562   
csa_tree_o_module_add_36_47_groupi_g2380/Y            OAI211X1HVT        1  0.6   34   +24    3586 R 
csa_tree_o_module_add_36_47_groupi_g2366/CI                                             +0    3586   
csa_tree_o_module_add_36_47_groupi_g2366/CO           ADDFX1HVT          1  0.6   13   +59    3645 R 
csa_tree_o_module_add_36_47_groupi_g2360/CI                                             +0    3645   
csa_tree_o_module_add_36_47_groupi_g2360/CO           ADDFX1HVT          2  0.8   15   +53    3698 R 
csa_tree_o_module_add_36_47_groupi_g2359/A                                              +0    3698   
csa_tree_o_module_add_36_47_groupi_g2359/Y            INVX1HVT           3  0.8   12   +15    3713 F 
csa_tree_o_module_add_36_47_groupi_g2357/D                                              +0    3713   
csa_tree_o_module_add_36_47_groupi_g2357/Y            OR4X1HVT           1  0.4   16   +74    3787 F 
csa_tree_o_module_add_36_47_groupi_g2354/C0                                             +0    3787   
csa_tree_o_module_add_36_47_groupi_g2354/Y            OAI211X1HVT        2  0.7   34   +17    3804 R 
csa_tree_o_module_add_36_47_groupi_g2345/B                                              +0    3804   
csa_tree_o_module_add_36_47_groupi_g2345/Y            NAND2BXLHVT        2  0.4   24   +30    3833 F 
csa_tree_o_module_add_36_47_groupi_g2338/B                                              +0    3833   
csa_tree_o_module_add_36_47_groupi_g2338/Y            NOR2XLHVT          2  0.6   30   +29    3862 R 
csa_tree_o_module_add_36_47_groupi_g2331/B1                                             +0    3862   
csa_tree_o_module_add_36_47_groupi_g2331/Y            AOI221X1HVT        4  1.2   54   +42    3904 F 
csa_tree_o_module_add_36_47_groupi_g2328/D                                              +0    3904   
csa_tree_o_module_add_36_47_groupi_g2328/Y            NOR4BX1HVT         2  0.6   57   +53    3958 R 
csa_tree_o_module_add_36_47_groupi_g2320/B1                                             +0    3958   
csa_tree_o_module_add_36_47_groupi_g2320/Y            AOI221X1HVT        2  0.8   48   +49    4007 F 
csa_tree_o_module_add_36_47_groupi_g2314/D                                              +0    4007   
csa_tree_o_module_add_36_47_groupi_g2314/Y            NOR4X1HVT          1  0.4   49   +46    4054 R 
csa_tree_o_module_add_36_47_groupi_g2307/A2                                             +0    4054   
csa_tree_o_module_add_36_47_groupi_g2307/Y            OAI32X1HVT         2  0.4   33   +47    4100 F 
csa_tree_o_module_add_36_47_groupi_g2303/B                                              +0    4100   
csa_tree_o_module_add_36_47_groupi_g2303/Y            NOR2XLHVT          2  0.4   25   +29    4129 R 
csa_tree_o_module_add_36_47_groupi_g2302/B                                              +0    4129   
csa_tree_o_module_add_36_47_groupi_g2302/Y            NAND2XLHVT         1  0.4   22   +25    4155 F 
csa_tree_o_module_add_36_47_groupi_g2300/C0                                             +0    4155   
csa_tree_o_module_add_36_47_groupi_g2300/Y            OAI211X1HVT        4  1.1   42   +22    4176 R 
csa_tree_o_module_add_36_47_groupi_g2296/BN                                             +0    4176   
csa_tree_o_module_add_36_47_groupi_g2296/Y            NOR4BBX1HVT        2  0.6   54   +71    4247 R 
csa_tree_o_module_add_36_47_groupi_g2289/B1                                             +0    4247   
csa_tree_o_module_add_36_47_groupi_g2289/Y            AOI221X1HVT        2  0.6   42   +46    4293 F 
csa_tree_o_module_add_36_47_groupi_g2283/B                                              +0    4293   
csa_tree_o_module_add_36_47_groupi_g2283/Y            NOR2XLHVT          2  0.4   26   +33    4326 R 
csa_tree_o_module_add_36_47_groupi_g2279/B                                              +0    4326   
csa_tree_o_module_add_36_47_groupi_g2279/Y            NAND2XLHVT         2  0.6   28   +29    4355 F 
csa_tree_o_module_add_36_47_groupi_g2274/A1                                             +0    4355   
csa_tree_o_module_add_36_47_groupi_g2274/Y            OAI221X1HVT        2  0.7   46   +42    4397 R 
csa_tree_o_module_add_36_47_groupi_g2268/AN                                             +0    4397   
csa_tree_o_module_add_36_47_groupi_g2268/Y            NOR2BX1HVT         3  0.6   22   +42    4439 R 
g25069/D                                                                                +0    4439   
g25069/Y                                              NAND4BBXLHVT       1  0.4   54   +42    4481 F 
csa_tree_o_module_add_36_47_groupi_g2262/C0                                             +0    4481   
csa_tree_o_module_add_36_47_groupi_g2262/Y            OAI211X1HVT        3  0.9   38   +33    4514 R 
csa_tree_o_module_add_36_47_groupi_g2259/C                                              +0    4514   
csa_tree_o_module_add_36_47_groupi_g2259/Y            NAND3BXLHVT        1  0.4   37   +40    4554 F 
csa_tree_o_module_add_36_47_groupi_g2258/C0                                             +0    4554   
csa_tree_o_module_add_36_47_groupi_g2258/Y            OAI211X1HVT        1  0.6   33   +25    4578 R 
csa_tree_o_module_add_36_47_groupi_g2251/CI                                             +0    4578   
csa_tree_o_module_add_36_47_groupi_g2251/CO           ADDFX1HVT          1  0.6   13   +58    4637 R 
csa_tree_o_module_add_36_47_groupi_g2250/CI                                             +0    4637   
csa_tree_o_module_add_36_47_groupi_g2250/CO           ADDFX1HVT          1  0.6   13   +52    4688 R 
csa_tree_o_module_add_36_47_groupi_g2249/CI                                             +0    4688   
csa_tree_o_module_add_36_47_groupi_g2249/CO           ADDFX1HVT          1  0.5   12   +51    4739 R 
csa_tree_o_module_add_36_47_groupi_g2248/B                                              +0    4739   
csa_tree_o_module_add_36_47_groupi_g2248/Y            XOR2XLHVT          3  0.6   14   +47    4786 F 
g25028__7482/B                                                                          +0    4786   
g25028__7482/Y                                        NOR2XLHVT          1  0.2   24   +17    4804 R 
g25021__5122/C                                                                          +0    4804   
g25021__5122/Y                                        OR3X1HVT          17  6.4   70   +62    4866 R 
g25020/A                                                                                +0    4866   
g25020/Y                                              INVX1HVT          19  6.8   79   +71    4937 F 
g25006__5477/A1                                                                         +0    4937   
g25006__5477/Y                                        AOI22X1HVT         4  1.2   46   +63    5000 R 
g24969__6783/A                                                                          +0    5000   
g24969__6783/Y                                        NAND4XLHVT         2  0.6   66   +72    5072 F 
g24959__7410/D                                                                          +0    5072   
g24959__7410/Y                                        NOR4X1HVT          1  0.2   43   +49    5121 R 
g24953__9315/BN                                                                         +0    5121   
g24953__9315/Y                                        NOR4BBX1HVT        1  0.2   39   +62    5183 R 
g24942__8246/D                                                                          +0    5183   
g24942__8246/Y                                        NAND4XLHVT         3  0.8   77   +63    5246 F 
g24932__4319/B                                                                          +0    5246   
g24932__4319/Y                                        NAND2BXLHVT        1  0.4   21   +42    5288 R 
g24922__2346/D                                                                          +0    5288   
g24922__2346/Y                                        NOR4X1HVT          1  0.4   18   +18    5305 F 
g24921__2883/B                                                                          +0    5305   
g24921__2883/Y                                        NAND2X1HVT         8  2.5   40   +27    5332 R 
g24919/A                                                                                +0    5332   
g24919/Y                                              INVX1HVT           5  1.8   25   +31    5363 F 
g24910__1881/B                                                                          +0    5363   
g24910__1881/Y                                        NAND2BX1HVT        5  1.0   18   +21    5384 R 
g24903__1617/B                                                                          +0    5384   
g24903__1617/Y                                        AND2X1HVT          7  2.2   28   +49    5434 R 
g24887__7410/B                                                                          +0    5434   
g24887__7410/Y                                        NAND2X1HVT         7  1.8   45   +40    5473 F 
g24880/A                                                                                +0    5473   
g24880/Y                                              INVXLHVT           1  0.2   11   +25    5498 R 
g24868__2802/A1                                                                         +0    5498   
g24868__2802/Y                                        OA22X1HVT          1  0.4   10   +48    5546 R 
g24850__2346/A                                                                          +0    5546   
g24850__2346/Y                                        NAND2X1HVT        14  4.4   98   +63    5609 F 
g24842/A                                                                                +0    5609   
g24842/Y                                              INVX1HVT          13  4.2   59   +68    5677 R 
g24841__1881/B0                                                                         +0    5677   
g24841__1881/Y                                        OAI21XLHVT         2  0.6   36   +48    5725 F 
g24824__5107/B                                                                          +0    5725   
g24824__5107/Y                                        NAND2X1HVT         6  1.6   28   +29    5754 R 
g25036__2883/AN                                                                         +0    5754   
g25036__2883/Y                                        NAND2BX1HVT        9  3.0   56   +43    5797 R 
g24797__3680/B                                                                          +0    5797   
g24797__3680/Y                                        NOR2X1HVT          5  1.6   29   +38    5835 F 
g24791/A                                                                                +0    5835   
g24791/Y                                              INVXLHVT           1  0.2    9   +18    5854 R 
g24779__9315/B1                                                                         +0    5854   
g24779__9315/Y                                        OAI22XLHVT         3  0.8   49   +32    5885 F 
g24752__7410/A1                                                                         +0    5885   
g24752__7410/Y                                        AOI22XLHVT         1  0.4   39   +46    5931 R 
g24740__4733/C0                                                                         +0    5931   
g24740__4733/Y                                        OAI221X1HVT        4  1.6   78   +71    6002 F 
g24721__4319/C                                                                          +0    6002   
g24721__4319/Y                                        NOR3XLHVT          2  0.4   43   +56    6058 R 
g24694__3680/C                                                                          +0    6058   
g24694__3680/Y                                        NAND4XLHVT         1  0.2   44   +52    6110 F 
g24663__6131/AN                                                                         +0    6110   
g24663__6131/Y                                        NAND3BXLHVT        1  0.4   40   +51    6161 F 
g24649__6260/D                                                                          +0    6161   
g24649__6260/Y                                        NOR4X1HVT          2  0.6   56   +48    6209 R 
g24631__4733/B                                                                          +0    6209   
g24631__4733/Y                                        NOR2X1HVT          9  2.8   56   +44    6253 F 
g24620__1617/C                                                                          +0    6253   
g24620__1617/Y                                        NOR3X1HVT          3  0.8   46   +49    6302 R 
g24599__7482/B                                                                          +0    6302   
g24599__7482/Y                                        NAND2XLHVT         1  0.2   19   +31    6334 F 
g24595__6131/B                                                                          +0    6334   
g24595__6131/Y                                        OR2X1HVT          11  4.0   44   +59    6393 F 
g24576__6417/B                                                                          +0    6393   
g24576__6417/Y                                        NOR2XLHVT          4  1.0   45   +45    6438 R 
g24563__6131/B                                                                          +0    6438   
g24563__6131/Y                                        AND2XLHVT          3  1.0   21   +44    6482 R 
g24547__6417/A1                                                                         +0    6482   
g24547__6417/Y                                        AO22XLHVT          1  0.4   12   +49    6531 R 
g24519__5477/C0                                                                         +0    6531   
g24519__5477/Y                                        AOI221X1HVT        1  0.2   39   +12    6543 F 
g24510__4733/B                                                                          +0    6543   
g24510__4733/Y                                        NAND2XLHVT         1  0.0   15   +22    6565 R 
o_res[15]                                        <<<  interconnect                15    +0    6565 R 
                                                      out port                          +0    6565 R 
(constraint.sdc_line_7_172_1)                         ext delay                      +1000    7565 R 
-----------------------------------------------------------------------------------------------------
Exception    : 'path_delays/constraint.sdc_line_10'    8000ps
Timing slack :     435ps 
Start-point  : i_A[0]
End-point    : o_res[15]

