============================================================
  Generated by:           Genus(TM) Synthesis Solution 20.10-p001_1
  Generated on:           Nov 21 2024  11:58:28 pm
  Module:                 c6288
  Technology library:     fast_vdd1v0 1.0
  Operating conditions:   PVT_1P1V_0C (balanced_tree)
  Wireload mode:          enclosed
  Area mode:              timing library
============================================================

     Pin             Type       Fanout Load Slew Delay Arrival   
                                       (fF) (ps)  (ps)   (ps)    
-----------------------------------------------------------------
N273              in port           16  4.8    0    +0       0 R 
g26353/A                                            +0       0   
g26353/Y          INVXLLVT          17  5.3   43   +26      26 F 
g26351__7410/B                                      +0      26   
g26351__7410/Y    NOR2XLLVT         15  4.5   88   +60      86 R 
g26103__5477/A1                                     +0      86   
g26103__5477/Y    OAI21XLLVT         2  0.6   21   +31     117 F 
g26089__5115/C                                      +0     117   
g26089__5115/Y    NAND3XLLVT         2  1.3   19   +16     133 R 
g26069__2883/B0                                     +0     133   
g26069__2883/Y    OAI2BB1X1LVT       1  0.8   14   +15     148 F 
g26060__4319/B                                      +0     148   
g26060__4319/S    ADDHX1LVT          1  0.8    8   +23     171 F 
g26039__9315/B                                      +0     171   
g26039__9315/CO   ADDHX1LVT          1  0.3    4   +14     185 F 
g26020__4319/B                                      +0     185   
g26020__4319/Y    OR2X1LVT           1  0.6    6   +21     206 F 
g26007__4733/A                                      +0     206   
g26007__4733/S    ADDHX1LVT          1  0.9    8   +32     239 R 
g25985__4319/B                                      +0     239   
g25985__4319/CO   ADDHX1LVT          1  0.3    4   +18     257 R 
g25977__5115/B                                      +0     257   
g25977__5115/Y    OR2X1LVT           1  0.9    7   +14     271 R 
g25954__7410/B                                      +0     271   
g25954__7410/S    ADDHX1LVT          1  0.8    7   +29     300 F 
g25942__5122/B                                      +0     300   
g25942__5122/CO   ADDHX1LVT          1  0.3    4   +14     314 F 
g25931__5477/B                                      +0     314   
g25931__5477/Y    OR2X1LVT           1  0.6    6   +21     336 F 
g25914__6131/A                                      +0     336   
g25914__6131/S    ADDHX1LVT          1  0.9    8   +32     368 R 
g25897__9315/B                                      +0     368   
g25897__9315/S    ADDHX1LVT          1  0.6    6   +29     397 F 
g25863__9315/A                                      +0     397   
g25863__9315/S    ADDHX1LVT          1  0.9    8   +32     430 R 
g25852__3680/B                                      +0     430   
g25852__3680/S    ADDHX1LVT          1  0.6    6   +29     458 F 
g25817__5107/A                                      +0     458   
g25817__5107/S    ADDHX1LVT          1  0.9    8   +32     491 R 
g25796__1617/B                                      +0     491   
g25796__1617/CO   ADDHX1LVT          1  0.3    4   +18     510 R 
g25787__5477/B                                      +0     510   
g25787__5477/Y    OR2X1LVT           1  0.9    7   +14     524 R 
g25762__5122/B                                      +0     524   
g25762__5122/S    ADDHX1LVT          1  0.8    7   +29     553 F 
g25752__1666/B                                      +0     553   
g25752__1666/CO   ADDHX1LVT          1  0.3    4   +14     567 F 
g25739__1705/B                                      +0     567   
g25739__1705/Y    OR2X1LVT           1  0.6    6   +21     588 F 
g25719__6161/A                                      +0     588   
g25719__6161/S    ADDHX1LVT          1  0.9    8   +32     621 R 
g25698__6417/B                                      +0     621   
g25698__6417/CO   ADDHX1LVT          1  0.3    4   +18     639 R 
g25695__1666/B                                      +0     639   
g25695__1666/Y    OR2X1LVT           1  0.9    7   +14     653 R 
g25678__6783/B                                      +0     653   
g25678__6783/S    ADDHX1LVT          1  0.8    7   +29     682 F 
g25654__8246/B                                      +0     682   
g25654__8246/CO   ADDHX1LVT          1  0.3    4   +14     696 F 
g25641__9945/B                                      +0     696   
g25641__9945/Y    OR2X1LVT           1  0.6    6   +21     718 F 
g25619__6783/A                                      +0     718   
g25619__6783/S    ADDHX1LVT          1  0.9    8   +32     750 R 
g25603__4733/B                                      +0     750   
g25603__4733/CO   ADDHX1LVT          1  0.3    4   +18     769 R 
g25591__6783/B                                      +0     769   
g25591__6783/Y    OR2X1LVT           1  0.9    7   +14     783 R 
g25577__2883/B                                      +0     783   
g25577__2883/S    ADDHX1LVT          1  0.8    7   +29     812 F 
g25559__4319/B                                      +0     812   
g25559__4319/CO   ADDHX1LVT          1  0.3    4   +14     826 F 
g25546__7098/B                                      +0     826   
g25546__7098/Y    OR2X1LVT           1  0.6    6   +21     847 F 
g25530__6783/A                                      +0     847   
g25530__6783/S    ADDHX1LVT          1  0.9    8   +32     880 R 
g25514__5115/B                                      +0     880   
g25514__5115/CO   ADDHX1LVT          1  0.3    4   +18     898 R 
g25501__8428/B                                      +0     898   
g25501__8428/Y    OR2X1LVT           1  0.9    7   +14     912 R 
g25487__6161/B                                      +0     912   
g25487__6161/S    ADDHX1LVT          1  0.8    7   +29     942 F 
g25474__1666/B                                      +0     942   
g25474__1666/CO   ADDHX1LVT          1  0.3    4   +14     956 F 
g25454__7098/B                                      +0     956   
g25454__7098/Y    OR2X1LVT           1  0.6    6   +21     977 F 
g25446__8428/A                                      +0     977   
g25446__8428/S    ADDHX1LVT          1  0.9    8   +32    1009 R 
g25432__5122/B                                      +0    1009   
g25432__5122/CO   ADDHX1LVT          1  0.3    4   +18    1028 R 
g25409__1666/B                                      +0    1028   
g25409__1666/Y    OR2X1LVT           1  0.7    6   +13    1041 R 
g25389__2398/A                                      +0    1041   
g25389__2398/S    ADDHX1LVT          1  0.8    7   +35    1076 F 
g25387__5477/B                                      +0    1076   
g25387__5477/CO   ADDHX1LVT          1  0.3    4   +14    1090 F 
g25385__6417/B                                      +0    1090   
g25385__6417/Y    OR2X1LVT           1  0.8    7   +22    1112 F 
g25384__7410/B                                      +0    1112   
g25384__7410/CO   ADDHX1LVT          1  0.3    4   +14    1126 F 
g25382__1666/B                                      +0    1126   
g25382__1666/Y    OR2X1LVT           1  0.8    7   +22    1147 F 
g25381__2346/B                                      +0    1147   
g25381__2346/CO   ADDHX1LVT          1  0.3    4   +14    1161 F 
g25379__2883/B                                      +0    1161   
g25379__2883/Y    OR2X1LVT           1  0.8    7   +22    1183 F 
g25378__9945/B                                      +0    1183   
g25378__9945/CO   ADDHX1LVT          1  0.3    4   +14    1197 F 
g25376__9315/B                                      +0    1197   
g25376__9315/Y    OR2X1LVT           1  0.8    7   +22    1219 F 
g25375__6161/B                                      +0    1219   
g25375__6161/CO   ADDHX1LVT          1  0.3    4   +14    1232 F 
g25373__4733/B                                      +0    1232   
g25373__4733/Y    OR2X1LVT           1  0.8    7   +22    1254 F 
g25372__7482/B                                      +0    1254   
g25372__7482/CO   ADDHX1LVT          1  0.3    4   +14    1268 F 
g25370__5115/B                                      +0    1268   
g25370__5115/Y    OR2X1LVT           1  0.8    7   +22    1290 F 
g25369__1881/B                                      +0    1290   
g25369__1881/CO   ADDHX1LVT          1  0.3    4   +14    1304 F 
g25367__6131/B                                      +0    1304   
g25367__6131/Y    OR2X1LVT           1  0.8    7   +22    1325 F 
g25366__7098/B                                      +0    1325   
g25366__7098/CO   ADDHX1LVT          1  0.3    4   +14    1339 F 
g25364__8246/B                                      +0    1339   
g25364__8246/Y    OR2X1LVT           1  0.8    7   +22    1361 F 
g25363__5122/B                                      +0    1361   
g25363__5122/CO   ADDHX1LVT          1  0.3    4   +14    1375 F 
g25361__1705/B                                      +0    1375   
g25361__1705/Y    OR2X1LVT           1  0.8    7   +22    1397 F 
g25360__2802/B                                      +0    1397   
g25360__2802/CO   ADDHX1LVT          1  0.3    4   +14    1410 F 
g25358__1617/B                                      +0    1410   
g25358__1617/Y    OR2X1LVT           1  0.8    7   +22    1432 F 
g25357__3680/B                                      +0    1432   
g25357__3680/CO   ADDHX1LVT          1  0.3    4   +14    1446 F 
g25355__6783/B                                      +0    1446   
g25355__6783/Y    OR2X1LVT           1  0.8    7   +22    1468 F 
g25354__5526/B                                      +0    1468   
g25354__5526/CO   ADDHX1LVT          1  0.3    4   +14    1482 F 
g25352__8428/B                                      +0    1482   
g25352__8428/Y    OR2X1LVT           1  0.8    7   +22    1503 F 
g25351__4319/B                                      +0    1503   
g25351__4319/CO   ADDHX1LVT          1  0.3    4   +14    1517 F 
g25349__6260/B                                      +0    1517   
g25349__6260/Y    OR2X1LVT           1  0.8    7   +22    1539 F 
g25348__5107/B                                      +0    1539   
g25348__5107/S    ADDHX1LVT          1  0.3    5   +21    1560 R 
g25347/A                                            +0    1560   
g25347/Y          INVXLLVT           1  0.0    1    +4    1564 F 
N6288             interconnect                 1    +0    1564 F 
                  out port                          +0    1564 F 
-----------------------------------------------------------------
Timing slack :  UNCONSTRAINED
Start-point  : N273
End-point    : N6288

