============================================================
  Generated by:           Genus(TM) Synthesis Solution 20.10-p001_1
  Generated on:           Nov 22 2024  12:11:00 am
  Module:                 c6288
  Technology library:     slow_vdd1v0 1.0
  Operating conditions:   PVT_0P9V_125C (balanced_tree)
  Wireload mode:          enclosed
  Area mode:              timing library
============================================================

     Pin             Type       Fanout Load Slew Delay Arrival   
                                       (fF) (ps)  (ps)   (ps)    
-----------------------------------------------------------------
N273              in port           16  3.2    0    +0       0 R 
g26353/A                                            +0       0   
g26353/Y          INVXLLVT          17  3.6  112   +65      65 F 
g26351__7410/B                                      +0      65   
g26351__7410/Y    NOR2XLLVT         15  3.0  176  +153     218 R 
g26099__6260/A1                                     +0     218   
g26099__6260/Y    OAI21XLLVT         2  0.4   60  +126     344 F 
g26083__3680/C                                      +0     344   
g26083__3680/Y    NAND3XLLVT         2  0.9   43   +52     396 R 
g26073__5107/B0                                     +0     396   
g26073__5107/Y    OAI2BB1X1LVT       1  0.6   43   +54     450 F 
g26059__3680/B                                      +0     450   
g26059__3680/S    ADDHX1LVT          1  0.6   20   +79     528 F 
g26037__7482/B                                      +0     528   
g26037__7482/CO   ADDHX1LVT          1  0.2   11   +41     570 F 
g26019__6260/B                                      +0     570   
g26019__6260/Y    OR2X1LVT           1  0.4   16   +63     632 F 
g26003__9315/A                                      +0     632   
g26003__9315/S    ADDHX1LVT          1  0.7   21  +120     753 R 
g25986__2398/B                                      +0     753   
g25986__2398/CO   ADDHX1LVT          1  0.2   13   +74     827 R 
g25974__3680/B                                      +0     827   
g25974__3680/Y    OR2X1LVT           1  0.7   18   +44     870 R 
g25956__5526/B                                      +0     870   
g25956__5526/S    ADDHX1LVT          1  0.6   20   +93     964 F 
g25938__1881/B                                      +0     964   
g25938__1881/CO   ADDHX1LVT          1  0.2   11   +41    1005 F 
g25925__9945/B                                      +0    1005   
g25925__9945/Y    OR2X1LVT           1  0.4   16   +63    1067 F 
g25913__1617/A                                      +0    1067   
g25913__1617/S    ADDHX1LVT          1  0.7   21  +120    1188 R 
g25890__5477/B                                      +0    1188   
g25890__5477/S    ADDHX1LVT          1  0.4   17   +92    1280 F 
g25858__1881/A                                      +0    1280   
g25858__1881/S    ADDHX1LVT          1  0.7   21  +121    1401 R 
g25843__5107/B                                      +0    1401   
g25843__5107/S    ADDHX1LVT          1  0.4   17   +92    1494 F 
g25811__1666/A                                      +0    1494   
g25811__1666/S    ADDHX1LVT          1  0.7   21  +121    1614 R 
g25794__6783/B                                      +0    1614   
g25794__6783/CO   ADDHX1LVT          1  0.2   13   +74    1688 R 
g25791__4319/B                                      +0    1688   
g25791__4319/Y    OR2X1LVT           1  0.7   18   +44    1732 R 
g25773__8428/B                                      +0    1732   
g25773__8428/S    ADDHX1LVT          1  0.6   20   +93    1825 F 
g25753__7410/B                                      +0    1825   
g25753__7410/CO   ADDHX1LVT          1  0.2   11   +41    1866 F 
g25742__7098/B                                      +0    1866   
g25742__7098/Y    OR2X1LVT           1  0.4   16   +63    1929 F 
g25725__1666/A                                      +0    1929   
g25725__1666/S    ADDHX1LVT          1  0.7   21  +120    2050 R 
g25708__1617/B                                      +0    2050   
g25708__1617/CO   ADDHX1LVT          1  0.2   13   +74    2124 R 
g25683__8246/B                                      +0    2124   
g25683__8246/Y    OR2X1LVT           1  0.7   18   +44    2167 R 
g25680__1617/B                                      +0    2167   
g25680__1617/S    ADDHX1LVT          1  0.6   20   +93    2260 F 
g25650__1617/B                                      +0    2260   
g25650__1617/CO   ADDHX1LVT          1  0.2   11   +41    2302 F 
g25638__1666/B                                      +0    2302   
g25638__1666/Y    OR2X1LVT           1  0.4   16   +63    2364 F 
g25622__2802/A                                      +0    2364   
g25622__2802/S    ADDHX1LVT          1  0.7   21  +120    2485 R 
g25607__2883/B                                      +0    2485   
g25607__2883/S    ADDHX1LVT          1  0.4   17   +92    2577 F 
g25577__2883/A                                      +0    2577   
g25577__2883/S    ADDHX1LVT          1  0.7   21  +121    2698 R 
g25559__4319/B                                      +0    2698   
g25559__4319/CO   ADDHX1LVT          1  0.2   13   +74    2772 R 
g25546__7098/B                                      +0    2772   
g25546__7098/Y    OR2X1LVT           1  0.5   15   +42    2814 R 
g25530__6783/A                                      +0    2814   
g25530__6783/S    ADDHX1LVT          1  0.6   20  +112    2926 F 
g25514__5115/B                                      +0    2926   
g25514__5115/CO   ADDHX1LVT          1  0.2   11   +41    2968 F 
g25501__8428/B                                      +0    2968   
g25501__8428/Y    OR2X1LVT           1  0.4   16   +63    3030 F 
g25487__6161/A                                      +0    3030   
g25487__6161/S    ADDHX1LVT          1  0.7   21  +120    3151 R 
g25474__1666/B                                      +0    3151   
g25474__1666/CO   ADDHX1LVT          1  0.2   13   +74    3225 R 
g25454__7098/B                                      +0    3225   
g25454__7098/Y    OR2X1LVT           1  0.7   18   +44    3268 R 
g25446__8428/B                                      +0    3268   
g25446__8428/S    ADDHX1LVT          1  0.7   21   +86    3355 R 
g25432__5122/B                                      +0    3355   
g25432__5122/CO   ADDHX1LVT          1  0.2   13   +74    3429 R 
g25409__1666/B                                      +0    3429   
g25409__1666/Y    OR2X1LVT           1  0.7   18   +44    3472 R 
g25389__2398/B                                      +0    3472   
g25389__2398/S    ADDHX1LVT          1  0.7   21   +86    3559 R 
g25387__5477/B                                      +0    3559   
g25387__5477/CO   ADDHX1LVT          1  0.2   13   +74    3633 R 
g25385__6417/B                                      +0    3633   
g25385__6417/Y    OR2X1LVT           1  0.7   18   +44    3676 R 
g25384__7410/B                                      +0    3676   
g25384__7410/CO   ADDHX1LVT          1  0.2   13   +73    3749 R 
g25382__1666/B                                      +0    3749   
g25382__1666/Y    OR2X1LVT           1  0.7   18   +44    3793 R 
g25381__2346/B                                      +0    3793   
g25381__2346/CO   ADDHX1LVT          1  0.2   13   +73    3865 R 
g25379__2883/B                                      +0    3865   
g25379__2883/Y    OR2X1LVT           1  0.7   18   +44    3909 R 
g25378__9945/B                                      +0    3909   
g25378__9945/CO   ADDHX1LVT          1  0.2   13   +73    3982 R 
g25376__9315/B                                      +0    3982   
g25376__9315/Y    OR2X1LVT           1  0.7   18   +44    4025 R 
g25375__6161/B                                      +0    4025   
g25375__6161/CO   ADDHX1LVT          1  0.2   13   +73    4098 R 
g25373__4733/B                                      +0    4098   
g25373__4733/Y    OR2X1LVT           1  0.7   18   +44    4142 R 
g25372__7482/B                                      +0    4142   
g25372__7482/CO   ADDHX1LVT          1  0.2   13   +73    4214 R 
g25370__5115/B                                      +0    4214   
g25370__5115/Y    OR2X1LVT           1  0.7   18   +44    4258 R 
g25369__1881/B                                      +0    4258   
g25369__1881/CO   ADDHX1LVT          1  0.2   13   +73    4331 R 
g25367__6131/B                                      +0    4331   
g25367__6131/Y    OR2X1LVT           1  0.7   18   +44    4374 R 
g25366__7098/B                                      +0    4374   
g25366__7098/CO   ADDHX1LVT          1  0.2   13   +73    4447 R 
g25364__8246/B                                      +0    4447   
g25364__8246/Y    OR2X1LVT           1  0.7   18   +44    4490 R 
g25363__5122/B                                      +0    4490   
g25363__5122/CO   ADDHX1LVT          1  0.2   13   +73    4563 R 
g25361__1705/B                                      +0    4563   
g25361__1705/Y    OR2X1LVT           1  0.7   18   +44    4607 R 
g25360__2802/B                                      +0    4607   
g25360__2802/CO   ADDHX1LVT          1  0.2   13   +73    4680 R 
g25358__1617/B                                      +0    4680   
g25358__1617/Y    OR2X1LVT           1  0.7   18   +44    4723 R 
g25357__3680/B                                      +0    4723   
g25357__3680/CO   ADDHX1LVT          1  0.2   13   +73    4796 R 
g25355__6783/B                                      +0    4796   
g25355__6783/Y    OR2X1LVT           1  0.7   18   +44    4839 R 
g25354__5526/B                                      +0    4839   
g25354__5526/CO   ADDHX1LVT          1  0.2   13   +73    4912 R 
g25352__8428/B                                      +0    4912   
g25352__8428/Y    OR2X1LVT           1  0.7   18   +44    4956 R 
g25351__4319/B                                      +0    4956   
g25351__4319/CO   ADDHX1LVT          1  0.2   13   +73    5028 R 
g25349__6260/B                                      +0    5028   
g25349__6260/Y    OR2X1LVT           1  0.7   18   +44    5072 R 
g25348__5107/B                                      +0    5072   
g25348__5107/S    ADDHX1LVT          1  0.2   14   +90    5162 F 
g25347/A                                            +0    5162   
g25347/Y          INVXLLVT           1  0.0    7   +13    5174 R 
N6288             interconnect                 7    +0    5174 R 
                  out port                          +0    5174 R 
-----------------------------------------------------------------
Timing slack :  UNCONSTRAINED
Start-point  : N273
End-point    : N6288

