============================================================
  Generated by:           Genus(TM) Synthesis Solution 20.10-p001_1
  Generated on:           Nov 21 2024  09:39:43 pm
  Module:                 c6288
  Technology library:     slow_vdd1v0 1.0
  Operating conditions:   PVT_0P9V_125C (balanced_tree)
  Wireload mode:          enclosed
  Area mode:              timing library
============================================================

     Pin             Type       Fanout Load Slew Delay Arrival   
                                       (fF) (ps)  (ps)   (ps)    
-----------------------------------------------------------------
N273              in port           16  3.2    0    +0       0 R 
g26353/A                                            +0       0   
g26353/Y          INVXL             17  3.5  171   +98      98 F 
g26351__7410/B                                      +0      98   
g26351__7410/Y    NOR2XL            15  3.0  264  +248     346 R 
g26107__2346/A1                                     +0     346   
g26107__2346/Y    OAI21XL            2  0.4   95  +225     571 F 
g26094__7482/C                                      +0     571   
g26094__7482/Y    NAND3XL            2  0.8   62   +88     659 R 
g26074__6417/B0                                     +0     659   
g26074__6417/Y    OAI2BB1X1          1  0.5   66   +89     748 F 
g26054__7098/B                                      +0     748   
g26054__7098/S    ADDHX1             1  0.6   31  +148     896 R 
g26044__2883/B                                      +0     896   
g26044__2883/CO   ADDHX1             1  0.2   20  +120    1016 R 
g26018__5107/B                                      +0    1016   
g26018__5107/Y    OR2X1              1  0.4   21   +65    1082 R 
g26001__2883/A                                      +0    1082   
g26001__2883/S    ADDHX1             1  0.5   31  +177    1258 F 
g25997__6417/B                                      +0    1258   
g25997__6417/CO   ADDHX1             1  0.2   19   +65    1323 F 
g25968__7098/B                                      +0    1323   
g25968__7098/Y    OR2X1              1  0.4   27   +98    1422 F 
g25964__5107/A                                      +0    1422   
g25964__5107/S    ADDHX1             1  0.6   31  +193    1615 R 
g25937__8246/B                                      +0    1615   
g25937__8246/CO   ADDHX1             1  0.2   20  +120    1735 R 
g25929__7410/B                                      +0    1735   
g25929__7410/Y    OR2X1              1  0.4   21   +65    1800 R 
g25916__5122/A                                      +0    1800   
g25916__5122/S    ADDHX1             1  0.5   31  +177    1977 F 
g25901__6131/B                                      +0    1977   
g25901__6131/CO   ADDHX1             1  0.2   19   +65    2042 F 
g25887__8246/B                                      +0    2042   
g25887__8246/Y    OR2X1              1  0.4   27   +98    2140 F 
g25866__4733/A                                      +0    2140   
g25866__4733/S    ADDHX1             1  0.6   31  +193    2334 R 
g25847__6417/B                                      +0    2334   
g25847__6417/CO   ADDHX1             1  0.2   20  +120    2454 R 
g25830__8246/B                                      +0    2454   
g25830__8246/Y    OR2X1              1  0.4   21   +65    2519 R 
g25817__5107/A                                      +0    2519   
g25817__5107/S    ADDHX1             1  0.5   31  +177    2696 F 
g25796__1617/B                                      +0    2696   
g25796__1617/CO   ADDHX1             1  0.2   19   +65    2760 F 
g25787__5477/B                                      +0    2760   
g25787__5477/Y    OR2X1              1  0.4   27   +98    2859 F 
g25762__5122/A                                      +0    2859   
g25762__5122/S    ADDHX1             1  0.6   31  +193    3052 R 
g25752__1666/B                                      +0    3052   
g25752__1666/CO   ADDHX1             1  0.2   20  +120    3172 R 
g25739__1705/B                                      +0    3172   
g25739__1705/Y    OR2X1              1  0.4   21   +65    3238 R 
g25719__6161/A                                      +0    3238   
g25719__6161/S    ADDHX1             1  0.5   31  +177    3414 F 
g25698__6417/B                                      +0    3414   
g25698__6417/CO   ADDHX1             1  0.2   19   +65    3479 F 
g25695__1666/B                                      +0    3479   
g25695__1666/Y    OR2X1              1  0.4   27   +98    3577 F 
g25678__6783/A                                      +0    3577   
g25678__6783/S    ADDHX1             1  0.6   31  +193    3771 R 
g25654__8246/B                                      +0    3771   
g25654__8246/CO   ADDHX1             1  0.2   20  +120    3891 R 
g25641__9945/B                                      +0    3891   
g25641__9945/Y    OR2X1              1  0.4   21   +65    3956 R 
g25619__6783/A                                      +0    3956   
g25619__6783/S    ADDHX1             1  0.5   31  +177    4133 F 
g25603__4733/B                                      +0    4133   
g25603__4733/CO   ADDHX1             1  0.2   19   +65    4198 F 
g25591__6783/B                                      +0    4198   
g25591__6783/Y    OR2X1              1  0.4   27   +98    4296 F 
g25577__2883/A                                      +0    4296   
g25577__2883/S    ADDHX1             1  0.6   31  +193    4489 R 
g25559__4319/B                                      +0    4489   
g25559__4319/CO   ADDHX1             1  0.2   20  +120    4610 R 
g25546__7098/B                                      +0    4610   
g25546__7098/Y    OR2X1              1  0.4   21   +65    4675 R 
g25530__6783/A                                      +0    4675   
g25530__6783/S    ADDHX1             1  0.5   31  +177    4851 F 
g25514__5115/B                                      +0    4851   
g25514__5115/CO   ADDHX1             1  0.2   19   +65    4916 F 
g25501__8428/B                                      +0    4916   
g25501__8428/Y    OR2X1              1  0.4   27   +98    5015 F 
g25487__6161/A                                      +0    5015   
g25487__6161/S    ADDHX1             1  0.6   31  +193    5208 R 
g25474__1666/B                                      +0    5208   
g25474__1666/CO   ADDHX1             1  0.2   20  +120    5328 R 
g25454__7098/B                                      +0    5328   
g25454__7098/Y    OR2X1              1  0.4   21   +65    5393 R 
g25446__8428/A                                      +0    5393   
g25446__8428/S    ADDHX1             1  0.5   31  +177    5570 F 
g25432__5122/B                                      +0    5570   
g25432__5122/CO   ADDHX1             1  0.2   19   +65    5635 F 
g25409__1666/B                                      +0    5635   
g25409__1666/Y    OR2X1              1  0.4   27   +98    5733 F 
g25389__2398/A                                      +0    5733   
g25389__2398/S    ADDHX1             1  0.6   31  +193    5926 R 
g25387__5477/B                                      +0    5926   
g25387__5477/CO   ADDHX1             1  0.2   20  +120    6047 R 
g25385__6417/B                                      +0    6047   
g25385__6417/Y    OR2X1              1  0.6   25   +68    6114 R 
g25384__7410/B                                      +0    6114   
g25384__7410/CO   ADDHX1             1  0.2   20  +118    6232 R 
g25382__1666/B                                      +0    6232   
g25382__1666/Y    OR2X1              1  0.6   25   +68    6299 R 
g25381__2346/B                                      +0    6299   
g25381__2346/CO   ADDHX1             1  0.2   20  +118    6417 R 
g25379__2883/B                                      +0    6417   
g25379__2883/Y    OR2X1              1  0.6   25   +68    6485 R 
g25378__9945/B                                      +0    6485   
g25378__9945/CO   ADDHX1             1  0.2   20  +118    6602 R 
g25376__9315/B                                      +0    6602   
g25376__9315/Y    OR2X1              1  0.6   25   +68    6670 R 
g25375__6161/B                                      +0    6670   
g25375__6161/CO   ADDHX1             1  0.2   20  +118    6788 R 
g25373__4733/B                                      +0    6788   
g25373__4733/Y    OR2X1              1  0.6   25   +68    6855 R 
g25372__7482/B                                      +0    6855   
g25372__7482/CO   ADDHX1             1  0.2   20  +118    6973 R 
g25370__5115/B                                      +0    6973   
g25370__5115/Y    OR2X1              1  0.6   25   +68    7040 R 
g25369__1881/B                                      +0    7040   
g25369__1881/CO   ADDHX1             1  0.2   20  +118    7158 R 
g25367__6131/B                                      +0    7158   
g25367__6131/Y    OR2X1              1  0.6   25   +68    7225 R 
g25366__7098/B                                      +0    7225   
g25366__7098/CO   ADDHX1             1  0.2   20  +118    7343 R 
g25364__8246/B                                      +0    7343   
g25364__8246/Y    OR2X1              1  0.6   25   +68    7411 R 
g25363__5122/B                                      +0    7411   
g25363__5122/CO   ADDHX1             1  0.2   20  +118    7528 R 
g25361__1705/B                                      +0    7528   
g25361__1705/Y    OR2X1              1  0.6   25   +68    7596 R 
g25360__2802/B                                      +0    7596   
g25360__2802/CO   ADDHX1             1  0.2   20  +118    7714 R 
g25358__1617/B                                      +0    7714   
g25358__1617/Y    OR2X1              1  0.6   25   +68    7781 R 
g25357__3680/B                                      +0    7781   
g25357__3680/CO   ADDHX1             1  0.2   20  +118    7899 R 
g25355__6783/B                                      +0    7899   
g25355__6783/Y    OR2X1              1  0.6   25   +68    7966 R 
g25354__5526/B                                      +0    7966   
g25354__5526/CO   ADDHX1             1  0.2   20  +118    8084 R 
g25352__8428/B                                      +0    8084   
g25352__8428/Y    OR2X1              1  0.6   25   +68    8151 R 
g25351__4319/B                                      +0    8151   
g25351__4319/CO   ADDHX1             1  0.2   20  +118    8269 R 
g25349__6260/B                                      +0    8269   
g25349__6260/Y    OR2X1              1  0.6   25   +68    8337 R 
g25348__5107/B                                      +0    8337   
g25348__5107/S    ADDHX1             1  0.2   23  +142    8478 F 
g25347/A                                            +0    8478   
g25347/Y          INVXL              1  0.0   11   +22    8501 R 
N6288             interconnect                11    +0    8501 R 
                  out port                          +0    8501 R 
-----------------------------------------------------------------
Timing slack :  UNCONSTRAINED
Start-point  : N273
End-point    : N6288

