============================================================
  Generated by:           Genus(TM) Synthesis Solution 20.10-p001_1
  Generated on:           Nov 21 2024  10:13:42 pm
  Module:                 c6288
  Technology library:     slow_vdd1v0 1.0
  Operating conditions:   PVT_0P9V_125C (balanced_tree)
  Wireload mode:          enclosed
  Area mode:              timing library
============================================================

     Pin             Type       Fanout Load Slew Delay Arrival   
                                       (fF) (ps)  (ps)   (ps)    
-----------------------------------------------------------------
N273              in port           16  4.6    0    +0       0 R 
g26353/A                                            +0       0   
g26353/Y          INVX1HVT          17  3.6  176  +102     102 F 
g26351__7410/B                                      +0     102   
g26351__7410/Y    NOR2X1HVT         15  3.0  224  +237     339 R 
g26107__2346/A1                                     +0     339   
g26107__2346/Y    OAI21XLHVT         2  0.5  176  +287     626 F 
g26094__7482/C                                      +0     626   
g26094__7482/Y    NAND3X1HVT         2  0.7   73  +145     771 R 
g26074__6417/B0                                     +0     771   
g26074__6417/Y    OAI2BB1X1HVT       1  0.5  112  +143     914 F 
g26054__7098/B                                      +0     914   
g26054__7098/S    ADDHX1HVT          1  0.5   42  +246    1161 R 
g26044__2883/B                                      +0    1161   
g26044__2883/CO   ADDHX1HVT          1  0.2   30  +195    1356 R 
g26018__5107/B                                      +0    1356   
g26018__5107/Y    OR2X1HVT           1  0.4   30  +105    1461 R 
g26001__2883/A                                      +0    1461   
g26001__2883/S    ADDHX1HVT          1  0.5   42  +252    1713 R 
g25997__6417/B                                      +0    1713   
g25997__6417/CO   ADDHX1HVT          1  0.2   30  +195    1908 R 
g25968__7098/B                                      +0    1908   
g25968__7098/Y    OR2X1HVT           1  0.4   30  +105    2012 R 
g25964__5107/A                                      +0    2012   
g25964__5107/S    ADDHX1HVT          1  0.5   42  +252    2264 R 
g25937__8246/B                                      +0    2264   
g25937__8246/CO   ADDHX1HVT          1  0.2   30  +195    2460 R 
g25929__7410/B                                      +0    2460   
g25929__7410/Y    OR2X1HVT           1  0.4   30  +105    2564 R 
g25916__5122/A                                      +0    2564   
g25916__5122/S    ADDHX1HVT          1  0.5   42  +252    2816 R 
g25901__6131/B                                      +0    2816   
g25901__6131/CO   ADDHX1HVT          1  0.2   30  +195    3012 R 
g25887__8246/B                                      +0    3012   
g25887__8246/Y    OR2X1HVT           1  0.5   33  +106    3118 R 
g25866__4733/B                                      +0    3118   
g25866__4733/S    ADDHX1HVT          1  0.5   42  +222    3340 R 
g25847__6417/B                                      +0    3340   
g25847__6417/CO   ADDHX1HVT          1  0.2   30  +195    3536 R 
g25830__8246/B                                      +0    3536   
g25830__8246/Y    OR2X1HVT           1  0.5   33  +106    3642 R 
g25817__5107/B                                      +0    3642   
g25817__5107/S    ADDHX1HVT          1  0.5   42  +222    3864 R 
g25796__1617/B                                      +0    3864   
g25796__1617/CO   ADDHX1HVT          1  0.2   30  +195    4060 R 
g25787__5477/B                                      +0    4060   
g25787__5477/Y    OR2X1HVT           1  0.5   33  +106    4166 R 
g25762__5122/B                                      +0    4166   
g25762__5122/S    ADDHX1HVT          1  0.5   42  +222    4388 R 
g25752__1666/B                                      +0    4388   
g25752__1666/CO   ADDHX1HVT          1  0.2   30  +195    4584 R 
g25739__1705/B                                      +0    4584   
g25739__1705/Y    OR2X1HVT           1  0.5   33  +106    4690 R 
g25719__6161/B                                      +0    4690   
g25719__6161/S    ADDHX1HVT          1  0.5   42  +222    4912 R 
g25698__6417/B                                      +0    4912   
g25698__6417/CO   ADDHX1HVT          1  0.2   30  +195    5108 R 
g25695__1666/B                                      +0    5108   
g25695__1666/Y    OR2X1HVT           1  0.5   33  +106    5214 R 
g25678__6783/B                                      +0    5214   
g25678__6783/S    ADDHX1HVT          1  0.5   42  +222    5436 R 
g25654__8246/B                                      +0    5436   
g25654__8246/CO   ADDHX1HVT          1  0.2   30  +195    5632 R 
g25641__9945/B                                      +0    5632   
g25641__9945/Y    OR2X1HVT           1  0.5   33  +106    5738 R 
g25619__6783/B                                      +0    5738   
g25619__6783/S    ADDHX1HVT          1  0.5   42  +222    5960 R 
g25603__4733/B                                      +0    5960   
g25603__4733/CO   ADDHX1HVT          1  0.2   30  +195    6156 R 
g25591__6783/B                                      +0    6156   
g25591__6783/Y    OR2X1HVT           1  0.5   33  +106    6262 R 
g25577__2883/B                                      +0    6262   
g25577__2883/S    ADDHX1HVT          1  0.5   42  +222    6484 R 
g25559__4319/B                                      +0    6484   
g25559__4319/CO   ADDHX1HVT          1  0.2   30  +195    6680 R 
g25546__7098/B                                      +0    6680   
g25546__7098/Y    OR2X1HVT           1  0.5   33  +106    6786 R 
g25530__6783/B                                      +0    6786   
g25530__6783/S    ADDHX1HVT          1  0.5   42  +222    7008 R 
g25514__5115/B                                      +0    7008   
g25514__5115/CO   ADDHX1HVT          1  0.2   30  +195    7204 R 
g25501__8428/B                                      +0    7204   
g25501__8428/Y    OR2X1HVT           1  0.5   33  +106    7310 R 
g25487__6161/B                                      +0    7310   
g25487__6161/S    ADDHX1HVT          1  0.5   42  +222    7532 R 
g25474__1666/B                                      +0    7532   
g25474__1666/CO   ADDHX1HVT          1  0.2   30  +195    7728 R 
g25454__7098/B                                      +0    7728   
g25454__7098/Y    OR2X1HVT           1  0.5   33  +106    7834 R 
g25446__8428/B                                      +0    7834   
g25446__8428/S    ADDHX1HVT          1  0.5   42  +222    8056 R 
g25432__5122/B                                      +0    8056   
g25432__5122/CO   ADDHX1HVT          1  0.2   30  +195    8252 R 
g25409__1666/B                                      +0    8252   
g25409__1666/Y    OR2X1HVT           1  0.5   33  +106    8358 R 
g25389__2398/B                                      +0    8358   
g25389__2398/S    ADDHX1HVT          1  0.5   42  +222    8580 R 
g25387__5477/B                                      +0    8580   
g25387__5477/CO   ADDHX1HVT          1  0.2   30  +195    8776 R 
g25385__6417/B                                      +0    8776   
g25385__6417/Y    OR2X1HVT           1  0.5   33  +106    8882 R 
g25384__7410/B                                      +0    8882   
g25384__7410/CO   ADDHX1HVT          1  0.2   30  +190    9072 R 
g25382__1666/B                                      +0    9072   
g25382__1666/Y    OR2X1HVT           1  0.5   33  +106    9178 R 
g25381__2346/B                                      +0    9178   
g25381__2346/CO   ADDHX1HVT          1  0.2   30  +190    9368 R 
g25379__2883/B                                      +0    9368   
g25379__2883/Y    OR2X1HVT           1  0.5   33  +106    9474 R 
g25378__9945/B                                      +0    9474   
g25378__9945/CO   ADDHX1HVT          1  0.2   30  +190    9665 R 
g25376__9315/B                                      +0    9665   
g25376__9315/Y    OR2X1HVT           1  0.5   33  +106    9771 R 
g25375__6161/B                                      +0    9771   
g25375__6161/CO   ADDHX1HVT          1  0.2   30  +190    9961 R 
g25373__4733/B                                      +0    9961   
g25373__4733/Y    OR2X1HVT           1  0.5   33  +106   10067 R 
g25372__7482/B                                      +0   10067   
g25372__7482/CO   ADDHX1HVT          1  0.2   30  +190   10258 R 
g25370__5115/B                                      +0   10258   
g25370__5115/Y    OR2X1HVT           1  0.5   33  +106   10364 R 
g25369__1881/B                                      +0   10364   
g25369__1881/CO   ADDHX1HVT          1  0.2   30  +190   10554 R 
g25367__6131/B                                      +0   10554   
g25367__6131/Y    OR2X1HVT           1  0.5   33  +106   10660 R 
g25366__7098/B                                      +0   10660   
g25366__7098/CO   ADDHX1HVT          1  0.2   30  +190   10850 R 
g25364__8246/B                                      +0   10850   
g25364__8246/Y    OR2X1HVT           1  0.5   33  +106   10956 R 
g25363__5122/B                                      +0   10956   
g25363__5122/CO   ADDHX1HVT          1  0.2   30  +190   11147 R 
g25361__1705/B                                      +0   11147   
g25361__1705/Y    OR2X1HVT           1  0.5   33  +106   11253 R 
g25360__2802/B                                      +0   11253   
g25360__2802/CO   ADDHX1HVT          1  0.2   30  +190   11443 R 
g25358__1617/B                                      +0   11443   
g25358__1617/Y    OR2X1HVT           1  0.5   33  +106   11549 R 
g25357__3680/B                                      +0   11549   
g25357__3680/CO   ADDHX1HVT          1  0.2   30  +190   11740 R 
g25355__6783/B                                      +0   11740   
g25355__6783/Y    OR2X1HVT           1  0.5   33  +106   11846 R 
g25354__5526/B                                      +0   11846   
g25354__5526/CO   ADDHX1HVT          1  0.2   30  +190   12036 R 
g25352__8428/B                                      +0   12036   
g25352__8428/Y    OR2X1HVT           1  0.5   33  +106   12142 R 
g25351__4319/B                                      +0   12142   
g25351__4319/CO   ADDHX1HVT          1  0.2   30  +190   12332 R 
g25349__6260/B                                      +0   12332   
g25349__6260/Y    OR2X1HVT           1  0.5   33  +106   12438 R 
g25348__5107/B                                      +0   12438   
g25348__5107/S    ADDHX1HVT          1  0.2   33  +218   12656 R 
g25347/A                                            +0   12656   
g25347/Y          INVXLHVT           1  0.0   21   +42   12698 F 
N6288             interconnect                21    +0   12698 F 
                  out port                          +0   12698 F 
-----------------------------------------------------------------
Timing slack :  UNCONSTRAINED
Start-point  : N273
End-point    : N6288

