============================================================
  Generated by:           Genus(TM) Synthesis Solution 20.10-p001_1
  Generated on:           Nov 21 2024  11:20:28 pm
  Module:                 c6288
  Technology library:     fast_vdd1v0 1.0
  Operating conditions:   PVT_1P1V_0C (balanced_tree)
  Wireload mode:          enclosed
  Area mode:              timing library
============================================================

     Pin             Type       Fanout Load Slew Delay Arrival   
                                       (fF) (ps)  (ps)   (ps)    
-----------------------------------------------------------------
N273              in port           16  3.2    0    +0       0 R 
g26353/A                                            +0       0   
g26353/Y          INVXLHVT          17  3.6   58   +34      34 F 
g26351__7410/B                                      +0      34   
g26351__7410/Y    NOR2XLHVT         15  3.0  110   +87     121 R 
g26104__5107/A1                                     +0     121   
g26104__5107/Y    OAI21XLHVT         2  0.4   27   +64     185 F 
g26082__6783/C                                      +0     185   
g26082__6783/Y    NAND3XLHVT         2  0.9   25   +26     211 R 
g26070__2346/B0                                     +0     211   
g26070__2346/Y    OAI2BB1X1HVT       1  0.6   22   +29     240 F 
g26056__6783/B                                      +0     240   
g26056__6783/S    ADDHX1HVT          1  0.7   12   +43     284 R 
g26043__2346/B                                      +0     284   
g26043__2346/CO   ADDHX1HVT          1  0.2    7   +34     317 R 
g26024__3680/B                                      +0     317   
g26024__3680/Y    OR2X1HVT           1  0.5    9   +22     339 R 
g26006__8246/A                                      +0     339   
g26006__8246/S    ADDHX1HVT          1  0.6   12   +60     399 F 
g25994__5477/B                                      +0     399   
g25994__5477/CO   ADDHX1HVT          1  0.2    6   +24     423 F 
g25976__1881/B                                      +0     423   
g25976__1881/Y    OR2X1HVT           1  0.4    9   +36     459 F 
g25966__1666/A                                      +0     459   
g25966__1666/S    ADDHX1HVT          1  0.7   12   +58     517 R 
g25943__5115/B                                      +0     517   
g25943__5115/CO   ADDHX1HVT          1  0.2    7   +34     550 R 
g25921__2346/B                                      +0     550   
g25921__2346/Y    OR2X1HVT           1  0.5    9   +22     572 R 
g25911__4319/A                                      +0     572   
g25911__4319/S    ADDHX1HVT          1  0.6   12   +60     633 F 
g25889__9945/B                                      +0     633   
g25889__9945/CO   ADDHX1HVT          1  0.2    6   +24     656 F 
g25881__1705/B                                      +0     656   
g25881__1705/Y    OR2X1HVT           1  0.4    9   +36     692 F 
g25863__9315/A                                      +0     692   
g25863__9315/S    ADDHX1HVT          1  0.7   12   +58     750 R 
g25852__3680/B                                      +0     750   
g25852__3680/S    ADDHX1HVT          1  0.4   10   +51     800 F 
g25817__5107/A                                      +0     800   
g25817__5107/S    ADDHX1HVT          1  0.7   12   +58     858 R 
g25796__1617/B                                      +0     858   
g25796__1617/CO   ADDHX1HVT          1  0.2    7   +34     892 R 
g25787__5477/B                                      +0     892   
g25787__5477/Y    OR2X1HVT           1  0.7   11   +23     915 R 
g25762__5122/B                                      +0     915   
g25762__5122/S    ADDHX1HVT          1  0.6   12   +51     966 F 
g25752__1666/B                                      +0     966   
g25752__1666/CO   ADDHX1HVT          1  0.2    6   +24     990 F 
g25739__1705/B                                      +0     990   
g25739__1705/Y    OR2X1HVT           1  0.4    9   +36    1026 F 
g25719__6161/A                                      +0    1026   
g25719__6161/S    ADDHX1HVT          1  0.7   12   +58    1084 R 
g25698__6417/B                                      +0    1084   
g25698__6417/CO   ADDHX1HVT          1  0.2    7   +34    1117 R 
g25695__1666/B                                      +0    1117   
g25695__1666/Y    OR2X1HVT           1  0.5    9   +22    1140 R 
g25678__6783/A                                      +0    1140   
g25678__6783/S    ADDHX1HVT          1  0.6   12   +60    1200 F 
g25654__8246/B                                      +0    1200   
g25654__8246/CO   ADDHX1HVT          1  0.2    6   +24    1223 F 
g25641__9945/B                                      +0    1223   
g25641__9945/Y    OR2X1HVT           1  0.4    9   +36    1259 F 
g25619__6783/A                                      +0    1259   
g25619__6783/S    ADDHX1HVT          1  0.7   12   +58    1317 R 
g25603__4733/B                                      +0    1317   
g25603__4733/CO   ADDHX1HVT          1  0.2    7   +34    1350 R 
g25591__6783/B                                      +0    1350   
g25591__6783/Y    OR2X1HVT           1  0.5    9   +22    1373 R 
g25577__2883/A                                      +0    1373   
g25577__2883/S    ADDHX1HVT          1  0.6   12   +60    1433 F 
g25559__4319/B                                      +0    1433   
g25559__4319/CO   ADDHX1HVT          1  0.2    6   +24    1457 F 
g25546__7098/B                                      +0    1457   
g25546__7098/Y    OR2X1HVT           1  0.4    9   +36    1493 F 
g25530__6783/A                                      +0    1493   
g25530__6783/S    ADDHX1HVT          1  0.7   12   +58    1550 R 
g25514__5115/B                                      +0    1550   
g25514__5115/CO   ADDHX1HVT          1  0.2    7   +34    1584 R 
g25501__8428/B                                      +0    1584   
g25501__8428/Y    OR2X1HVT           1  0.5    9   +22    1606 R 
g25487__6161/A                                      +0    1606   
g25487__6161/S    ADDHX1HVT          1  0.6   12   +60    1666 F 
g25474__1666/B                                      +0    1666   
g25474__1666/CO   ADDHX1HVT          1  0.2    6   +24    1690 F 
g25454__7098/B                                      +0    1690   
g25454__7098/Y    OR2X1HVT           1  0.4    9   +36    1726 F 
g25446__8428/A                                      +0    1726   
g25446__8428/S    ADDHX1HVT          1  0.7   12   +58    1783 R 
g25432__5122/B                                      +0    1783   
g25432__5122/CO   ADDHX1HVT          1  0.2    7   +34    1817 R 
g25409__1666/B                                      +0    1817   
g25409__1666/Y    OR2X1HVT           1  0.5    9   +22    1839 R 
g25389__2398/A                                      +0    1839   
g25389__2398/S    ADDHX1HVT          1  0.4   10   +59    1898 F 
g25387__5477/A                                      +0    1898   
g25387__5477/CO   ADDHX1HVT          1  0.2    6   +26    1924 F 
g25385__6417/B                                      +0    1924   
g25385__6417/Y    OR2X1HVT           1  0.6   11   +37    1961 F 
g25384__7410/B                                      +0    1961   
g25384__7410/CO   ADDHX1HVT          1  0.2    6   +24    1984 F 
g25382__1666/B                                      +0    1984   
g25382__1666/Y    OR2X1HVT           1  0.6   11   +37    2022 F 
g25381__2346/B                                      +0    2022   
g25381__2346/CO   ADDHX1HVT          1  0.2    6   +24    2045 F 
g25379__2883/B                                      +0    2045   
g25379__2883/Y    OR2X1HVT           1  0.6   11   +37    2082 F 
g25378__9945/B                                      +0    2082   
g25378__9945/CO   ADDHX1HVT          1  0.2    6   +24    2106 F 
g25376__9315/B                                      +0    2106   
g25376__9315/Y    OR2X1HVT           1  0.6   11   +37    2143 F 
g25375__6161/B                                      +0    2143   
g25375__6161/CO   ADDHX1HVT          1  0.2    6   +24    2167 F 
g25373__4733/B                                      +0    2167   
g25373__4733/Y    OR2X1HVT           1  0.6   11   +37    2204 F 
g25372__7482/B                                      +0    2204   
g25372__7482/CO   ADDHX1HVT          1  0.2    6   +24    2227 F 
g25370__5115/B                                      +0    2227   
g25370__5115/Y    OR2X1HVT           1  0.6   11   +37    2264 F 
g25369__1881/B                                      +0    2264   
g25369__1881/CO   ADDHX1HVT          1  0.2    6   +24    2288 F 
g25367__6131/B                                      +0    2288   
g25367__6131/Y    OR2X1HVT           1  0.6   11   +37    2325 F 
g25366__7098/B                                      +0    2325   
g25366__7098/CO   ADDHX1HVT          1  0.2    6   +24    2349 F 
g25364__8246/B                                      +0    2349   
g25364__8246/Y    OR2X1HVT           1  0.6   11   +37    2386 F 
g25363__5122/B                                      +0    2386   
g25363__5122/CO   ADDHX1HVT          1  0.2    6   +24    2409 F 
g25361__1705/B                                      +0    2409   
g25361__1705/Y    OR2X1HVT           1  0.6   11   +37    2446 F 
g25360__2802/B                                      +0    2446   
g25360__2802/CO   ADDHX1HVT          1  0.2    6   +24    2470 F 
g25358__1617/B                                      +0    2470   
g25358__1617/Y    OR2X1HVT           1  0.6   11   +37    2507 F 
g25357__3680/B                                      +0    2507   
g25357__3680/CO   ADDHX1HVT          1  0.2    6   +24    2531 F 
g25355__6783/B                                      +0    2531   
g25355__6783/Y    OR2X1HVT           1  0.6   11   +37    2568 F 
g25354__5526/B                                      +0    2568   
g25354__5526/CO   ADDHX1HVT          1  0.2    6   +24    2592 F 
g25352__8428/B                                      +0    2592   
g25352__8428/Y    OR2X1HVT           1  0.6   11   +37    2629 F 
g25351__4319/B                                      +0    2629   
g25351__4319/CO   ADDHX1HVT          1  0.2    6   +24    2652 F 
g25349__6260/B                                      +0    2652   
g25349__6260/Y    OR2X1HVT           1  0.6   11   +37    2689 F 
g25348__5107/B                                      +0    2689   
g25348__5107/S    ADDHX1HVT          1  0.2    7   +38    2727 R 
g25347/A                                            +0    2727   
g25347/Y          INVXLHVT           1  0.0    3    +7    2734 F 
N6288             interconnect                 3    +0    2734 F 
                  out port                          +0    2734 F 
-----------------------------------------------------------------
Timing slack :  UNCONSTRAINED
Start-point  : N273
End-point    : N6288

