============================================================
  Generated by:           Genus(TM) Synthesis Solution 20.10-p001_1
  Generated on:           Nov 20 2024  07:38:49 pm
  Module:                 c6288
  Technology library:     fast_vdd1v0 1.0
  Operating conditions:   PVT_1P1V_0C (balanced_tree)
  Wireload mode:          enclosed
  Area mode:              timing library
============================================================

     Pin             Type       Fanout Load Slew Delay Arrival   
                                       (fF) (ps)  (ps)   (ps)    
-----------------------------------------------------------------
N273              in port           16  4.7    0    +0       0 F 
g26353/A                                            +0       0   
g26353/Y          INVXL             17  5.3   62   +36      36 R 
g26351__7410/B                                      +0      36   
g26351__7410/Y    NOR2XL            15  4.5   59   +51      88 F 
g26107__2346/A1                                     +0      88   
g26107__2346/Y    OAI21XL            2  0.6   30   +37     125 R 
g26094__7482/C                                      +0     125   
g26094__7482/Y    NAND3XL            2  0.9   41   +35     160 F 
g26074__6417/B0                                     +0     160   
g26074__6417/Y    OAI2BB1X1          1  0.8   17   +21     181 R 
g26054__7098/B                                      +0     181   
g26054__7098/S    ADDHX1             1  0.7    9   +38     219 F 
g26044__2883/B                                      +0     219   
g26044__2883/CO   ADDHX1             1  0.2    4   +17     236 F 
g26018__5107/B                                      +0     236   
g26018__5107/Y    OR2X1              1  0.5    7   +26     263 F 
g26001__2883/A                                      +0     263   
g26001__2883/S    ADDHX1             1  0.8    9   +42     305 R 
g25997__6417/B                                      +0     305   
g25997__6417/CO   ADDHX1             1  0.3    6   +25     330 R 
g25968__7098/B                                      +0     330   
g25968__7098/Y    OR2X1              1  0.6    7   +17     346 R 
g25964__5107/A                                      +0     346   
g25964__5107/S    ADDHX1             1  0.7    9   +44     391 F 
g25937__8246/B                                      +0     391   
g25937__8246/CO   ADDHX1             1  0.2    4   +17     408 F 
g25929__7410/B                                      +0     408   
g25929__7410/Y    OR2X1              1  0.5    7   +26     434 F 
g25916__5122/A                                      +0     434   
g25916__5122/S    ADDHX1             1  0.8    9   +42     476 R 
g25901__6131/B                                      +0     476   
g25901__6131/CO   ADDHX1             1  0.3    6   +25     501 R 
g25887__8246/B                                      +0     501   
g25887__8246/Y    OR2X1              1  0.6    7   +17     518 R 
g25866__4733/A                                      +0     518   
g25866__4733/S    ADDHX1             1  0.7    9   +44     562 F 
g25847__6417/B                                      +0     562   
g25847__6417/CO   ADDHX1             1  0.2    4   +17     579 F 
g25830__8246/B                                      +0     579   
g25830__8246/Y    OR2X1              1  0.7    8   +27     606 F 
g25817__5107/B                                      +0     606   
g25817__5107/S    ADDHX1             1  0.8    9   +30     636 R 
g25796__1617/B                                      +0     636   
g25796__1617/CO   ADDHX1             1  0.3    6   +25     661 R 
g25787__5477/B                                      +0     661   
g25787__5477/Y    OR2X1              1  0.8    8   +17     678 R 
g25762__5122/B                                      +0     678   
g25762__5122/S    ADDHX1             1  0.7    9   +38     716 F 
g25752__1666/B                                      +0     716   
g25752__1666/CO   ADDHX1             1  0.2    4   +17     733 F 
g25739__1705/B                                      +0     733   
g25739__1705/Y    OR2X1              1  0.5    7   +26     759 F 
g25719__6161/A                                      +0     759   
g25719__6161/S    ADDHX1             1  0.8    9   +42     801 R 
g25698__6417/B                                      +0     801   
g25698__6417/CO   ADDHX1             1  0.3    6   +25     826 R 
g25695__1666/B                                      +0     826   
g25695__1666/Y    OR2X1              1  0.6    7   +17     843 R 
g25678__6783/A                                      +0     843   
g25678__6783/S    ADDHX1             1  0.7    9   +44     887 F 
g25654__8246/B                                      +0     887   
g25654__8246/CO   ADDHX1             1  0.2    4   +17     904 F 
g25641__9945/B                                      +0     904   
g25641__9945/Y    OR2X1              1  0.5    7   +26     931 F 
g25619__6783/A                                      +0     931   
g25619__6783/S    ADDHX1             1  0.8    9   +42     973 R 
g25603__4733/B                                      +0     973   
g25603__4733/CO   ADDHX1             1  0.3    6   +25     997 R 
g25591__6783/B                                      +0     997   
g25591__6783/Y    OR2X1              1  0.6    7   +17    1014 R 
g25577__2883/A                                      +0    1014   
g25577__2883/S    ADDHX1             1  0.7    9   +44    1058 F 
g25559__4319/B                                      +0    1058   
g25559__4319/CO   ADDHX1             1  0.2    4   +17    1076 F 
g25546__7098/B                                      +0    1076   
g25546__7098/Y    OR2X1              1  0.5    7   +26    1102 F 
g25530__6783/A                                      +0    1102   
g25530__6783/S    ADDHX1             1  0.8    9   +42    1144 R 
g25514__5115/B                                      +0    1144   
g25514__5115/CO   ADDHX1             1  0.3    6   +25    1169 R 
g25501__8428/B                                      +0    1169   
g25501__8428/Y    OR2X1              1  0.6    7   +17    1185 R 
g25487__6161/A                                      +0    1185   
g25487__6161/S    ADDHX1             1  0.7    9   +44    1230 F 
g25474__1666/B                                      +0    1230   
g25474__1666/CO   ADDHX1             1  0.2    4   +17    1247 F 
g25454__7098/B                                      +0    1247   
g25454__7098/Y    OR2X1              1  0.5    7   +26    1274 F 
g25446__8428/A                                      +0    1274   
g25446__8428/S    ADDHX1             1  0.8    9   +42    1316 R 
g25432__5122/B                                      +0    1316   
g25432__5122/CO   ADDHX1             1  0.3    6   +25    1340 R 
g25409__1666/B                                      +0    1340   
g25409__1666/Y    OR2X1              1  0.6    7   +17    1357 R 
g25389__2398/A                                      +0    1357   
g25389__2398/S    ADDHX1             1  0.7    9   +44    1401 F 
g25387__5477/B                                      +0    1401   
g25387__5477/CO   ADDHX1             1  0.2    4   +17    1418 F 
g25385__6417/B                                      +0    1418   
g25385__6417/Y    OR2X1              1  0.7    8   +27    1446 F 
g25384__7410/B                                      +0    1446   
g25384__7410/CO   ADDHX1             1  0.2    4   +17    1463 F 
g25382__1666/B                                      +0    1463   
g25382__1666/Y    OR2X1              1  0.7    8   +27    1490 F 
g25381__2346/B                                      +0    1490   
g25381__2346/CO   ADDHX1             1  0.2    4   +17    1508 F 
g25379__2883/B                                      +0    1508   
g25379__2883/Y    OR2X1              1  0.7    8   +27    1535 F 
g25378__9945/B                                      +0    1535   
g25378__9945/CO   ADDHX1             1  0.2    4   +17    1552 F 
g25376__9315/B                                      +0    1552   
g25376__9315/Y    OR2X1              1  0.7    8   +27    1579 F 
g25375__6161/B                                      +0    1579   
g25375__6161/CO   ADDHX1             1  0.2    4   +17    1596 F 
g25373__4733/B                                      +0    1596   
g25373__4733/Y    OR2X1              1  0.7    8   +27    1624 F 
g25372__7482/B                                      +0    1624   
g25372__7482/CO   ADDHX1             1  0.2    4   +17    1641 F 
g25370__5115/B                                      +0    1641   
g25370__5115/Y    OR2X1              1  0.7    8   +27    1668 F 
g25369__1881/B                                      +0    1668   
g25369__1881/CO   ADDHX1             1  0.2    4   +17    1686 F 
g25367__6131/B                                      +0    1686   
g25367__6131/Y    OR2X1              1  0.7    8   +27    1713 F 
g25366__7098/B                                      +0    1713   
g25366__7098/CO   ADDHX1             1  0.2    4   +17    1730 F 
g25364__8246/B                                      +0    1730   
g25364__8246/Y    OR2X1              1  0.7    8   +27    1757 F 
g25363__5122/B                                      +0    1757   
g25363__5122/CO   ADDHX1             1  0.2    4   +17    1774 F 
g25361__1705/B                                      +0    1774   
g25361__1705/Y    OR2X1              1  0.7    8   +27    1802 F 
g25360__2802/B                                      +0    1802   
g25360__2802/CO   ADDHX1             1  0.2    4   +17    1819 F 
g25358__1617/B                                      +0    1819   
g25358__1617/Y    OR2X1              1  0.7    8   +27    1846 F 
g25357__3680/B                                      +0    1846   
g25357__3680/CO   ADDHX1             1  0.2    4   +17    1864 F 
g25355__6783/B                                      +0    1864   
g25355__6783/Y    OR2X1              1  0.7    8   +27    1891 F 
g25354__5526/B                                      +0    1891   
g25354__5526/CO   ADDHX1             1  0.2    4   +17    1908 F 
g25352__8428/B                                      +0    1908   
g25352__8428/Y    OR2X1              1  0.7    8   +27    1935 F 
g25351__4319/B                                      +0    1935   
g25351__4319/CO   ADDHX1             1  0.2    4   +17    1952 F 
g25349__6260/B                                      +0    1952   
g25349__6260/Y    OR2X1              1  0.7    8   +27    1980 F 
g25348__5107/B                                      +0    1980   
g25348__5107/S    ADDHX1             1  0.3    6   +28    2007 R 
g25347/A                                            +0    2007   
g25347/Y          INVXL              1  0.0    2    +5    2013 F 
N6288             interconnect                 2    +0    2013 F 
                  out port                          +0    2013 F 
-----------------------------------------------------------------
Timing slack :  UNCONSTRAINED
Start-point  : N273
End-point    : N6288

