============================================================
  Generated by:           Genus(TM) Synthesis Solution 20.10-p001_1
  Generated on:           Nov 22 2024  12:00:39 am
  Module:                 b14
  Technology library:     fast_vdd1v0 1.0
  Operating conditions:   PVT_1P1V_0C (balanced_tree)
  Wireload mode:          enclosed
  Area mode:              timing library
============================================================

            Pin                       Type       Fanout Load Slew Delay Arrival   
                                                        (fF) (ps)  (ps)   (ps)    
----------------------------------------------------------------------------------
(clock CLK)                        launch                                     0 R 
(constraint.sdc_line_12_31_1)      ext delay                      +1000    1000 R 
datai[0]                           in port            2  0.9  100    +0    1000 R 
g24947__1666/A                                                       +0    1000   
g24947__1666/Y                     MX2X1LVT          12  4.9   31   +49    1049 R 
lt_151_10_g38159/B                                                   +0    1049   
lt_151_10_g38159/Y                 NAND2BXLLVT        3  1.6   31   +26    1076 F 
sub_358_29_g854/CI                                                   +0    1076   
sub_358_29_g854/CO                 ADDFX1LVT          1  0.8   10   +38    1113 F 
sub_358_29_g853/CI                                                   +0    1113   
sub_358_29_g853/CO                 ADDFX1LVT          1  0.8   10   +34    1147 F 
sub_358_29_g852/CI                                                   +0    1147   
sub_358_29_g852/CO                 ADDFX1LVT          1  0.8   10   +34    1181 F 
sub_358_29_g851/CI                                                   +0    1181   
sub_358_29_g851/CO                 ADDFX1LVT          1  0.8   10   +34    1215 F 
sub_358_29_g850/CI                                                   +0    1215   
sub_358_29_g850/CO                 ADDFX1LVT          1  0.8   10   +34    1249 F 
sub_358_29_g849/CI                                                   +0    1249   
sub_358_29_g849/CO                 ADDFX1LVT          1  0.8   10   +34    1284 F 
sub_358_29_g848/CI                                                   +0    1284   
sub_358_29_g848/CO                 ADDFX1LVT          1  0.8   10   +34    1318 F 
sub_358_29_g847/CI                                                   +0    1318   
sub_358_29_g847/CO                 ADDFX1LVT          1  0.8   10   +34    1352 F 
sub_358_29_g846/CI                                                   +0    1352   
sub_358_29_g846/CO                 ADDFX1LVT          1  0.8   10   +34    1386 F 
sub_358_29_g845/CI                                                   +0    1386   
sub_358_29_g845/CO                 ADDFX1LVT          1  0.8   10   +34    1420 F 
sub_358_29_g844/CI                                                   +0    1420   
sub_358_29_g844/CO                 ADDFX1LVT          1  0.8   10   +34    1454 F 
sub_358_29_g843/CI                                                   +0    1454   
sub_358_29_g843/CO                 ADDFX1LVT          1  0.8   10   +34    1488 F 
sub_358_29_g842/CI                                                   +0    1488   
sub_358_29_g842/CO                 ADDFX1LVT          1  0.8   10   +34    1522 F 
sub_358_29_g841/CI                                                   +0    1522   
sub_358_29_g841/CO                 ADDFX1LVT          1  0.8   10   +34    1556 F 
sub_358_29_g840/CI                                                   +0    1556   
sub_358_29_g840/CO                 ADDFX1LVT          1  0.8   10   +34    1590 F 
sub_358_29_g839/CI                                                   +0    1590   
sub_358_29_g839/CO                 ADDFX1LVT          1  0.8   10   +34    1624 F 
sub_358_29_g838/CI                                                   +0    1624   
sub_358_29_g838/CO                 ADDFX1LVT          1  0.8   10   +34    1659 F 
sub_358_29_g837/CI                                                   +0    1659   
sub_358_29_g837/CO                 ADDFX1LVT          1  0.8   10   +34    1693 F 
sub_358_29_g836/CI                                                   +0    1693   
sub_358_29_g836/CO                 ADDFX1LVT          1  0.8   10   +34    1727 F 
sub_358_29_g835/CI                                                   +0    1727   
sub_358_29_g835/CO                 ADDFX1LVT          1  0.8   10   +34    1761 F 
sub_358_29_g834/CI                                                   +0    1761   
sub_358_29_g834/CO                 ADDFX1LVT          1  0.8   10   +34    1795 F 
sub_358_29_g833/CI                                                   +0    1795   
sub_358_29_g833/CO                 ADDFX1LVT          1  0.8   10   +34    1829 F 
sub_358_29_g832/CI                                                   +0    1829   
sub_358_29_g832/CO                 ADDFX1LVT          1  0.8   10   +34    1863 F 
sub_358_29_g831/CI                                                   +0    1863   
sub_358_29_g831/CO                 ADDFX1LVT          1  0.8   10   +34    1897 F 
sub_358_29_g830/CI                                                   +0    1897   
sub_358_29_g830/CO                 ADDFX1LVT          1  0.8   10   +34    1931 F 
sub_358_29_g829/CI                                                   +0    1931   
sub_358_29_g829/CO                 ADDFX1LVT          1  0.8   10   +34    1966 F 
sub_358_29_g828/CI                                                   +0    1966   
sub_358_29_g828/CO                 ADDFX1LVT          1  0.8   10   +34    2000 F 
sub_358_29_g827/CI                                                   +0    2000   
sub_358_29_g827/CO                 ADDFX1LVT          1  0.6    9   +34    2033 F 
sub_358_29_g826/B                                                    +0    2033   
sub_358_29_g826/Y                  XOR2XLLVT          2  0.8   10   +22    2055 R 
g37752__6131/B                                                       +0    2055   
g37752__6131/Y                     NAND2XLLVT         1  0.5   18   +12    2067 F 
g37679__4319/C0                                                      +0    2067   
g37679__4319/Y                     OAI211X1LVT        2  1.2   36   +12    2079 R 
reg1_reg[29]/SI               <<<  SDFFRHQX1LVT                      +0    2079   
reg1_reg[29]/CK                    setup                      100   +24    2103 R 
- - - - - - - - - - - - - - - - - - - - - - - - - - - - - - - - - - - - - - - - - 
(clock CLK)                        capture                                 2500 R 
                                   uncertainty                      -10    2490 R 
----------------------------------------------------------------------------------
Cost Group   : 'CLK' (path_group 'CLK')
Timing slack :     387ps 
Start-point  : datai[0]
End-point    : reg1_reg[29]/SI

