============================================================
  Generated by:           Genus(TM) Synthesis Solution 20.10-p001_1
  Generated on:           Nov 21 2024  09:53:14 pm
  Module:                 b14
  Technology library:     fast_vdd1v0 1.0
  Operating conditions:   PVT_1P1V_0C (balanced_tree)
  Wireload mode:          enclosed
  Area mode:              timing library
============================================================

          Pin                   Type       Fanout Load Slew Delay Arrival   
                                                  (fF) (ps)  (ps)   (ps)    
----------------------------------------------------------------------------
(clock CLK)                   launch                                    0 R 
IR_reg[31]/CK                                           100    +0       0 R 
IR_reg[31]/Q                  SDFFRHQX1        35 11.3   76  +107     107 F 
g21671/A                                                       +0     107   
g21671/Y                      INVX1            31  9.3   77   +61     168 R 
g21669__5107/B                                                 +0     168   
g21669__5107/Y                MX2X1             3  1.7   16   +50     219 R 
ADD_TC_OP_g567__1617/B                                         +0     219   
ADD_TC_OP_g567__1617/Y        AND2XL            3  1.1   16   +27     246 R 
ADD_TC_OP_g565__6783/B                                         +0     246   
ADD_TC_OP_g565__6783/Y        AND2XL            3  0.9   13   +26     272 R 
ADD_TC_OP_g563__8428/B                                         +0     272   
ADD_TC_OP_g563__8428/Y        AND2XL            3  1.1   16   +27     298 R 
ADD_TC_OP_g561__6260/B                                         +0     298   
ADD_TC_OP_g561__6260/Y        AND2XL            3  0.9   13   +26     324 R 
ADD_TC_OP_g559__2398/B                                         +0     324   
ADD_TC_OP_g559__2398/Y        AND2XL            3  1.1   16   +27     351 R 
ADD_TC_OP_g557__6417/B                                         +0     351   
ADD_TC_OP_g557__6417/Y        AND2XL            3  0.9   13   +26     377 R 
ADD_TC_OP_g555__1666/B                                         +0     377   
ADD_TC_OP_g555__1666/Y        AND2XL            3  0.9   13   +26     403 R 
ADD_TC_OP_g553__2883/B                                         +0     403   
ADD_TC_OP_g553__2883/Y        AND2XL            3  0.9   13   +26     428 R 
ADD_TC_OP_g551__9315/B                                         +0     428   
ADD_TC_OP_g551__9315/Y        AND2XL            3  0.9   13   +26     454 R 
ADD_TC_OP_g549__4733/B                                         +0     454   
ADD_TC_OP_g549__4733/Y        AND2XL            3  0.9   13   +26     479 R 
ADD_TC_OP_g547__5115/B                                         +0     479   
ADD_TC_OP_g547__5115/Y        AND2XL            3  0.9   13   +26     505 R 
ADD_TC_OP_g545__6131/B                                         +0     505   
ADD_TC_OP_g545__6131/Y        AND2XL            3  0.9   13   +26     530 R 
ADD_TC_OP_g543__8246/B                                         +0     530   
ADD_TC_OP_g543__8246/Y        AND2XL            3  0.9   13   +26     556 R 
ADD_TC_OP_g541__1705/B                                         +0     556   
ADD_TC_OP_g541__1705/Y        AND2XL            3  0.9   13   +26     581 R 
ADD_TC_OP_g539__1617/B                                         +0     581   
ADD_TC_OP_g539__1617/Y        AND2XL            3  0.9   13   +26     607 R 
ADD_TC_OP_g537__6783/B                                         +0     607   
ADD_TC_OP_g537__6783/Y        AND2XL            3  0.9   13   +26     632 R 
ADD_TC_OP_g535__8428/B                                         +0     632   
ADD_TC_OP_g535__8428/Y        AND2XL            3  1.1   16   +27     659 R 
ADD_TC_OP_g533__6260/B                                         +0     659   
ADD_TC_OP_g533__6260/Y        AND2XL            3  1.1   16   +27     686 R 
ADD_TC_OP_g531__2398/B                                         +0     686   
ADD_TC_OP_g531__2398/Y        AND2XL            3  0.9   13   +26     712 R 
ADD_TC_OP_g529__6417/B                                         +0     712   
ADD_TC_OP_g529__6417/Y        AND2XL            3  1.1   16   +27     739 R 
ADD_TC_OP_g527__1666/B                                         +0     739   
ADD_TC_OP_g527__1666/Y        AND2XL            3  0.9   13   +26     765 R 
ADD_TC_OP_g525__2883/B                                         +0     765   
ADD_TC_OP_g525__2883/Y        AND2XL            3  1.1   16   +27     791 R 
ADD_TC_OP_g523__9315/B                                         +0     791   
ADD_TC_OP_g523__9315/Y        AND2XL            3  1.1   16   +27     818 R 
ADD_TC_OP_g521__4733/B                                         +0     818   
ADD_TC_OP_g521__4733/Y        AND2XL            3  1.1   16   +27     846 R 
ADD_TC_OP_g519__5115/B                                         +0     846   
ADD_TC_OP_g519__5115/Y        AND2XL            3  0.9   13   +26     872 R 
ADD_TC_OP_g517__6131/B                                         +0     872   
ADD_TC_OP_g517__6131/Y        AND2XL            3  1.1   16   +27     898 R 
ADD_TC_OP_g515__8246/B                                         +0     898   
ADD_TC_OP_g515__8246/Y        AND2XL            3  1.1   16   +27     925 R 
ADD_TC_OP_g513__1705/B                                         +0     925   
ADD_TC_OP_g513__1705/Y        AND2XL            3  0.9   13   +26     951 R 
ADD_TC_OP_g510__3680/A1N                                       +0     951   
ADD_TC_OP_g510__3680/Y        AOI2BB1X1        36 17.2  224  +141    1092 R 
g25349__1705/A1                                                +0    1092   
g25349__1705/Y                OAI21XL           1  0.4   28   +81    1173 F 
g25303__6260/A                                                 +0    1173   
g25303__6260/Y                NAND2X1           2  1.0   16   +18    1191 R 
g25299__6417/B                                                 +0    1191   
g25299__6417/Y                NAND2X1           2  0.9   19   +18    1209 F 
g25235__2883/B                                                 +0    1209   
g25235__2883/Y                XNOR2X1           4  1.6   15   +40    1249 R 
g25230__6161/B                                                 +0    1249   
g25230__6161/Y                NOR2X1           32 12.3   90   +53    1302 F 
g25195__6131/A1                                                +0    1302   
g25195__6131/Y                AOI22X1           1  0.5   28   +44    1346 R 
g25152__2398/A                                                 +0    1346   
g25152__2398/Y                NAND2X1          10  3.4   50   +40    1386 F 
sub_358_29_g857/B                                              +0    1386   
sub_358_29_g857/Y             OR2XL             2  1.1   15   +33    1419 F 
sub_358_29_g854/CI                                             +0    1419   
sub_358_29_g854/CO            ADDFX1            1  0.7   12   +44    1463 F 
sub_358_29_g853/CI                                             +0    1463   
sub_358_29_g853/CO            ADDFX1            1  0.7   12   +43    1506 F 
sub_358_29_g852/CI                                             +0    1506   
sub_358_29_g852/CO            ADDFX1            1  0.7   13   +43    1550 F 
sub_358_29_g851/CI                                             +0    1550   
sub_358_29_g851/CO            ADDFX1            1  0.7   13   +44    1594 F 
sub_358_29_g850/CI                                             +0    1594   
sub_358_29_g850/CO            ADDFX1            1  0.7   13   +44    1637 F 
sub_358_29_g849/CI                                             +0    1637   
sub_358_29_g849/CO            ADDFX1            1  0.7   13   +44    1681 F 
sub_358_29_g848/CI                                             +0    1681   
sub_358_29_g848/CO            ADDFX1            1  0.7   13   +44    1724 F 
sub_358_29_g847/CI                                             +0    1724   
sub_358_29_g847/CO            ADDFX1            1  0.7   13   +44    1768 F 
sub_358_29_g846/CI                                             +0    1768   
sub_358_29_g846/CO            ADDFX1            1  0.7   13   +44    1812 F 
sub_358_29_g845/CI                                             +0    1812   
sub_358_29_g845/CO            ADDFX1            1  0.7   13   +44    1855 F 
sub_358_29_g844/CI                                             +0    1855   
sub_358_29_g844/CO            ADDFX1            1  0.7   13   +44    1899 F 
sub_358_29_g843/CI                                             +0    1899   
sub_358_29_g843/CO            ADDFX1            1  0.7   13   +44    1942 F 
sub_358_29_g842/CI                                             +0    1942   
sub_358_29_g842/CO            ADDFX1            1  0.7   13   +44    1986 F 
sub_358_29_g841/CI                                             +0    1986   
sub_358_29_g841/CO            ADDFX1            1  0.7   13   +44    2030 F 
sub_358_29_g840/CI                                             +0    2030   
sub_358_29_g840/CO            ADDFX1            1  0.7   13   +44    2073 F 
sub_358_29_g839/CI                                             +0    2073   
sub_358_29_g839/CO            ADDFX1            1  0.7   13   +44    2117 F 
sub_358_29_g838/CI                                             +0    2117   
sub_358_29_g838/CO            ADDFX1            1  0.7   13   +44    2160 F 
sub_358_29_g837/CI                                             +0    2160   
sub_358_29_g837/CO            ADDFX1            1  0.7   13   +44    2204 F 
sub_358_29_g836/CI                                             +0    2204   
sub_358_29_g836/CO            ADDFX1            1  0.7   13   +44    2248 F 
sub_358_29_g835/CI                                             +0    2248   
sub_358_29_g835/CO            ADDFX1            1  0.7   13   +44    2291 F 
sub_358_29_g834/CI                                             +0    2291   
sub_358_29_g834/CO            ADDFX1            1  0.7   13   +44    2335 F 
sub_358_29_g833/CI                                             +0    2335   
sub_358_29_g833/CO            ADDFX1            1  0.7   13   +44    2378 F 
sub_358_29_g832/CI                                             +0    2378   
sub_358_29_g832/CO            ADDFX1            1  0.7   13   +44    2422 F 
sub_358_29_g831/CI                                             +0    2422   
sub_358_29_g831/CO            ADDFX1            1  0.7   13   +44    2466 F 
sub_358_29_g830/CI                                             +0    2466   
sub_358_29_g830/CO            ADDFX1            1  0.7   13   +44    2509 F 
sub_358_29_g829/CI                                             +0    2509   
sub_358_29_g829/CO            ADDFX1            1  0.7   13   +44    2553 F 
sub_358_29_g828/CI                                             +0    2553   
sub_358_29_g828/CO            ADDFX1            1  0.7   13   +44    2596 F 
sub_358_29_g827/CI                                             +0    2596   
sub_358_29_g827/S             ADDFX1            3  1.0   14   +53    2649 F 
g37512__5477/B1                                                +0    2649   
g37512__5477/Y                AOI222X1          1  0.5   47   +39    2688 R 
g37459__8428/C0                                                +0    2688   
g37459__8428/Y                OAI221X1          1  0.4   38   +42    2730 F 
g37395__7410/C0                                                +0    2730   
g37395__7410/Y                AOI221X1          1  0.3   33   +32    2763 R 
g37386/A                                                       +0    2763   
g37386/Y                      INVXL             1  0.4   11   +17    2780 F 
reg3_reg[28]/D           <<<  DFFRHQX1                         +0    2780   
reg3_reg[28]/CK               setup                     100    -4    2776 R 
- - - - - - - - - - - - - - - - - - - - - - - - - - - - - - - - - - - - - - 
(clock CLK)                   capture                               10000 R 
                              uncertainty                     -10    9990 R 
----------------------------------------------------------------------------
Cost Group   : 'CLK' (path_group 'CLK')
Timing slack :    7214ps 
Start-point  : IR_reg[31]/CK
End-point    : reg3_reg[28]/D

