============================================================
  Generated by:           Genus(TM) Synthesis Solution 20.10-p001_1
  Generated on:           Nov 21 2024  10:04:18 pm
  Module:                 b14
  Technology library:     fast_vdd1v0 1.0
  Operating conditions:   PVT_1P1V_0C (balanced_tree)
  Wireload mode:          enclosed
  Area mode:              timing library
============================================================

         Pin                  Type       Fanout Load Slew Delay Arrival   
                                                (fF) (ps)  (ps)   (ps)    
--------------------------------------------------------------------------
(clock CLK)                 launch                                    0 R 
IR_reg[31]/CK                                         100    +0       0 R 
IR_reg[31]/Q                DFFRX1HVT        34  7.5   82  +149     149 R 
g21669__5107/A                                               +0     149   
g21669__5107/Y              MX2X1HVT          3  1.3   19   +72     222 R 
ADD_TC_OP_g566__8428/B                                       +0     222   
ADD_TC_OP_g566__8428/Y      AND2XLHVT         3  0.6   14   +34     256 R 
ADD_TC_OP_g564__6260/B                                       +0     256   
ADD_TC_OP_g564__6260/Y      AND2XLHVT         3  0.6   14   +33     289 R 
ADD_TC_OP_g562__2398/B                                       +0     289   
ADD_TC_OP_g562__2398/Y      AND2XLHVT         3  0.6   14   +33     322 R 
ADD_TC_OP_g560__6417/B                                       +0     322   
ADD_TC_OP_g560__6417/Y      AND2XLHVT         3  0.6   14   +33     354 R 
ADD_TC_OP_g558__1666/B                                       +0     354   
ADD_TC_OP_g558__1666/Y      AND2XLHVT         3  0.6   14   +33     387 R 
ADD_TC_OP_g556__2883/B                                       +0     387   
ADD_TC_OP_g556__2883/Y      AND2XLHVT         3  0.6   14   +33     420 R 
ADD_TC_OP_g554__9315/B                                       +0     420   
ADD_TC_OP_g554__9315/Y      AND2XLHVT         3  0.6   14   +33     453 R 
ADD_TC_OP_g552__4733/B                                       +0     453   
ADD_TC_OP_g552__4733/Y      AND2XLHVT         3  0.6   14   +33     486 R 
ADD_TC_OP_g550__5115/B                                       +0     486   
ADD_TC_OP_g550__5115/Y      AND2XLHVT         3  0.6   14   +33     519 R 
ADD_TC_OP_g548__6131/B                                       +0     519   
ADD_TC_OP_g548__6131/Y      AND2XLHVT         3  0.6   14   +33     552 R 
ADD_TC_OP_g546__8246/B                                       +0     552   
ADD_TC_OP_g546__8246/Y      AND2XLHVT         3  0.6   14   +33     585 R 
ADD_TC_OP_g544__1705/B                                       +0     585   
ADD_TC_OP_g544__1705/Y      AND2XLHVT         3  0.6   14   +33     618 R 
ADD_TC_OP_g542__1617/B                                       +0     618   
ADD_TC_OP_g542__1617/Y      AND2XLHVT         3  0.6   14   +33     651 R 
ADD_TC_OP_g540__6783/B                                       +0     651   
ADD_TC_OP_g540__6783/Y      AND2XLHVT         3  0.6   14   +33     684 R 
ADD_TC_OP_g538__8428/B                                       +0     684   
ADD_TC_OP_g538__8428/Y      AND2XLHVT         3  0.6   14   +33     716 R 
ADD_TC_OP_g536__6260/B                                       +0     716   
ADD_TC_OP_g536__6260/Y      AND2XLHVT         3  0.6   14   +33     749 R 
ADD_TC_OP_g534__2398/B                                       +0     749   
ADD_TC_OP_g534__2398/Y      AND2XLHVT         3  0.6   14   +33     782 R 
ADD_TC_OP_g532__6417/B                                       +0     782   
ADD_TC_OP_g532__6417/Y      AND2XLHVT         3  0.6   14   +33     815 R 
ADD_TC_OP_g530__1666/B                                       +0     815   
ADD_TC_OP_g530__1666/Y      AND2XLHVT         3  0.6   14   +33     848 R 
ADD_TC_OP_g528__2883/B                                       +0     848   
ADD_TC_OP_g528__2883/Y      AND2XLHVT         3  0.6   14   +33     881 R 
ADD_TC_OP_g526__9315/B                                       +0     881   
ADD_TC_OP_g526__9315/Y      AND2XLHVT         3  0.6   14   +33     914 R 
ADD_TC_OP_g524__4733/B                                       +0     914   
ADD_TC_OP_g524__4733/Y      AND2XLHVT         3  0.6   14   +33     947 R 
ADD_TC_OP_g522__5115/B                                       +0     947   
ADD_TC_OP_g522__5115/Y      AND2XLHVT         3  0.6   14   +33     980 R 
ADD_TC_OP_g520__6131/B                                       +0     980   
ADD_TC_OP_g520__6131/Y      AND2XLHVT         3  0.8   18   +35    1014 R 
ADD_TC_OP_g518__8246/B                                       +0    1014   
ADD_TC_OP_g518__8246/Y      AND2XLHVT         3  0.6   14   +34    1048 R 
ADD_TC_OP_g516__1705/B                                       +0    1048   
ADD_TC_OP_g516__1705/Y      AND2XLHVT         3  0.6   14   +33    1081 R 
ADD_TC_OP_g514__1617/B                                       +0    1081   
ADD_TC_OP_g514__1617/Y      AND2XLHVT         3  0.8   18   +35    1116 R 
ADD_TC_OP_g512__6783/B                                       +0    1116   
ADD_TC_OP_g512__6783/Y      AND2XLHVT         2  0.9   20   +37    1152 R 
ADD_TC_OP_g510__8428/B                                       +0    1152   
ADD_TC_OP_g510__8428/S      ADDHX1HVT        36 13.6  139  +123    1276 F 
g25353__2802/A1                                              +0    1276   
g25353__2802/Y              OAI21XLHVT        1  0.2   35   +76    1351 R 
g25306__6260/A                                               +0    1351   
g25306__6260/Y              NAND2XLHVT        2  0.4   23   +32    1383 F 
g25302__6417/B                                               +0    1383   
g25302__6417/Y              NAND2XLHVT        2  0.7   20   +22    1404 R 
g25237__2883/B                                               +0    1404   
g25237__2883/Y              XOR2XLHVT         4  1.0   22   +41    1446 R 
g25230__7482/B                                               +0    1446   
g25230__7482/Y              OR2X1HVT         28 11.0  117   +86    1532 R 
g25227/A                                                     +0    1532   
g25227/Y                    INVXLHVT          3  0.6   27   +61    1593 F 
g25196__7098/A1                                              +0    1593   
g25196__7098/Y              AOI22XLHVT        1  0.4   36   +38    1631 R 
g25154__2398/B                                               +0    1631   
g25154__2398/Y              NAND2X1HVT       11  3.2   72   +58    1689 F 
sub_358_29_g857/B                                            +0    1689   
sub_358_29_g857/Y           OR2XLHVT          2  1.0   20   +51    1740 F 
sub_358_29_g854/CI                                           +0    1740   
sub_358_29_g854/CO          ADDFX1HVT         1  0.6   15   +60    1800 F 
sub_358_29_g853/CI                                           +0    1800   
sub_358_29_g853/CO          ADDFX1HVT         1  0.6   15   +59    1859 F 
sub_358_29_g852/CI                                           +0    1859   
sub_358_29_g852/CO          ADDFX1HVT         1  0.6   15   +59    1918 F 
sub_358_29_g851/CI                                           +0    1918   
sub_358_29_g851/CO          ADDFX1HVT         1  0.6   15   +59    1978 F 
sub_358_29_g850/CI                                           +0    1978   
sub_358_29_g850/CO          ADDFX1HVT         1  0.6   15   +59    2037 F 
sub_358_29_g849/CI                                           +0    2037   
sub_358_29_g849/CO          ADDFX1HVT         1  0.6   15   +59    2096 F 
sub_358_29_g848/CI                                           +0    2096   
sub_358_29_g848/CO          ADDFX1HVT         1  0.6   15   +59    2155 F 
sub_358_29_g847/CI                                           +0    2155   
sub_358_29_g847/CO          ADDFX1HVT         1  0.6   15   +59    2214 F 
sub_358_29_g846/CI                                           +0    2214   
sub_358_29_g846/CO          ADDFX1HVT         1  0.6   15   +59    2273 F 
sub_358_29_g845/CI                                           +0    2273   
sub_358_29_g845/CO          ADDFX1HVT         1  0.6   15   +59    2332 F 
sub_358_29_g844/CI                                           +0    2332   
sub_358_29_g844/CO          ADDFX1HVT         1  0.6   15   +59    2391 F 
sub_358_29_g843/CI                                           +0    2391   
sub_358_29_g843/CO          ADDFX1HVT         1  0.6   15   +59    2451 F 
sub_358_29_g842/CI                                           +0    2451   
sub_358_29_g842/CO          ADDFX1HVT         1  0.6   15   +59    2510 F 
sub_358_29_g841/CI                                           +0    2510   
sub_358_29_g841/CO          ADDFX1HVT         1  0.6   15   +59    2569 F 
sub_358_29_g840/CI                                           +0    2569   
sub_358_29_g840/CO          ADDFX1HVT         1  0.6   15   +59    2628 F 
sub_358_29_g839/CI                                           +0    2628   
sub_358_29_g839/CO          ADDFX1HVT         1  0.6   15   +59    2687 F 
sub_358_29_g838/CI                                           +0    2687   
sub_358_29_g838/CO          ADDFX1HVT         1  0.6   15   +59    2746 F 
sub_358_29_g837/CI                                           +0    2746   
sub_358_29_g837/CO          ADDFX1HVT         1  0.6   15   +59    2806 F 
sub_358_29_g836/CI                                           +0    2806   
sub_358_29_g836/CO          ADDFX1HVT         1  0.6   15   +59    2865 F 
sub_358_29_g835/CI                                           +0    2865   
sub_358_29_g835/CO          ADDFX1HVT         1  0.6   15   +59    2924 F 
sub_358_29_g834/CI                                           +0    2924   
sub_358_29_g834/CO          ADDFX1HVT         1  0.6   15   +59    2983 F 
sub_358_29_g833/CI                                           +0    2983   
sub_358_29_g833/CO          ADDFX1HVT         1  0.6   15   +59    3042 F 
sub_358_29_g832/CI                                           +0    3042   
sub_358_29_g832/CO          ADDFX1HVT         1  0.6   15   +59    3101 F 
sub_358_29_g831/CI                                           +0    3101   
sub_358_29_g831/CO          ADDFX1HVT         1  0.6   15   +59    3160 F 
sub_358_29_g830/CI                                           +0    3160   
sub_358_29_g830/CO          ADDFX1HVT         1  0.6   15   +59    3219 F 
sub_358_29_g829/CI                                           +0    3219   
sub_358_29_g829/CO          ADDFX1HVT         1  0.6   15   +59    3278 F 
sub_358_29_g828/CI                                           +0    3278   
sub_358_29_g828/CO          ADDFX1HVT         1  0.6   15   +59    3338 F 
sub_358_29_g827/CI                                           +0    3338   
sub_358_29_g827/S           ADDFX1HVT         3  0.8   17   +72    3410 F 
g37512__7410/B1                                              +0    3410   
g37512__7410/Y              AOI222X1HVT       1  0.4   57   +53    3463 R 
g37459__6260/C0                                              +0    3463   
g37459__6260/Y              OAI221X1HVT       1  0.4   48   +60    3523 F 
g37395__2346/C0                                              +0    3523   
g37395__2346/Y              AOI221X1HVT       1  0.2   43   +47    3570 R 
g37386/A                                                     +0    3570   
g37386/Y                    INVXLHVT          1  0.3   12   +25    3595 F 
reg3_reg[28]/D         <<<  DFFRHQX1HVT                      +0    3595   
reg3_reg[28]/CK             setup                     100    -7    3588 R 
- - - - - - - - - - - - - - - - - - - - - - - - - - - - - - - - - - - - - 
(clock CLK)                 capture                               10000 R 
                            uncertainty                     -10    9990 R 
--------------------------------------------------------------------------
Cost Group   : 'CLK' (path_group 'CLK')
Timing slack :    6402ps 
Start-point  : IR_reg[31]/CK
End-point    : reg3_reg[28]/D

