============================================================
  Generated by:           Genus(TM) Synthesis Solution 20.10-p001_1
  Generated on:           Nov 21 2024  10:16:08 pm
  Module:                 b14
  Technology library:     slow_vdd1v0 1.0
  Operating conditions:   PVT_0P9V_125C (balanced_tree)
  Wireload mode:          enclosed
  Area mode:              timing library
============================================================

          Pin                    Type       Fanout Load Slew Delay Arrival   
                                                   (fF) (ps)  (ps)   (ps)    
-----------------------------------------------------------------------------
(clock CLK)                   launch                                     0 R 
IR_reg[31]/CK                                            100    +0       0 R 
IR_reg[31]/Q                  SDFFRHQX1HVT      11  3.4  116  +460     460 R 
g23508__7482/B                                                  +0     460   
g23508__7482/Y                CLKXOR2X1HVT       3  1.3   64  +284     743 R 
ADD_TC_OP_g1513__6161/B                                         +0     743   
ADD_TC_OP_g1513__6161/Y       NAND2X1HVT         2  0.5  111  +117     860 F 
ADD_TC_OP_g1537__4319/AN                                        +0     860   
ADD_TC_OP_g1537__4319/Y       NAND2BX1HVT        3  0.7  135  +197    1057 F 
g40600/AN                                                       +0    1057   
g40600/Y                      NAND3BX1HVT        3  0.7  232  +309    1366 F 
g40599/C                                                        +0    1366   
g40599/Y                      OR3X1HVT           3  0.8   66  +305    1670 F 
ADD_TC_OP_g1489__6417/B                                         +0    1670   
ADD_TC_OP_g1489__6417/Y       OR2X1HVT           4  1.0   71  +164    1834 F 
ADD_TC_OP_g1474__7098/D                                         +0    1834   
ADD_TC_OP_g1474__7098/Y       OR4X1HVT           5  1.2   90  +312    2146 F 
ADD_TC_OP_g1467__5122/B                                         +0    2146   
ADD_TC_OP_g1467__5122/Y       OR2XLHVT           2  0.7   81  +163    2309 F 
ADD_TC_OP_g1455__3680/B                                         +0    2309   
ADD_TC_OP_g1455__3680/Y       XNOR2X4HVT        35 11.2  174  +389    2698 R 
g40523/A                                                        +0    2698   
g40523/Y                      INVX2HVT          29  8.6  247  +239    2937 F 
g26698__6783/A                                                  +0    2937   
g26698__6783/Y                AND2X1HVT         14  4.3  214  +295    3232 F 
g26696/A                                                        +0    3232   
g26696/Y                      INVX2HVT          24  5.8  133  +187    3419 R 
g26657__7410/S0                                                 +0    3419   
g26657__7410/Y                MX2X1HVT          11  3.1  166  +317    3736 F 
sub_358_29_g1286/AN                                             +0    3736   
sub_358_29_g1286/Y            NAND2BX1HVT        2  0.5  112  +214    3949 F 
sub_358_29_g1217/B0                                             +0    3949   
sub_358_29_g1217/Y            OAI21X1HVT         2  0.5   80   +96    4045 R 
sub_358_29_g1209/A1N                                            +0    4045   
sub_358_29_g1209/Y            OAI2BB1X1HVT       1  0.5   74  +224    4269 R 
sub_358_29_g1208/CI                                             +0    4269   
sub_358_29_g1208/CO           ADDFX1HVT          3  0.9   67  +326    4596 R 
sub_358_29_g1207/B1                                             +0    4596   
sub_358_29_g1207/Y            AOI221X1HVT        2  0.6  194  +164    4759 F 
sub_358_29_g1203/A1                                             +0    4759   
sub_358_29_g1203/Y            OAI21X1HVT         2  0.5   91  +176    4936 R 
sub_358_29_g1200/A1N                                            +0    4936   
sub_358_29_g1200/Y            OAI2BB1X1HVT       2  0.5   55  +231    5166 R 
sub_358_29_g1199/AN                                             +0    5166   
sub_358_29_g1199/Y            NOR2BX1HVT         2  0.5   68  +147    5314 R 
sub_358_29_g1196/B                                              +0    5314   
sub_358_29_g1196/Y            NAND2X1HVT         2  0.5  110  +119    5433 F 
sub_358_29_g1193/A2                                             +0    5433   
sub_358_29_g1193/Y            OAI31X1HVT         3  0.9  160  +177    5610 R 
sub_358_29_g1190/B                                              +0    5610   
sub_358_29_g1190/Y            NAND2X1HVT         2  0.6  124  +183    5793 F 
g40605/D                                                        +0    5793   
g40605/Y                      NOR4BBX1HVT        1  0.2  137  +152    5944 R 
sub_358_29_g1184/C0                                             +0    5944   
sub_358_29_g1184/Y            AOI211XLHVT        3  0.8  268  +168    6113 F 
sub_358_29_g1181/C                                              +0    6113   
sub_358_29_g1181/Y            OR3XLHVT           2  0.5   67  +294    6407 F 
sub_358_29_g1175/A2                                             +0    6407   
sub_358_29_g1175/Y            OAI31X1HVT         3  0.9  158  +153    6560 R 
sub_358_29_g1171/B                                              +0    6560   
sub_358_29_g1171/Y            NAND2X1HVT         2  0.4  105  +171    6730 F 
sub_358_29_g1170/B                                              +0    6730   
sub_358_29_g1170/Y            OR2XLHVT           1  0.3   48  +152    6883 F 
sub_358_29_g1165/C0                                             +0    6883   
sub_358_29_g1165/Y            OAI211X1HVT        3  0.7  108   +59    6942 R 
g40604/C                                                        +0    6942   
g40604/Y                      NAND3BXLHVT        1  0.3  218  +209    7151 F 
sub_358_29_g1160/C0                                             +0    7151   
sub_358_29_g1160/Y            OAI211X1HVT        1  0.5  100  +170    7321 R 
sub_358_29_g1155/CI                                             +0    7321   
sub_358_29_g1155/CO           ADDFX1HVT          1  0.5   56  +335    7656 R 
sub_358_29_g1154/CI                                             +0    7656   
sub_358_29_g1154/CO           ADDFX1HVT          1  0.5   55  +309    7965 R 
sub_358_29_g1153/CI                                             +0    7965   
sub_358_29_g1153/CO           ADDFX1HVT          1  0.3   50  +305    8270 R 
sub_358_29_g2/B                                                 +0    8270   
sub_358_29_g2/Y               CLKXOR2X1HVT       2  0.6   45  +234    8504 R 
g40240__9945/B                                                  +0    8504   
g40240__9945/Y                NAND2X1HVT         1  0.3   93   +93    8597 F 
g40125__8428/B                                                  +0    8597   
g40125__8428/Y                NAND3X1HVT         2  0.6   73   +92    8689 R 
reg1_reg[29]/SI          <<<  SDFFRHQX1HVT                      +0    8689   
reg1_reg[29]/CK               setup                      100  +337    9026 R 
- - - - - - - - - - - - - - - - - - - - - - - - - - - - - - - - - - - - - - -
(clock CLK)                   capture                                10000 R 
                              uncertainty                      -10    9990 R 
-----------------------------------------------------------------------------
Cost Group   : 'CLK' (path_group 'CLK')
Timing slack :     964ps 
Start-point  : IR_reg[31]/CK
End-point    : reg1_reg[29]/SI

