============================================================
  Generated by:           Genus(TM) Synthesis Solution 20.10-p001_1
  Generated on:           Nov 21 2024  10:28:14 pm
  Module:                 b14
  Technology library:     fast_vdd1v0 1.0
  Operating conditions:   PVT_1P1V_0C (balanced_tree)
  Wireload mode:          enclosed
  Area mode:              timing library
============================================================

            Pin                      Type       Fanout Load Slew Delay Arrival   
                                                       (fF) (ps)  (ps)   (ps)    
---------------------------------------------------------------------------------
(clock CLK)                        launch                                    0 R 
(constraint.sdc_line_12_31_1)      ext delay                     +1000    1000 R 
datai[0]                           in port           2  0.9  100    +0    1000 R 
g25254__5115/B                                                      +0    1000   
g25254__5115/Y                     MX2X1LVT         13  5.7   36   +51    1051 R 
sub_358_29_g857/B                                                   +0    1051   
sub_358_29_g857/Y                  NAND2BX1LVT       2  1.3   21   +20    1072 F 
sub_358_29_g854/CI                                                  +0    1072   
sub_358_29_g854/CO                 ADDFX1LVT         1  0.8   10   +36    1108 F 
sub_358_29_g853/CI                                                  +0    1108   
sub_358_29_g853/CO                 ADDFX1LVT         1  0.8   10   +34    1142 F 
sub_358_29_g852/CI                                                  +0    1142   
sub_358_29_g852/CO                 ADDFX1LVT         1  0.8   10   +34    1176 F 
sub_358_29_g851/CI                                                  +0    1176   
sub_358_29_g851/CO                 ADDFX1LVT         1  0.8   10   +34    1210 F 
sub_358_29_g850/CI                                                  +0    1210   
sub_358_29_g850/CO                 ADDFX1LVT         1  0.8   10   +34    1244 F 
sub_358_29_g849/CI                                                  +0    1244   
sub_358_29_g849/CO                 ADDFX1LVT         1  0.8   10   +34    1278 F 
sub_358_29_g848/CI                                                  +0    1278   
sub_358_29_g848/CO                 ADDFX1LVT         1  0.8   10   +34    1312 F 
sub_358_29_g847/CI                                                  +0    1312   
sub_358_29_g847/CO                 ADDFX1LVT         1  0.8   10   +34    1346 F 
sub_358_29_g846/CI                                                  +0    1346   
sub_358_29_g846/CO                 ADDFX1LVT         1  0.8   10   +34    1380 F 
sub_358_29_g845/CI                                                  +0    1380   
sub_358_29_g845/CO                 ADDFX1LVT         1  0.8   10   +34    1415 F 
sub_358_29_g844/CI                                                  +0    1415   
sub_358_29_g844/CO                 ADDFX1LVT         1  0.8   10   +34    1449 F 
sub_358_29_g843/CI                                                  +0    1449   
sub_358_29_g843/CO                 ADDFX1LVT         1  0.8   10   +34    1483 F 
sub_358_29_g842/CI                                                  +0    1483   
sub_358_29_g842/CO                 ADDFX1LVT         1  0.8   10   +34    1517 F 
sub_358_29_g841/CI                                                  +0    1517   
sub_358_29_g841/CO                 ADDFX1LVT         1  0.8   10   +34    1551 F 
sub_358_29_g840/CI                                                  +0    1551   
sub_358_29_g840/CO                 ADDFX1LVT         1  0.8   10   +34    1585 F 
sub_358_29_g839/CI                                                  +0    1585   
sub_358_29_g839/CO                 ADDFX1LVT         1  0.8   10   +34    1619 F 
sub_358_29_g838/CI                                                  +0    1619   
sub_358_29_g838/CO                 ADDFX1LVT         1  0.8   10   +34    1653 F 
sub_358_29_g837/CI                                                  +0    1653   
sub_358_29_g837/CO                 ADDFX1LVT         1  0.8   10   +34    1687 F 
sub_358_29_g836/CI                                                  +0    1687   
sub_358_29_g836/CO                 ADDFX1LVT         1  0.8   10   +34    1722 F 
sub_358_29_g835/CI                                                  +0    1722   
sub_358_29_g835/CO                 ADDFX1LVT         1  0.8   10   +34    1756 F 
sub_358_29_g834/CI                                                  +0    1756   
sub_358_29_g834/CO                 ADDFX1LVT         1  0.8   10   +34    1790 F 
sub_358_29_g833/CI                                                  +0    1790   
sub_358_29_g833/CO                 ADDFX1LVT         1  0.8   10   +34    1824 F 
sub_358_29_g832/CI                                                  +0    1824   
sub_358_29_g832/CO                 ADDFX1LVT         1  0.8   10   +34    1858 F 
sub_358_29_g831/CI                                                  +0    1858   
sub_358_29_g831/CO                 ADDFX1LVT         1  0.8   10   +34    1892 F 
sub_358_29_g830/CI                                                  +0    1892   
sub_358_29_g830/CO                 ADDFX1LVT         1  0.8   10   +34    1926 F 
sub_358_29_g829/CI                                                  +0    1926   
sub_358_29_g829/CO                 ADDFX1LVT         1  0.8   10   +34    1960 F 
sub_358_29_g828/CI                                                  +0    1960   
sub_358_29_g828/CO                 ADDFX1LVT         1  0.8   10   +34    1994 F 
sub_358_29_g827/CI                                                  +0    1994   
sub_358_29_g827/S                  ADDFX1LVT         3  1.2   13   +42    2036 F 
g37438__7482/C1                                                     +0    2036   
g37438__7482/Y                     AOI222X1LVT       1  0.5   42   +22    2058 R 
g37395__6260/C0                                                     +0    2058   
g37395__6260/Y                     OAI211X1LVT       1  0.4   27   +26    2085 F 
g37322__7098/C0                                                     +0    2085   
g37322__7098/Y                     AOI221X1LVT       1  0.3   29   +23    2107 R 
g37291/A                                                            +0    2107   
g37291/Y                           INVXLLVT          1  0.4    9   +12    2119 F 
reg2_reg[28]/D                <<<  DFFRHQX1LVT                      +0    2119   
reg2_reg[28]/CK                    setup                     100    -1    2118 R 
- - - - - - - - - - - - - - - - - - - - - - - - - - - - - - - - - - - - - - - - -
(clock CLK)                        capture                               10000 R 
                                   uncertainty                     -10    9990 R 
---------------------------------------------------------------------------------
Cost Group   : 'CLK' (path_group 'CLK')
Timing slack :    7872ps 
Start-point  : datai[0]
End-point    : reg2_reg[28]/D

