============================================================
  Generated by:           Genus(TM) Synthesis Solution 20.10-p001_1
  Generated on:           Nov 21 2024  11:10:49 pm
  Module:                 b14
  Technology library:     fast_vdd1v0 1.0
  Operating conditions:   PVT_1P1V_0C (balanced_tree)
  Wireload mode:          enclosed
  Area mode:              timing library
============================================================

            Pin                      Type       Fanout Load Slew Delay Arrival   
                                                       (fF) (ps)  (ps)   (ps)    
---------------------------------------------------------------------------------
(clock CLK)                        launch                                    0 R 
(constraint.sdc_line_12_31_1)      ext delay                     +1000    1000 R 
datai[0]                           in port           2  0.8  100    +0    1000 R 
g24552__8246/B                                                      +0    1000   
g24552__8246/Y                     MX2X1            13  4.9   37   +67    1067 R 
lt_151_10_g35210/B                                                  +0    1067   
lt_151_10_g35210/Y                 NAND2BXL          3  1.4   37   +34    1101 F 
sub_358_29_g854/CI                                                  +0    1101   
sub_358_29_g854/CO                 ADDFX1            1  0.7   12   +49    1150 F 
sub_358_29_g853/CI                                                  +0    1150   
sub_358_29_g853/CO                 ADDFX1            1  0.7   12   +43    1193 F 
sub_358_29_g852/CI                                                  +0    1193   
sub_358_29_g852/CO                 ADDFX1            1  0.7   13   +43    1237 F 
sub_358_29_g851/CI                                                  +0    1237   
sub_358_29_g851/CO                 ADDFX1            1  0.7   12   +44    1280 F 
sub_358_29_g850/CI                                                  +0    1280   
sub_358_29_g850/CO                 ADDFX1            1  0.7   13   +43    1324 F 
sub_358_29_g849/CI                                                  +0    1324   
sub_358_29_g849/CO                 ADDFX1            1  0.7   12   +44    1367 F 
sub_358_29_g848/CI                                                  +0    1367   
sub_358_29_g848/CO                 ADDFX1            1  0.7   12   +43    1410 F 
sub_358_29_g847/CI                                                  +0    1410   
sub_358_29_g847/CO                 ADDFX1            1  0.7   12   +43    1454 F 
sub_358_29_g846/CI                                                  +0    1454   
sub_358_29_g846/CO                 ADDFX1            1  0.7   12   +43    1497 F 
sub_358_29_g845/CI                                                  +0    1497   
sub_358_29_g845/CO                 ADDFX1            1  0.7   12   +43    1541 F 
sub_358_29_g844/CI                                                  +0    1541   
sub_358_29_g844/CO                 ADDFX1            1  0.7   12   +43    1584 F 
sub_358_29_g843/CI                                                  +0    1584   
sub_358_29_g843/CO                 ADDFX1            1  0.7   12   +43    1628 F 
sub_358_29_g842/CI                                                  +0    1628   
sub_358_29_g842/CO                 ADDFX1            1  0.7   12   +43    1671 F 
sub_358_29_g841/CI                                                  +0    1671   
sub_358_29_g841/CO                 ADDFX1            1  0.7   12   +43    1714 F 
sub_358_29_g840/CI                                                  +0    1714   
sub_358_29_g840/CO                 ADDFX1            1  0.7   13   +43    1758 F 
sub_358_29_g839/CI                                                  +0    1758   
sub_358_29_g839/CO                 ADDFX1            1  0.7   12   +44    1801 F 
sub_358_29_g838/CI                                                  +0    1801   
sub_358_29_g838/CO                 ADDFX1            1  0.7   12   +43    1845 F 
sub_358_29_g837/CI                                                  +0    1845   
sub_358_29_g837/CO                 ADDFX1            1  0.7   12   +43    1888 F 
sub_358_29_g836/CI                                                  +0    1888   
sub_358_29_g836/CO                 ADDFX1            1  0.7   12   +43    1931 F 
sub_358_29_g835/CI                                                  +0    1931   
sub_358_29_g835/CO                 ADDFX1            1  0.7   12   +43    1975 F 
sub_358_29_g834/CI                                                  +0    1975   
sub_358_29_g834/CO                 ADDFX1            1  0.7   12   +43    2018 F 
sub_358_29_g833/CI                                                  +0    2018   
sub_358_29_g833/CO                 ADDFX1            1  0.7   12   +43    2062 F 
sub_358_29_g832/CI                                                  +0    2062   
sub_358_29_g832/CO                 ADDFX1            1  0.7   12   +43    2105 F 
sub_358_29_g831/CI                                                  +0    2105   
sub_358_29_g831/CO                 ADDFX1            1  0.7   12   +43    2148 F 
sub_358_29_g830/CI                                                  +0    2148   
sub_358_29_g830/CO                 ADDFX1            1  0.7   12   +43    2192 F 
sub_358_29_g829/CI                                                  +0    2192   
sub_358_29_g829/CO                 ADDFX1            1  0.7   12   +43    2235 F 
sub_358_29_g828/CI                                                  +0    2235   
sub_358_29_g828/CO                 ADDFX1            1  0.7   12   +43    2279 F 
sub_358_29_g827/CI                                                  +0    2279   
sub_358_29_g827/CO                 ADDFX1            1  0.5   11   +43    2321 F 
sub_358_29_g826/B                                                   +0    2321   
sub_358_29_g826/Y                  XOR2XL            2  1.0   15   +30    2351 R 
g34797__3680/B1                                                     +0    2351   
g34797__3680/Y                     AOI221X1          1  0.4   36   +20    2371 F 
g34758__5107/B0                                                     +0    2371   
g34758__5107/Y                     OAI2BB1X1         2  1.0   17   +20    2392 R 
reg1_reg[29]/D                <<<  SDFFRHQX1                        +0    2392   
reg1_reg[29]/CK                    setup                     100   +31    2422 R 
- - - - - - - - - - - - - - - - - - - - - - - - - - - - - - - - - - - - - - - - -
(clock CLK)                        capture                                2500 R 
                                   uncertainty                     -10    2490 R 
---------------------------------------------------------------------------------
Cost Group   : 'CLK' (path_group 'CLK')
Timing slack :      68ps 
Start-point  : datai[0]
End-point    : reg1_reg[29]/D

