============================================================
  Generated by:           Genus(TM) Synthesis Solution 20.10-p001_1
  Generated on:           Nov 21 2024  11:22:44 pm
  Module:                 b14
  Technology library:     fast_vdd1v0 1.0
  Operating conditions:   PVT_1P1V_0C (balanced_tree)
  Wireload mode:          enclosed
  Area mode:              timing library
============================================================

          Pin                    Type       Fanout Load Slew Delay Arrival   
                                                   (fF) (ps)  (ps)   (ps)    
-----------------------------------------------------------------------------
(clock CLK)                   launch                                     0 R 
IR_reg[31]/CK                                            100    +0       0 R 
IR_reg[31]/Q                  SDFFRHQX1HVT      32  7.6   82  +144     144 R 
g21557/A                                                        +0     144   
g21557/Y                      INVX1HVT          30  6.0   72   +72     217 F 
g21553__5477/A                                                  +0     217   
g21553__5477/Y                MXI2XLHVT          3  1.3   61   +68     284 R 
ADD_TC_OP_g1523__8428/AN                                        +0     284   
ADD_TC_OP_g1523__8428/Y       NOR2BX1HVT         2  0.7   26   +46     331 R 
ADD_TC_OP_g1520__6260/B                                         +0     331   
ADD_TC_OP_g1520__6260/Y       NAND2XLHVT         2  0.8   34   +33     364 F 
ADD_TC_OP_g1518__5107/B                                         +0     364   
ADD_TC_OP_g1518__5107/Y       NOR2BX1HVT         2  0.4   20   +27     390 R 
ADD_TC_OP_g1515__5477/B                                         +0     390   
ADD_TC_OP_g1515__5477/Y       NAND2BXLHVT        2  0.6   28   +27     417 F 
ADD_TC_OP_g1549__7410/AN                                        +0     417   
ADD_TC_OP_g1549__7410/Y       NAND2BX1HVT        3  1.0   30   +42     460 F 
ADD_TC_OP_g1509__2883/B                                         +0     460   
ADD_TC_OP_g1509__2883/Y       NOR2X1HVT          3  0.9   29   +30     490 R 
ADD_TC_OP_g1504__4733/B                                         +0     490   
ADD_TC_OP_g1504__4733/Y       NAND2BXLHVT        2  0.6   29   +31     521 F 
ADD_TC_OP_g1548__1666/AN                                        +0     521   
ADD_TC_OP_g1548__1666/Y       NAND2BX1HVT        3  0.8   26   +40     561 F 
ADD_TC_OP_g1492__5122/B                                         +0     561   
ADD_TC_OP_g1492__5122/Y       NOR2XLHVT          2  0.6   30   +30     591 R 
ADD_TC_OP_g1491/A                                               +0     591   
ADD_TC_OP_g1491/Y             INVX1HVT           2  0.8   14   +22     613 F 
ADD_TC_OP_g1485__6783/B                                         +0     613   
ADD_TC_OP_g1485__6783/Y       NOR2X1HVT          4  1.3   37   +29     641 R 
g35387/D                                                        +0     641   
g35387/Y                      NAND4BX1HVT        2  0.8   64   +54     695 F 
ADD_TC_OP_g1464__9315/S0                                        +0     695   
ADD_TC_OP_g1464__9315/Y       MXI2X1HVT         34 13.0  271  +180     876 R 
g24428__1666/A                                                  +0     876   
g24428__1666/Y                OR2X1HVT          36 13.4  142  +174    1049 R 
g24389__5115/S0                                                 +0    1049   
g24389__5115/Y                MX2X1HVT          11  3.8   44   +97    1146 F 
sub_358_29_g1278/A                                              +0    1146   
sub_358_29_g1278/Y            INVX1HVT           1  0.9   18   +27    1173 R 
sub_358_29_g1195/A                                              +0    1173   
sub_358_29_g1195/CO           ADDFX1HVT          1  0.6   13   +57    1230 R 
sub_358_29_g1194/CI                                             +0    1230   
sub_358_29_g1194/CO           ADDFX1HVT          1  0.6   13   +52    1282 R 
sub_358_29_g1193/CI                                             +0    1282   
sub_358_29_g1193/CO           ADDFX1HVT          3  0.9   16   +53    1335 R 
sub_358_29_g1192/C                                              +0    1335   
sub_358_29_g1192/Y            NAND3BXLHVT        1  0.4   36   +30    1366 F 
sub_358_29_g1191/C0                                             +0    1366   
sub_358_29_g1191/Y            OAI211X1HVT        1  0.6   34   +24    1390 R 
sub_358_29_g1187/CI                                             +0    1390   
sub_358_29_g1187/CO           ADDFX1HVT          1  0.6   13   +58    1448 R 
sub_358_29_g1186/CI                                             +0    1448   
sub_358_29_g1186/CO           ADDFX1HVT          2  0.7   14   +52    1500 R 
sub_358_29_g1185/B                                              +0    1500   
sub_358_29_g1185/Y            NAND2XLHVT         3  0.6   27   +24    1525 F 
sub_358_29_g1183/D                                              +0    1525   
sub_358_29_g1183/Y            OR4X1HVT           1  0.4   16   +79    1603 F 
sub_358_29_g1181/C0                                             +0    1603   
sub_358_29_g1181/Y            OAI211X1HVT        2  0.7   34   +17    1620 R 
sub_358_29_g1178/B                                              +0    1620   
sub_358_29_g1178/Y            NAND2XLHVT         3  0.6   29   +33    1653 F 
sub_358_29_g1177/D                                              +0    1653   
sub_358_29_g1177/Y            OR4X1HVT           1  0.4   16   +79    1732 F 
sub_358_29_g1172/C0                                             +0    1732   
sub_358_29_g1172/Y            OAI211X1HVT        3  0.9   38   +18    1750 R 
sub_358_29_g1168/C                                              +0    1750   
sub_358_29_g1168/Y            NAND3XLHVT         2  0.6   46   +45    1795 F 
sub_358_29_g1162/A1                                             +0    1795   
sub_358_29_g1162/Y            OAI221X1HVT        2  0.7   48   +49    1844 R 
sub_358_29_g1157/B                                              +0    1844   
sub_358_29_g1157/Y            NAND2XLHVT         3  0.6   31   +39    1883 F 
sub_358_29_g1155/D                                              +0    1883   
sub_358_29_g1155/Y            OR4X1HVT           1  0.4   16   +80    1963 F 
sub_358_29_g1152/C0                                             +0    1963   
sub_358_29_g1152/Y            OAI211X1HVT        2  0.7   34   +17    1980 R 
sub_358_29_g1149/B                                              +0    1980   
sub_358_29_g1149/Y            NAND2XLHVT         2  0.6   29   +33    2013 F 
sub_358_29_g1144/A1                                             +0    2013   
sub_358_29_g1144/Y            OAI221X1HVT        1  0.6   44   +41    2054 R 
sub_358_29_g1141/CI                                             +0    2054   
sub_358_29_g1141/CO           ADDFX1HVT          1  0.6   13   +62    2116 R 
sub_358_29_g1140/CI                                             +0    2116   
sub_358_29_g1140/CO           ADDFX1HVT          1  0.6   13   +52    2168 R 
sub_358_29_g1139/CI                                             +0    2168   
sub_358_29_g1139/CO           ADDFX1HVT          1  0.5   12   +51    2219 R 
sub_358_29_g1138/B                                              +0    2219   
sub_358_29_g1138/Y            XOR2XLHVT          2  0.6   14   +47    2266 F 
g34943__5122/B                                                  +0    2266   
g34943__5122/Y                NAND2XLHVT         1  0.4   22   +15    2280 R 
g34857__7482/C0                                                 +0    2280   
g34857__7482/Y                OAI211X1HVT        2  0.8   50   +44    2325 F 
reg0_reg[29]/SI          <<<  SDFFRHQX1HVT                      +0    2325   
reg0_reg[29]/CK               setup                      100   +30    2355 R 
- - - - - - - - - - - - - - - - - - - - - - - - - - - - - - - - - - - - - - -
(clock CLK)                   capture                                 2500 R 
                              uncertainty                      -10    2490 R 
-----------------------------------------------------------------------------
Cost Group   : 'CLK' (path_group 'CLK')
Timing slack :     135ps 
Start-point  : IR_reg[31]/CK
End-point    : reg0_reg[29]/SI

